[2025-12-21T04:53:16.142486] Processing 700 descriptions
[2025-12-21T04:53:16.143341] id=27: "CARCAÇA Bruto" -> "CARCAÇA - Bruto"
[2025-12-21T04:53:16.143603] id=28: "CARCAÇA Bruto" -> "CARCAÇA - Bruto"
[2025-12-21T04:53:16.143859] id=29: "CARCAÇA Bruto" -> "CARCAÇA - Bruto"
[2025-12-21T04:53:16.144193] id=30: "CARCAÇA Bruto" -> "CARCAÇA - Bruto"
[2025-12-21T04:53:16.144560] id=31: "CARCAÇA Bruto" -> "CARCAÇA - Bruto"
[2025-12-21T04:53:16.144825] id=32: "CARCAÇA Bruto" -> "CARCAÇA - Bruto"
[2025-12-21T04:53:16.145082] id=33: "CARCAÇA Bruto" -> "CARCAÇA - Bruto"
[2025-12-21T04:53:16.145406] id=34: "CARCAÇA Bruto" -> "CARCAÇA - Bruto"
[2025-12-21T04:53:16.145744] id=35: "CARCAÇA Bruto" -> "CARCAÇA - Bruto"
[2025-12-21T04:53:16.146002] id=36: "CARCAÇA Bruto" -> "CARCAÇA - Bruto"
[2025-12-21T04:53:16.147023] id=87: "TAMPA DA DIREÇÃO Bruto" -> "TAMPA DA DIREÇÃO - Bruto"
[2025-12-21T04:53:16.147368] id=88: "TAMPA DA DIREÇÃO Bruto" -> "TAMPA DA DIREÇÃO - Bruto"
[2025-12-21T04:53:16.147751] id=89: "TAMPA DA DIREÇÃO Bruto" -> "TAMPA DA DIREÇÃO - Bruto"
[2025-12-21T04:53:16.148445] id=90: "TAMPA DA DIREÇÃO Bruto" -> "TAMPA DA DIREÇÃO - Bruto"
[2025-12-21T04:53:16.148836] id=91: "TAMPA DA DIREÇÃO Bruto" -> "TAMPA DA DIREÇÃO - Bruto"
[2025-12-21T04:53:16.149329] id=92: "TAMPA DA DIREÇÃO Bruto" -> "TAMPA DA DIREÇÃO - Bruto"
[2025-12-21T04:53:16.149670] id=93: "TAMPA DA DIREÇÃO Bruto" -> "TAMPA DA DIREÇÃO - Bruto"
[2025-12-21T04:53:16.149998] id=94: "TAMPA DA DIREÇÃO Bruto" -> "TAMPA DA DIREÇÃO - Bruto"
[2025-12-21T04:53:16.150301] id=95: "TAMPA DA DIREÇÃO Bruto" -> "TAMPA DA DIREÇÃO - Bruto"
[2025-12-21T04:53:16.150658] id=96: "TAMPA DA DIREÇÃO Bruto" -> "TAMPA DA DIREÇÃO - Bruto"
[2025-12-21T04:53:16.151467] id=117: "TAMPA DA DIREÇÃO Bruto" -> "TAMPA DA DIREÇÃO - Bruto"
[2025-12-21T04:53:16.151749] id=118: "TAMPA DA DIREÇÃO Bruto" -> "TAMPA DA DIREÇÃO - Bruto"
[2025-12-21T04:53:16.152190] id=119: "TAMPA DA DIREÇÃO Bruto" -> "TAMPA DA DIREÇÃO - Bruto"
[2025-12-21T04:53:16.152513] id=120: "TAMPA DA DIREÇÃO Bruto" -> "TAMPA DA DIREÇÃO - Bruto"
[2025-12-21T04:53:16.152870] id=121: "TAMPA DA DIREÇÃO Bruto" -> "TAMPA DA DIREÇÃO - Bruto"
[2025-12-21T04:53:16.153230] id=122: "TAMPA DA DIREÇÃO Bruto" -> "TAMPA DA DIREÇÃO - Bruto"
[2025-12-21T04:53:16.153618] id=123: "TAMPA DA DIREÇÃO Bruto" -> "TAMPA DA DIREÇÃO - Bruto"
[2025-12-21T04:53:16.153965] id=124: "TAMPA DA DIREÇÃO Bruto" -> "TAMPA DA DIREÇÃO - Bruto"
[2025-12-21T04:53:16.154284] id=125: "TAMPA DA DIREÇÃO Bruto" -> "TAMPA DA DIREÇÃO - Bruto"
[2025-12-21T04:53:16.154550] id=126: "TAMPA DA DIREÇÃO Bruto" -> "TAMPA DA DIREÇÃO - Bruto"
[2025-12-21T04:53:16.155163] id=147: "TAMPA DA DIREÇÃO Bruto" -> "TAMPA DA DIREÇÃO - Bruto"
[2025-12-21T04:53:16.155402] id=148: "TAMPA DA DIREÇÃO Bruto" -> "TAMPA DA DIREÇÃO - Bruto"
[2025-12-21T04:53:16.155640] id=149: "TAMPA DA DIREÇÃO Bruto" -> "TAMPA DA DIREÇÃO - Bruto"
[2025-12-21T04:53:16.155887] id=150: "TAMPA DA DIREÇÃO Bruto" -> "TAMPA DA DIREÇÃO - Bruto"
[2025-12-21T04:53:16.156136] id=151: "TAMPA DA DIREÇÃO Bruto" -> "TAMPA DA DIREÇÃO - Bruto"
[2025-12-21T04:53:16.156428] id=152: "TAMPA DA DIREÇÃO Bruto" -> "TAMPA DA DIREÇÃO - Bruto"
[2025-12-21T04:53:16.156835] id=153: "TAMPA DA DIREÇÃO Bruto" -> "TAMPA DA DIREÇÃO - Bruto"
[2025-12-21T04:53:16.157247] id=154: "TAMPA DA DIREÇÃO Bruto" -> "TAMPA DA DIREÇÃO - Bruto"
[2025-12-21T04:53:16.157627] id=155: "TAMPA DA DIREÇÃO Bruto" -> "TAMPA DA DIREÇÃO - Bruto"
[2025-12-21T04:53:16.158041] id=156: "TAMPA DA DIREÇÃO Bruto" -> "TAMPA DA DIREÇÃO - Bruto"
[2025-12-21T04:53:16.159440] id=177: "EIXO SETOR Bruto" -> "EIXO SETOR - Bruto"
[2025-12-21T04:53:16.159834] id=178: "EIXO SETOR Bruto" -> "EIXO SETOR - Bruto"
[2025-12-21T04:53:16.160135] id=179: "EIXO SETOR Bruto" -> "EIXO SETOR - Bruto"
[2025-12-21T04:53:16.160412] id=180: "EIXO SETOR Bruto" -> "EIXO SETOR - Bruto"
[2025-12-21T04:53:16.160674] id=181: "EIXO SETOR Bruto" -> "EIXO SETOR - Bruto"
[2025-12-21T04:53:16.161013] id=182: "EIXO SETOR Bruto" -> "EIXO SETOR - Bruto"
[2025-12-21T04:53:16.161314] id=183: "EIXO SETOR Bruto" -> "EIXO SETOR - Bruto"
[2025-12-21T04:53:16.161571] id=184: "EIXO SETOR Bruto" -> "EIXO SETOR - Bruto"
[2025-12-21T04:53:16.161847] id=185: "EIXO SETOR Bruto" -> "EIXO SETOR - Bruto"
[2025-12-21T04:53:16.162159] id=186: "EIXO SETOR Bruto" -> "EIXO SETOR - Bruto"
[2025-12-21T04:53:16.162529] id=187: "EIXO SETOR Usinado" -> "EIXO SETOR - Usinado"
[2025-12-21T04:53:16.162968] id=188: "EIXO SETOR Usinado" -> "EIXO SETOR - Usinado"
[2025-12-21T04:53:16.163393] id=189: "EIXO SETOR Usinado" -> "EIXO SETOR - Usinado"
[2025-12-21T04:53:16.163720] id=190: "EIXO SETOR Usinado" -> "EIXO SETOR - Usinado"
[2025-12-21T04:53:16.164032] id=191: "EIXO SETOR Usinado" -> "EIXO SETOR - Usinado"
[2025-12-21T04:53:16.164384] id=192: "EIXO SETOR Usinado" -> "EIXO SETOR - Usinado"
[2025-12-21T04:53:16.164765] id=193: "EIXO SETOR Usinado" -> "EIXO SETOR - Usinado"
[2025-12-21T04:53:16.165126] id=194: "EIXO SETOR Usinado" -> "EIXO SETOR - Usinado"
[2025-12-21T04:53:16.165879] id=195: "EIXO SETOR Usinado" -> "EIXO SETOR - Usinado"
[2025-12-21T04:53:16.166145] id=196: "EIXO SETOR Usinado" -> "EIXO SETOR - Usinado"
[2025-12-21T04:53:16.166484] id=197: "EIXO SETOR Usinado" -> "EIXO SETOR - Usinado"
[2025-12-21T04:53:16.166790] id=198: "EIXO SETOR Usinado" -> "EIXO SETOR - Usinado"
[2025-12-21T04:53:16.167099] id=199: "EIXO SETOR Usinado" -> "EIXO SETOR - Usinado"
[2025-12-21T04:53:16.167962] id=200: "EIXO SETOR Usinado" -> "EIXO SETOR - Usinado"
[2025-12-21T04:53:16.168466] id=201: "EIXO SETOR Usinado" -> "EIXO SETOR - Usinado"
[2025-12-21T04:53:16.169067] id=202: "EIXO SETOR Usinado" -> "EIXO SETOR - Usinado"
[2025-12-21T04:53:16.169530] id=203: "EIXO SETOR Usinado" -> "EIXO SETOR - Usinado"
[2025-12-21T04:53:16.169831] id=204: "EIXO SETOR Usinado" -> "EIXO SETOR - Usinado"
[2025-12-21T04:53:16.170207] id=205: "EIXO SETOR Usinado" -> "EIXO SETOR - Usinado"
[2025-12-21T04:53:16.170517] id=206: "EIXO SETOR Usinado" -> "EIXO SETOR - Usinado"
[2025-12-21T04:53:16.170824] id=207: "VÁLVULA ROTATIVA Bruto" -> "VÁLVULA ROTATIVA - Bruto"
[2025-12-21T04:53:16.171188] id=208: "VÁLVULA ROTATIVA Bruto" -> "VÁLVULA ROTATIVA - Bruto"
[2025-12-21T04:53:16.171495] id=209: "VÁLVULA ROTATIVA Bruto" -> "VÁLVULA ROTATIVA - Bruto"
[2025-12-21T04:53:16.171765] id=210: "VÁLVULA ROTATIVA Bruto" -> "VÁLVULA ROTATIVA - Bruto"
[2025-12-21T04:53:16.172119] id=211: "VÁLVULA ROTATIVA Bruto" -> "VÁLVULA ROTATIVA - Bruto"
[2025-12-21T04:53:16.172501] id=212: "VÁLVULA ROTATIVA Bruto" -> "VÁLVULA ROTATIVA - Bruto"
[2025-12-21T04:53:16.172849] id=213: "VÁLVULA ROTATIVA Bruto" -> "VÁLVULA ROTATIVA - Bruto"
[2025-12-21T04:53:16.173152] id=214: "VÁLVULA ROTATIVA Bruto" -> "VÁLVULA ROTATIVA - Bruto"
[2025-12-21T04:53:16.173599] id=215: "VÁLVULA ROTATIVA Bruto" -> "VÁLVULA ROTATIVA - Bruto"
[2025-12-21T04:53:16.173911] id=216: "VÁLVULA ROTATIVA Bruto" -> "VÁLVULA ROTATIVA - Bruto"
[2025-12-21T04:53:16.174403] id=217: "VÁLVULA ROTATIVA Usinado" -> "VÁLVULA ROTATIVA - Usinado"
[2025-12-21T04:53:16.174667] id=218: "VÁLVULA ROTATIVA Usinado" -> "VÁLVULA ROTATIVA - Usinado"
[2025-12-21T04:53:16.174990] id=219: "VÁLVULA ROTATIVA Usinado" -> "VÁLVULA ROTATIVA - Usinado"
[2025-12-21T04:53:16.175272] id=220: "VÁLVULA ROTATIVA Usinado" -> "VÁLVULA ROTATIVA - Usinado"
[2025-12-21T04:53:16.175517] id=221: "VÁLVULA ROTATIVA Usinado" -> "VÁLVULA ROTATIVA - Usinado"
[2025-12-21T04:53:16.175907] id=222: "VÁLVULA ROTATIVA Usinado" -> "VÁLVULA ROTATIVA - Usinado"
[2025-12-21T04:53:16.176200] id=223: "VÁLVULA ROTATIVA Usinado" -> "VÁLVULA ROTATIVA - Usinado"
[2025-12-21T04:53:16.176468] id=224: "VÁLVULA ROTATIVA Usinado" -> "VÁLVULA ROTATIVA - Usinado"
[2025-12-21T04:53:16.176769] id=225: "VÁLVULA ROTATIVA Usinado" -> "VÁLVULA ROTATIVA - Usinado"
[2025-12-21T04:53:16.177139] id=226: "VÁLVULA ROTATIVA Usinado" -> "VÁLVULA ROTATIVA - Usinado"
[2025-12-21T04:53:16.177507] id=227: "VÁLVULA ROTATIVA Usinado" -> "VÁLVULA ROTATIVA - Usinado"
[2025-12-21T04:53:16.177878] id=228: "VÁLVULA ROTATIVA Usinado" -> "VÁLVULA ROTATIVA - Usinado"
[2025-12-21T04:53:16.178247] id=229: "VÁLVULA ROTATIVA Usinado" -> "VÁLVULA ROTATIVA - Usinado"
[2025-12-21T04:53:16.178610] id=230: "VÁLVULA ROTATIVA Usinado" -> "VÁLVULA ROTATIVA - Usinado"
[2025-12-21T04:53:16.179023] id=231: "VÁLVULA ROTATIVA Usinado" -> "VÁLVULA ROTATIVA - Usinado"
[2025-12-21T04:53:16.179451] id=232: "VÁLVULA ROTATIVA Usinado" -> "VÁLVULA ROTATIVA - Usinado"
[2025-12-21T04:53:16.179812] id=233: "VÁLVULA ROTATIVA Usinado" -> "VÁLVULA ROTATIVA - Usinado"
[2025-12-21T04:53:16.180125] id=234: "VÁLVULA ROTATIVA Usinado" -> "VÁLVULA ROTATIVA - Usinado"
[2025-12-21T04:53:16.180534] id=235: "VÁLVULA ROTATIVA Usinado" -> "VÁLVULA ROTATIVA - Usinado"
[2025-12-21T04:53:16.180841] id=236: "VÁLVULA ROTATIVA Usinado" -> "VÁLVULA ROTATIVA - Usinado"
[2025-12-21T04:53:16.181113] id=237: "PISTÃO Bruto" -> "PISTÃO - Bruto"
[2025-12-21T04:53:16.181384] id=238: "PISTÃO Bruto" -> "PISTÃO - Bruto"
[2025-12-21T04:53:16.181651] id=239: "PISTÃO Bruto" -> "PISTÃO - Bruto"
[2025-12-21T04:53:16.181924] id=240: "PISTÃO Bruto" -> "PISTÃO - Bruto"
[2025-12-21T04:53:16.182183] id=241: "PISTÃO Bruto" -> "PISTÃO - Bruto"
[2025-12-21T04:53:16.182444] id=242: "PISTÃO Bruto" -> "PISTÃO - Bruto"
[2025-12-21T04:53:16.182692] id=243: "PISTÃO Bruto" -> "PISTÃO - Bruto"
[2025-12-21T04:53:16.182947] id=244: "PISTÃO Bruto" -> "PISTÃO - Bruto"
[2025-12-21T04:53:16.183261] id=245: "PISTÃO Bruto" -> "PISTÃO - Bruto"
[2025-12-21T04:53:16.183621] id=246: "PISTÃO Bruto" -> "PISTÃO - Bruto"
[2025-12-21T04:53:16.183951] id=247: "PISTÃO Usinado" -> "PISTÃO - Usinado"
[2025-12-21T04:53:16.184217] id=248: "PISTÃO Usinado" -> "PISTÃO - Usinado"
[2025-12-21T04:53:16.184482] id=249: "PISTÃO Usinado" -> "PISTÃO - Usinado"
[2025-12-21T04:53:16.184739] id=250: "PISTÃO Usinado" -> "PISTÃO - Usinado"
[2025-12-21T04:53:16.184996] id=251: "PISTÃO Usinado" -> "PISTÃO - Usinado"
[2025-12-21T04:53:16.185255] id=252: "PISTÃO Usinado" -> "PISTÃO - Usinado"
[2025-12-21T04:53:16.185493] id=253: "PISTÃO Usinado" -> "PISTÃO - Usinado"
[2025-12-21T04:53:16.185750] id=254: "PISTÃO Usinado" -> "PISTÃO - Usinado"
[2025-12-21T04:53:16.185995] id=255: "PISTÃO Usinado" -> "PISTÃO - Usinado"
[2025-12-21T04:53:16.186244] id=256: "PISTÃO Usinado" -> "PISTÃO - Usinado"
[2025-12-21T04:53:16.186478] id=257: "PISTÃO Usinado" -> "PISTÃO - Usinado"
[2025-12-21T04:53:16.186711] id=258: "PISTÃO Usinado" -> "PISTÃO - Usinado"
[2025-12-21T04:53:16.186961] id=259: "PISTÃO Usinado" -> "PISTÃO - Usinado"
[2025-12-21T04:53:16.187235] id=260: "PISTÃO Usinado" -> "PISTÃO - Usinado"
[2025-12-21T04:53:16.187587] id=261: "PISTÃO Usinado" -> "PISTÃO - Usinado"
[2025-12-21T04:53:16.187903] id=262: "PISTÃO Usinado" -> "PISTÃO - Usinado"
[2025-12-21T04:53:16.188221] id=263: "PISTÃO Usinado" -> "PISTÃO - Usinado"
[2025-12-21T04:53:16.188577] id=264: "PISTÃO Usinado" -> "PISTÃO - Usinado"
[2025-12-21T04:53:16.188966] id=265: "PISTÃO Usinado" -> "PISTÃO - Usinado"
[2025-12-21T04:53:16.189342] id=266: "PISTÃO Usinado" -> "PISTÃO - Usinado"
[2025-12-21T04:53:16.189630] id=267: "PISTÃO Bruto" -> "PISTÃO - Bruto"
[2025-12-21T04:53:16.189980] id=268: "PISTÃO Bruto" -> "PISTÃO - Bruto"
[2025-12-21T04:53:16.190381] id=269: "PISTÃO Bruto" -> "PISTÃO - Bruto"
[2025-12-21T04:53:16.190650] id=270: "PISTÃO Bruto" -> "PISTÃO - Bruto"
[2025-12-21T04:53:16.190912] id=271: "PISTÃO Bruto" -> "PISTÃO - Bruto"
[2025-12-21T04:53:16.191230] id=272: "PISTÃO Bruto" -> "PISTÃO - Bruto"
[2025-12-21T04:53:16.191491] id=273: "PISTÃO Bruto" -> "PISTÃO - Bruto"
[2025-12-21T04:53:16.191765] id=274: "PISTÃO Bruto" -> "PISTÃO - Bruto"
[2025-12-21T04:53:16.192027] id=275: "PISTÃO Bruto" -> "PISTÃO - Bruto"
[2025-12-21T04:53:16.192531] id=276: "PISTÃO Bruto" -> "PISTÃO - Bruto"
[2025-12-21T04:53:16.192998] id=277: "PISTÃO Usinado" -> "PISTÃO - Usinado"
[2025-12-21T04:53:16.193494] id=278: "PISTÃO Usinado" -> "PISTÃO - Usinado"
[2025-12-21T04:53:16.193842] id=279: "PISTÃO Usinado" -> "PISTÃO - Usinado"
[2025-12-21T04:53:16.194216] id=280: "PISTÃO Usinado" -> "PISTÃO - Usinado"
[2025-12-21T04:53:16.194587] id=281: "PISTÃO Usinado" -> "PISTÃO - Usinado"
[2025-12-21T04:53:16.194861] id=282: "PISTÃO Usinado" -> "PISTÃO - Usinado"
[2025-12-21T04:53:16.195173] id=283: "PISTÃO Usinado" -> "PISTÃO - Usinado"
[2025-12-21T04:53:16.195561] id=284: "PISTÃO Usinado" -> "PISTÃO - Usinado"
[2025-12-21T04:53:16.195860] id=285: "PISTÃO Usinado" -> "PISTÃO - Usinado"
[2025-12-21T04:53:16.196128] id=286: "PISTÃO Usinado" -> "PISTÃO - Usinado"
[2025-12-21T04:53:16.196389] id=287: "PISTÃO Usinado" -> "PISTÃO - Usinado"
[2025-12-21T04:53:16.196661] id=288: "PISTÃO Usinado" -> "PISTÃO - Usinado"
[2025-12-21T04:53:16.196965] id=289: "PISTÃO Usinado" -> "PISTÃO - Usinado"
[2025-12-21T04:53:16.197283] id=290: "PISTÃO Usinado" -> "PISTÃO - Usinado"
[2025-12-21T04:53:16.197699] id=291: "PISTÃO Usinado" -> "PISTÃO - Usinado"
[2025-12-21T04:53:16.197984] id=292: "PISTÃO Usinado" -> "PISTÃO - Usinado"
[2025-12-21T04:53:16.198478] id=293: "PISTÃO Usinado" -> "PISTÃO - Usinado"
[2025-12-21T04:53:16.199422] id=294: "PISTÃO Usinado" -> "PISTÃO - Usinado"
[2025-12-21T04:53:16.200181] id=295: "PISTÃO Usinado" -> "PISTÃO - Usinado"
[2025-12-21T04:53:16.200664] id=296: "PISTÃO Usinado" -> "PISTÃO - Usinado"
[2025-12-21T04:53:16.201416] id=297: "Braço pitman Usinado" -> "Braço pitman - Usinado"
[2025-12-21T04:53:16.202048] id=298: "Braço pitman Usinado" -> "Braço pitman - Usinado"
[2025-12-21T04:53:16.202413] id=299: "Braço pitman Usinado" -> "Braço pitman - Usinado"
[2025-12-21T04:53:16.202792] id=300: "Braço pitman Usinado" -> "Braço pitman - Usinado"
[2025-12-21T04:53:16.203095] id=301: "Braço pitman Usinado" -> "Braço pitman - Usinado"
[2025-12-21T04:53:16.203388] id=302: "Braço pitman Usinado" -> "Braço pitman - Usinado"
[2025-12-21T04:53:16.203739] id=303: "Braço pitman Usinado" -> "Braço pitman - Usinado"
[2025-12-21T04:53:16.204062] id=304: "Braço pitman Usinado" -> "Braço pitman - Usinado"
[2025-12-21T04:53:16.204629] id=305: "Braço pitman Usinado" -> "Braço pitman - Usinado"
[2025-12-21T04:53:16.205118] id=306: "Braço pitman Usinado" -> "Braço pitman - Usinado"
[2025-12-21T04:53:16.205511] id=307: "Braço pitman Usinado" -> "Braço pitman - Usinado"
[2025-12-21T04:53:16.205942] id=308: "Braço pitman Usinado" -> "Braço pitman - Usinado"
[2025-12-21T04:53:16.206275] id=309: "Braço pitman Usinado" -> "Braço pitman - Usinado"
[2025-12-21T04:53:16.206604] id=310: "Braço pitman Usinado" -> "Braço pitman - Usinado"
[2025-12-21T04:53:16.207126] id=311: "Braço pitman Usinado" -> "Braço pitman - Usinado"
[2025-12-21T04:53:16.207713] id=312: "Braço pitman Usinado" -> "Braço pitman - Usinado"
[2025-12-21T04:53:16.208095] id=313: "Braço pitman Usinado" -> "Braço pitman - Usinado"
[2025-12-21T04:53:16.208611] id=314: "Braço pitman Usinado" -> "Braço pitman - Usinado"
[2025-12-21T04:53:16.209016] id=315: "Braço pitman Usinado" -> "Braço pitman - Usinado"
[2025-12-21T04:53:16.209396] id=316: "Braço pitman Usinado" -> "Braço pitman - Usinado"
[2025-12-21T04:53:16.209708] id=317: "Braço pitman Usinado" -> "Braço pitman - Usinado"
[2025-12-21T04:53:16.210101] id=318: "Braço pitman Usinado" -> "Braço pitman - Usinado"
[2025-12-21T04:53:16.210439] id=319: "Braço pitman Usinado" -> "Braço pitman - Usinado"
[2025-12-21T04:53:16.210785] id=320: "Braço pitman Usinado" -> "Braço pitman - Usinado"
[2025-12-21T04:53:16.211133] id=321: "Braço pitman Usinado" -> "Braço pitman - Usinado"
[2025-12-21T04:53:16.211534] id=322: "Braço pitman Usinado" -> "Braço pitman - Usinado"
[2025-12-21T04:53:16.211883] id=323: "Braço pitman Usinado" -> "Braço pitman - Usinado"
[2025-12-21T04:53:16.212193] id=324: "Braço pitman Usinado" -> "Braço pitman - Usinado"
[2025-12-21T04:53:16.212478] id=325: "Braço pitman Usinado" -> "Braço pitman - Usinado"
[2025-12-21T04:53:16.212738] id=326: "Braço pitman Usinado" -> "Braço pitman - Usinado"
[2025-12-21T04:53:16.212995] id=327: "Braço pitman Usinado" -> "Braço pitman - Usinado"
[2025-12-21T04:53:16.213286] id=328: "Braço pitman Usinado" -> "Braço pitman - Usinado"
[2025-12-21T04:53:16.213559] id=329: "Braço pitman Usinado" -> "Braço pitman - Usinado"
[2025-12-21T04:53:16.213855] id=330: "Braço pitman Usinado" -> "Braço pitman - Usinado"
[2025-12-21T04:53:16.214132] id=331: "Braço pitman Usinado" -> "Braço pitman - Usinado"
[2025-12-21T04:53:16.214388] id=332: "Braço pitman Usinado" -> "Braço pitman - Usinado"
[2025-12-21T04:53:16.214673] id=333: "Braço pitman Usinado" -> "Braço pitman - Usinado"
[2025-12-21T04:53:16.214931] id=334: "Braço pitman Usinado" -> "Braço pitman - Usinado"
[2025-12-21T04:53:16.215207] id=335: "Braço pitman Usinado" -> "Braço pitman - Usinado"
[2025-12-21T04:53:16.215470] id=336: "Braço pitman Usinado" -> "Braço pitman - Usinado"
[2025-12-21T04:53:16.215719] id=337: "SEM-FIM Bruto" -> "SEM-FIM - Bruto"
[2025-12-21T04:53:16.215971] id=338: "SEM-FIM Bruto" -> "SEM-FIM - Bruto"
[2025-12-21T04:53:16.216224] id=339: "SEM-FIM Bruto" -> "SEM-FIM - Bruto"
[2025-12-21T04:53:16.216499] id=340: "SEM-FIM Bruto" -> "SEM-FIM - Bruto"
[2025-12-21T04:53:16.216762] id=341: "SEM-FIM Bruto" -> "SEM-FIM - Bruto"
[2025-12-21T04:53:16.217013] id=342: "SEM-FIM Bruto" -> "SEM-FIM - Bruto"
[2025-12-21T04:53:16.217337] id=343: "SEM-FIM Bruto" -> "SEM-FIM - Bruto"
[2025-12-21T04:53:16.217579] id=344: "SEM-FIM Bruto" -> "SEM-FIM - Bruto"
[2025-12-21T04:53:16.217827] id=345: "SEM-FIM Bruto" -> "SEM-FIM - Bruto"
[2025-12-21T04:53:16.218068] id=346: "SEM-FIM Bruto" -> "SEM-FIM - Bruto"
[2025-12-21T04:53:16.218311] id=347: "SEM-FIM Usinado" -> "SEM-FIM - Usinado"
[2025-12-21T04:53:16.218539] id=348: "SEM-FIM Usinado" -> "SEM-FIM - Usinado"
[2025-12-21T04:53:16.218762] id=349: "SEM-FIM Usinado" -> "SEM-FIM - Usinado"
[2025-12-21T04:53:16.218997] id=350: "SEM-FIM Usinado" -> "SEM-FIM - Usinado"
[2025-12-21T04:53:16.219381] id=351: "SEM-FIM Usinado" -> "SEM-FIM - Usinado"
[2025-12-21T04:53:16.219662] id=352: "SEM-FIM Usinado" -> "SEM-FIM - Usinado"
[2025-12-21T04:53:16.219910] id=353: "SEM-FIM Usinado" -> "SEM-FIM - Usinado"
[2025-12-21T04:53:16.220157] id=354: "SEM-FIM Usinado" -> "SEM-FIM - Usinado"
[2025-12-21T04:53:16.220402] id=355: "SEM-FIM Usinado" -> "SEM-FIM - Usinado"
[2025-12-21T04:53:16.220658] id=356: "SEM-FIM Usinado" -> "SEM-FIM - Usinado"
[2025-12-21T04:53:16.220913] id=357: "SEM-FIM Usinado" -> "SEM-FIM - Usinado"
[2025-12-21T04:53:16.221167] id=358: "SEM-FIM Usinado" -> "SEM-FIM - Usinado"
[2025-12-21T04:53:16.221433] id=359: "SEM-FIM Usinado" -> "SEM-FIM - Usinado"
[2025-12-21T04:53:16.221682] id=360: "SEM-FIM Usinado" -> "SEM-FIM - Usinado"
[2025-12-21T04:53:16.221937] id=361: "SEM-FIM Usinado" -> "SEM-FIM - Usinado"
[2025-12-21T04:53:16.222214] id=362: "SEM-FIM Usinado" -> "SEM-FIM - Usinado"
[2025-12-21T04:53:16.222459] id=363: "SEM-FIM Usinado" -> "SEM-FIM - Usinado"
[2025-12-21T04:53:16.222713] id=364: "SEM-FIM Usinado" -> "SEM-FIM - Usinado"
[2025-12-21T04:53:16.223022] id=365: "SEM-FIM Usinado" -> "SEM-FIM - Usinado"
[2025-12-21T04:53:16.223283] id=366: "SEM-FIM Usinado" -> "SEM-FIM - Usinado"
[2025-12-21T04:53:16.223746] id=727: "CAIXA DE DIREÇÃO HIDRÁULICA - MERCEDES-BENZ DO BRASIL Bruto" -> "CAIXA DE DIREÇÃO HIDRÁULICA - MERCEDES-BENZ DO BRASIL - Bruto"
[2025-12-21T04:53:16.224154] id=728: "CAIXA DE DIREÇÃO HIDRÁULICA - MERCEDES-BENZ DO BRASIL Bruto" -> "CAIXA DE DIREÇÃO HIDRÁULICA - MERCEDES-BENZ DO BRASIL - Bruto"
[2025-12-21T04:53:16.224565] id=729: "CAIXA DE DIREÇÃO HIDRÁULICA - MERCEDES-BENZ DO BRASIL Bruto" -> "CAIXA DE DIREÇÃO HIDRÁULICA - MERCEDES-BENZ DO BRASIL - Bruto"
[2025-12-21T04:53:16.225075] id=730: "CAIXA DE DIREÇÃO HIDRÁULICA - MERCEDES-BENZ DO BRASIL Bruto" -> "CAIXA DE DIREÇÃO HIDRÁULICA - MERCEDES-BENZ DO BRASIL - Bruto"
[2025-12-21T04:53:16.225473] id=731: "CAIXA DE DIREÇÃO HIDRÁULICA - MERCEDES-BENZ DO BRASIL Bruto" -> "CAIXA DE DIREÇÃO HIDRÁULICA - MERCEDES-BENZ DO BRASIL - Bruto"
[2025-12-21T04:53:16.225840] id=732: "CAIXA DE DIREÇÃO HIDRÁULICA - MERCEDES-BENZ DO BRASIL Bruto" -> "CAIXA DE DIREÇÃO HIDRÁULICA - MERCEDES-BENZ DO BRASIL - Bruto"
[2025-12-21T04:53:16.226263] id=733: "CAIXA DE DIREÇÃO HIDRÁULICA - MERCEDES-BENZ DO BRASIL Bruto" -> "CAIXA DE DIREÇÃO HIDRÁULICA - MERCEDES-BENZ DO BRASIL - Bruto"
[2025-12-21T04:53:16.226736] id=734: "CAIXA DE DIREÇÃO HIDRÁULICA - MERCEDES-BENZ DO BRASIL Bruto" -> "CAIXA DE DIREÇÃO HIDRÁULICA - MERCEDES-BENZ DO BRASIL - Bruto"
[2025-12-21T04:53:16.227141] id=735: "CAIXA DE DIREÇÃO HIDRÁULICA - MERCEDES-BENZ DO BRASIL Bruto" -> "CAIXA DE DIREÇÃO HIDRÁULICA - MERCEDES-BENZ DO BRASIL - Bruto"
[2025-12-21T04:53:16.227468] id=736: "CAIXA DE DIREÇÃO HIDRÁULICA - MERCEDES-BENZ DO BRASIL Bruto" -> "CAIXA DE DIREÇÃO HIDRÁULICA - MERCEDES-BENZ DO BRASIL - Bruto"
[2025-12-21T04:53:16.227758] id=737: "CAIXA DE DIREÇÃO HIDRÁULICA - MERCEDES-BENZ DO BRASIL Usinado" -> "CAIXA DE DIREÇÃO HIDRÁULICA - MERCEDES-BENZ DO BRASIL - Usinado"
[2025-12-21T04:53:16.228078] id=738: "CAIXA DE DIREÇÃO HIDRÁULICA - MERCEDES-BENZ DO BRASIL Usinado" -> "CAIXA DE DIREÇÃO HIDRÁULICA - MERCEDES-BENZ DO BRASIL - Usinado"
[2025-12-21T04:53:16.228403] id=739: "CAIXA DE DIREÇÃO HIDRÁULICA - MERCEDES-BENZ DO BRASIL Usinado" -> "CAIXA DE DIREÇÃO HIDRÁULICA - MERCEDES-BENZ DO BRASIL - Usinado"
[2025-12-21T04:53:16.228779] id=740: "CAIXA DE DIREÇÃO HIDRÁULICA - MERCEDES-BENZ DO BRASIL Usinado" -> "CAIXA DE DIREÇÃO HIDRÁULICA - MERCEDES-BENZ DO BRASIL - Usinado"
[2025-12-21T04:53:16.229184] id=741: "CAIXA DE DIREÇÃO HIDRÁULICA - MERCEDES-BENZ DO BRASIL Usinado" -> "CAIXA DE DIREÇÃO HIDRÁULICA - MERCEDES-BENZ DO BRASIL - Usinado"
[2025-12-21T04:53:16.229491] id=742: "CAIXA DE DIREÇÃO HIDRÁULICA - MERCEDES-BENZ DO BRASIL Usinado" -> "CAIXA DE DIREÇÃO HIDRÁULICA - MERCEDES-BENZ DO BRASIL - Usinado"
[2025-12-21T04:53:16.229897] id=743: "CAIXA DE DIREÇÃO HIDRÁULICA - MERCEDES-BENZ DO BRASIL Usinado" -> "CAIXA DE DIREÇÃO HIDRÁULICA - MERCEDES-BENZ DO BRASIL - Usinado"
[2025-12-21T04:53:16.230282] id=744: "CAIXA DE DIREÇÃO HIDRÁULICA - MERCEDES-BENZ DO BRASIL Usinado" -> "CAIXA DE DIREÇÃO HIDRÁULICA - MERCEDES-BENZ DO BRASIL - Usinado"
[2025-12-21T04:53:16.230685] id=745: "CAIXA DE DIREÇÃO HIDRÁULICA - MERCEDES-BENZ DO BRASIL Usinado" -> "CAIXA DE DIREÇÃO HIDRÁULICA - MERCEDES-BENZ DO BRASIL - Usinado"
[2025-12-21T04:53:16.231144] id=746: "CAIXA DE DIREÇÃO HIDRÁULICA - MERCEDES-BENZ DO BRASIL Usinado" -> "CAIXA DE DIREÇÃO HIDRÁULICA - MERCEDES-BENZ DO BRASIL - Usinado"
[2025-12-21T04:53:16.231485] id=747: "CAIXA DE DIREÇÃO HIDRÁULICA - MERCEDES-BENZ DO BRASIL Usinado" -> "CAIXA DE DIREÇÃO HIDRÁULICA - MERCEDES-BENZ DO BRASIL - Usinado"
[2025-12-21T04:53:16.231919] id=748: "CAIXA DE DIREÇÃO HIDRÁULICA - MERCEDES-BENZ DO BRASIL Usinado" -> "CAIXA DE DIREÇÃO HIDRÁULICA - MERCEDES-BENZ DO BRASIL - Usinado"
[2025-12-21T04:53:16.232345] id=749: "CAIXA DE DIREÇÃO HIDRÁULICA - MERCEDES-BENZ DO BRASIL Usinado" -> "CAIXA DE DIREÇÃO HIDRÁULICA - MERCEDES-BENZ DO BRASIL - Usinado"
[2025-12-21T04:53:16.232950] id=750: "CAIXA DE DIREÇÃO HIDRÁULICA - MERCEDES-BENZ DO BRASIL Usinado" -> "CAIXA DE DIREÇÃO HIDRÁULICA - MERCEDES-BENZ DO BRASIL - Usinado"
[2025-12-21T04:53:16.233539] id=751: "CAIXA DE DIREÇÃO HIDRÁULICA - MERCEDES-BENZ DO BRASIL Usinado" -> "CAIXA DE DIREÇÃO HIDRÁULICA - MERCEDES-BENZ DO BRASIL - Usinado"
[2025-12-21T04:53:16.234351] id=752: "CAIXA DE DIREÇÃO HIDRÁULICA - MERCEDES-BENZ DO BRASIL Usinado" -> "CAIXA DE DIREÇÃO HIDRÁULICA - MERCEDES-BENZ DO BRASIL - Usinado"
[2025-12-21T04:53:16.234678] id=753: "CAIXA DE DIREÇÃO HIDRÁULICA - MERCEDES-BENZ DO BRASIL Usinado" -> "CAIXA DE DIREÇÃO HIDRÁULICA - MERCEDES-BENZ DO BRASIL - Usinado"
[2025-12-21T04:53:16.235129] id=754: "CAIXA DE DIREÇÃO HIDRÁULICA - MERCEDES-BENZ DO BRASIL Usinado" -> "CAIXA DE DIREÇÃO HIDRÁULICA - MERCEDES-BENZ DO BRASIL - Usinado"
[2025-12-21T04:53:16.235671] id=755: "CAIXA DE DIREÇÃO HIDRÁULICA - MERCEDES-BENZ DO BRASIL Usinado" -> "CAIXA DE DIREÇÃO HIDRÁULICA - MERCEDES-BENZ DO BRASIL - Usinado"
[2025-12-21T04:53:16.236280] id=756: "CAIXA DE DIREÇÃO HIDRÁULICA - MERCEDES-BENZ DO BRASIL Usinado" -> "CAIXA DE DIREÇÃO HIDRÁULICA - MERCEDES-BENZ DO BRASIL - Usinado"
[2025-12-21T04:53:16.236694] id=757: "CAIXA DE DIREÇÃO HIDRÁULICA - MERCEDES-BENZ DO BRASIL Bruto" -> "CAIXA DE DIREÇÃO HIDRÁULICA - MERCEDES-BENZ DO BRASIL - Bruto"
[2025-12-21T04:53:16.237159] id=758: "CAIXA DE DIREÇÃO HIDRÁULICA - MERCEDES-BENZ DO BRASIL Bruto" -> "CAIXA DE DIREÇÃO HIDRÁULICA - MERCEDES-BENZ DO BRASIL - Bruto"
[2025-12-21T04:53:16.237592] id=759: "CAIXA DE DIREÇÃO HIDRÁULICA - MERCEDES-BENZ DO BRASIL Bruto" -> "CAIXA DE DIREÇÃO HIDRÁULICA - MERCEDES-BENZ DO BRASIL - Bruto"
[2025-12-21T04:53:16.238055] id=760: "CAIXA DE DIREÇÃO HIDRÁULICA - MERCEDES-BENZ DO BRASIL Bruto" -> "CAIXA DE DIREÇÃO HIDRÁULICA - MERCEDES-BENZ DO BRASIL - Bruto"
[2025-12-21T04:53:16.238356] id=761: "CAIXA DE DIREÇÃO HIDRÁULICA - MERCEDES-BENZ DO BRASIL Bruto" -> "CAIXA DE DIREÇÃO HIDRÁULICA - MERCEDES-BENZ DO BRASIL - Bruto"
[2025-12-21T04:53:16.238698] id=762: "CAIXA DE DIREÇÃO HIDRÁULICA - MERCEDES-BENZ DO BRASIL Bruto" -> "CAIXA DE DIREÇÃO HIDRÁULICA - MERCEDES-BENZ DO BRASIL - Bruto"
[2025-12-21T04:53:16.239103] id=763: "CAIXA DE DIREÇÃO HIDRÁULICA - MERCEDES-BENZ DO BRASIL Bruto" -> "CAIXA DE DIREÇÃO HIDRÁULICA - MERCEDES-BENZ DO BRASIL - Bruto"
[2025-12-21T04:53:16.239546] id=764: "CAIXA DE DIREÇÃO HIDRÁULICA - MERCEDES-BENZ DO BRASIL Bruto" -> "CAIXA DE DIREÇÃO HIDRÁULICA - MERCEDES-BENZ DO BRASIL - Bruto"
[2025-12-21T04:53:16.239989] id=765: "CAIXA DE DIREÇÃO HIDRÁULICA - MERCEDES-BENZ DO BRASIL Bruto" -> "CAIXA DE DIREÇÃO HIDRÁULICA - MERCEDES-BENZ DO BRASIL - Bruto"
[2025-12-21T04:53:16.240560] id=766: "CAIXA DE DIREÇÃO HIDRÁULICA - MERCEDES-BENZ DO BRASIL Bruto" -> "CAIXA DE DIREÇÃO HIDRÁULICA - MERCEDES-BENZ DO BRASIL - Bruto"
[2025-12-21T04:53:16.240990] id=767: "CAIXA DE DIREÇÃO HIDRÁULICA - MERCEDES-BENZ DO BRASIL Usinado" -> "CAIXA DE DIREÇÃO HIDRÁULICA - MERCEDES-BENZ DO BRASIL - Usinado"
[2025-12-21T04:53:16.241463] id=768: "CAIXA DE DIREÇÃO HIDRÁULICA - MERCEDES-BENZ DO BRASIL Usinado" -> "CAIXA DE DIREÇÃO HIDRÁULICA - MERCEDES-BENZ DO BRASIL - Usinado"
[2025-12-21T04:53:16.241877] id=769: "CAIXA DE DIREÇÃO HIDRÁULICA - MERCEDES-BENZ DO BRASIL Usinado" -> "CAIXA DE DIREÇÃO HIDRÁULICA - MERCEDES-BENZ DO BRASIL - Usinado"
[2025-12-21T04:53:16.242306] id=770: "CAIXA DE DIREÇÃO HIDRÁULICA - MERCEDES-BENZ DO BRASIL Usinado" -> "CAIXA DE DIREÇÃO HIDRÁULICA - MERCEDES-BENZ DO BRASIL - Usinado"
[2025-12-21T04:53:16.242673] id=771: "CAIXA DE DIREÇÃO HIDRÁULICA - MERCEDES-BENZ DO BRASIL Usinado" -> "CAIXA DE DIREÇÃO HIDRÁULICA - MERCEDES-BENZ DO BRASIL - Usinado"
[2025-12-21T04:53:16.242960] id=772: "CAIXA DE DIREÇÃO HIDRÁULICA - MERCEDES-BENZ DO BRASIL Usinado" -> "CAIXA DE DIREÇÃO HIDRÁULICA - MERCEDES-BENZ DO BRASIL - Usinado"
[2025-12-21T04:53:16.243390] id=773: "CAIXA DE DIREÇÃO HIDRÁULICA - MERCEDES-BENZ DO BRASIL Usinado" -> "CAIXA DE DIREÇÃO HIDRÁULICA - MERCEDES-BENZ DO BRASIL - Usinado"
[2025-12-21T04:53:16.243760] id=774: "CAIXA DE DIREÇÃO HIDRÁULICA - MERCEDES-BENZ DO BRASIL Usinado" -> "CAIXA DE DIREÇÃO HIDRÁULICA - MERCEDES-BENZ DO BRASIL - Usinado"
[2025-12-21T04:53:16.244115] id=775: "CAIXA DE DIREÇÃO HIDRÁULICA - MERCEDES-BENZ DO BRASIL Usinado" -> "CAIXA DE DIREÇÃO HIDRÁULICA - MERCEDES-BENZ DO BRASIL - Usinado"
[2025-12-21T04:53:16.244421] id=776: "CAIXA DE DIREÇÃO HIDRÁULICA - MERCEDES-BENZ DO BRASIL Usinado" -> "CAIXA DE DIREÇÃO HIDRÁULICA - MERCEDES-BENZ DO BRASIL - Usinado"
[2025-12-21T04:53:16.244737] id=777: "CAIXA DE DIREÇÃO HIDRÁULICA - MERCEDES-BENZ DO BRASIL Usinado" -> "CAIXA DE DIREÇÃO HIDRÁULICA - MERCEDES-BENZ DO BRASIL - Usinado"
[2025-12-21T04:53:16.245047] id=778: "CAIXA DE DIREÇÃO HIDRÁULICA - MERCEDES-BENZ DO BRASIL Usinado" -> "CAIXA DE DIREÇÃO HIDRÁULICA - MERCEDES-BENZ DO BRASIL - Usinado"
[2025-12-21T04:53:16.245388] id=779: "CAIXA DE DIREÇÃO HIDRÁULICA - MERCEDES-BENZ DO BRASIL Usinado" -> "CAIXA DE DIREÇÃO HIDRÁULICA - MERCEDES-BENZ DO BRASIL - Usinado"
[2025-12-21T04:53:16.245796] id=780: "CAIXA DE DIREÇÃO HIDRÁULICA - MERCEDES-BENZ DO BRASIL Usinado" -> "CAIXA DE DIREÇÃO HIDRÁULICA - MERCEDES-BENZ DO BRASIL - Usinado"
[2025-12-21T04:53:16.246110] id=781: "CAIXA DE DIREÇÃO HIDRÁULICA - MERCEDES-BENZ DO BRASIL Usinado" -> "CAIXA DE DIREÇÃO HIDRÁULICA - MERCEDES-BENZ DO BRASIL - Usinado"
[2025-12-21T04:53:16.246396] id=782: "CAIXA DE DIREÇÃO HIDRÁULICA - MERCEDES-BENZ DO BRASIL Usinado" -> "CAIXA DE DIREÇÃO HIDRÁULICA - MERCEDES-BENZ DO BRASIL - Usinado"
[2025-12-21T04:53:16.246690] id=783: "CAIXA DE DIREÇÃO HIDRÁULICA - MERCEDES-BENZ DO BRASIL Usinado" -> "CAIXA DE DIREÇÃO HIDRÁULICA - MERCEDES-BENZ DO BRASIL - Usinado"
[2025-12-21T04:53:16.246976] id=784: "CAIXA DE DIREÇÃO HIDRÁULICA - MERCEDES-BENZ DO BRASIL Usinado" -> "CAIXA DE DIREÇÃO HIDRÁULICA - MERCEDES-BENZ DO BRASIL - Usinado"
[2025-12-21T04:53:16.247380] id=785: "CAIXA DE DIREÇÃO HIDRÁULICA - MERCEDES-BENZ DO BRASIL Usinado" -> "CAIXA DE DIREÇÃO HIDRÁULICA - MERCEDES-BENZ DO BRASIL - Usinado"
[2025-12-21T04:53:16.247730] id=786: "CAIXA DE DIREÇÃO HIDRÁULICA - MERCEDES-BENZ DO BRASIL Usinado" -> "CAIXA DE DIREÇÃO HIDRÁULICA - MERCEDES-BENZ DO BRASIL - Usinado"
[2025-12-21T04:53:16.248043] id=787: "CAIXA DE DIREÇÃO HIDRÁULICA - VOLVO CAMINHÕES BRASIL Bruto" -> "CAIXA DE DIREÇÃO HIDRÁULICA - VOLVO CAMINHÕES BRASIL - Bruto"
[2025-12-21T04:53:16.248403] id=788: "CAIXA DE DIREÇÃO HIDRÁULICA - VOLVO CAMINHÕES BRASIL Bruto" -> "CAIXA DE DIREÇÃO HIDRÁULICA - VOLVO CAMINHÕES BRASIL - Bruto"
[2025-12-21T04:53:16.248754] id=789: "CAIXA DE DIREÇÃO HIDRÁULICA - VOLVO CAMINHÕES BRASIL Bruto" -> "CAIXA DE DIREÇÃO HIDRÁULICA - VOLVO CAMINHÕES BRASIL - Bruto"
[2025-12-21T04:53:16.249277] id=790: "CAIXA DE DIREÇÃO HIDRÁULICA - VOLVO CAMINHÕES BRASIL Bruto" -> "CAIXA DE DIREÇÃO HIDRÁULICA - VOLVO CAMINHÕES BRASIL - Bruto"
[2025-12-21T04:53:16.249778] id=791: "CAIXA DE DIREÇÃO HIDRÁULICA - VOLVO CAMINHÕES BRASIL Bruto" -> "CAIXA DE DIREÇÃO HIDRÁULICA - VOLVO CAMINHÕES BRASIL - Bruto"
[2025-12-21T04:53:16.250177] id=792: "CAIXA DE DIREÇÃO HIDRÁULICA - VOLVO CAMINHÕES BRASIL Bruto" -> "CAIXA DE DIREÇÃO HIDRÁULICA - VOLVO CAMINHÕES BRASIL - Bruto"
[2025-12-21T04:53:16.250584] id=793: "CAIXA DE DIREÇÃO HIDRÁULICA - VOLVO CAMINHÕES BRASIL Bruto" -> "CAIXA DE DIREÇÃO HIDRÁULICA - VOLVO CAMINHÕES BRASIL - Bruto"
[2025-12-21T04:53:16.251037] id=794: "CAIXA DE DIREÇÃO HIDRÁULICA - VOLVO CAMINHÕES BRASIL Bruto" -> "CAIXA DE DIREÇÃO HIDRÁULICA - VOLVO CAMINHÕES BRASIL - Bruto"
[2025-12-21T04:53:16.251456] id=795: "CAIXA DE DIREÇÃO HIDRÁULICA - VOLVO CAMINHÕES BRASIL Bruto" -> "CAIXA DE DIREÇÃO HIDRÁULICA - VOLVO CAMINHÕES BRASIL - Bruto"
[2025-12-21T04:53:16.251881] id=796: "CAIXA DE DIREÇÃO HIDRÁULICA - VOLVO CAMINHÕES BRASIL Bruto" -> "CAIXA DE DIREÇÃO HIDRÁULICA - VOLVO CAMINHÕES BRASIL - Bruto"
[2025-12-21T04:53:16.252251] id=797: "CAIXA DE DIREÇÃO HIDRÁULICA - VOLVO CAMINHÕES BRASIL Usinado" -> "CAIXA DE DIREÇÃO HIDRÁULICA - VOLVO CAMINHÕES BRASIL - Usinado"
[2025-12-21T04:53:16.252566] id=798: "CAIXA DE DIREÇÃO HIDRÁULICA - VOLVO CAMINHÕES BRASIL Usinado" -> "CAIXA DE DIREÇÃO HIDRÁULICA - VOLVO CAMINHÕES BRASIL - Usinado"
[2025-12-21T04:53:16.252872] id=799: "CAIXA DE DIREÇÃO HIDRÁULICA - VOLVO CAMINHÕES BRASIL Usinado" -> "CAIXA DE DIREÇÃO HIDRÁULICA - VOLVO CAMINHÕES BRASIL - Usinado"
[2025-12-21T04:53:16.253172] id=800: "CAIXA DE DIREÇÃO HIDRÁULICA - VOLVO CAMINHÕES BRASIL Usinado" -> "CAIXA DE DIREÇÃO HIDRÁULICA - VOLVO CAMINHÕES BRASIL - Usinado"
[2025-12-21T04:53:16.253477] id=801: "CAIXA DE DIREÇÃO HIDRÁULICA - VOLVO CAMINHÕES BRASIL Usinado" -> "CAIXA DE DIREÇÃO HIDRÁULICA - VOLVO CAMINHÕES BRASIL - Usinado"
[2025-12-21T04:53:16.253757] id=802: "CAIXA DE DIREÇÃO HIDRÁULICA - VOLVO CAMINHÕES BRASIL Usinado" -> "CAIXA DE DIREÇÃO HIDRÁULICA - VOLVO CAMINHÕES BRASIL - Usinado"
[2025-12-21T04:53:16.254030] id=803: "CAIXA DE DIREÇÃO HIDRÁULICA - VOLVO CAMINHÕES BRASIL Usinado" -> "CAIXA DE DIREÇÃO HIDRÁULICA - VOLVO CAMINHÕES BRASIL - Usinado"
[2025-12-21T04:53:16.254348] id=804: "CAIXA DE DIREÇÃO HIDRÁULICA - VOLVO CAMINHÕES BRASIL Usinado" -> "CAIXA DE DIREÇÃO HIDRÁULICA - VOLVO CAMINHÕES BRASIL - Usinado"
[2025-12-21T04:53:16.254648] id=805: "CAIXA DE DIREÇÃO HIDRÁULICA - VOLVO CAMINHÕES BRASIL Usinado" -> "CAIXA DE DIREÇÃO HIDRÁULICA - VOLVO CAMINHÕES BRASIL - Usinado"
[2025-12-21T04:53:16.254956] id=806: "CAIXA DE DIREÇÃO HIDRÁULICA - VOLVO CAMINHÕES BRASIL Usinado" -> "CAIXA DE DIREÇÃO HIDRÁULICA - VOLVO CAMINHÕES BRASIL - Usinado"
[2025-12-21T04:53:16.255267] id=807: "CAIXA DE DIREÇÃO HIDRÁULICA - VOLVO CAMINHÕES BRASIL Usinado" -> "CAIXA DE DIREÇÃO HIDRÁULICA - VOLVO CAMINHÕES BRASIL - Usinado"
[2025-12-21T04:53:16.255609] id=808: "CAIXA DE DIREÇÃO HIDRÁULICA - VOLVO CAMINHÕES BRASIL Usinado" -> "CAIXA DE DIREÇÃO HIDRÁULICA - VOLVO CAMINHÕES BRASIL - Usinado"
[2025-12-21T04:53:16.255905] id=809: "CAIXA DE DIREÇÃO HIDRÁULICA - VOLVO CAMINHÕES BRASIL Usinado" -> "CAIXA DE DIREÇÃO HIDRÁULICA - VOLVO CAMINHÕES BRASIL - Usinado"
[2025-12-21T04:53:16.256208] id=810: "CAIXA DE DIREÇÃO HIDRÁULICA - VOLVO CAMINHÕES BRASIL Usinado" -> "CAIXA DE DIREÇÃO HIDRÁULICA - VOLVO CAMINHÕES BRASIL - Usinado"
[2025-12-21T04:53:16.256496] id=811: "CAIXA DE DIREÇÃO HIDRÁULICA - VOLVO CAMINHÕES BRASIL Usinado" -> "CAIXA DE DIREÇÃO HIDRÁULICA - VOLVO CAMINHÕES BRASIL - Usinado"
[2025-12-21T04:53:16.256859] id=812: "CAIXA DE DIREÇÃO HIDRÁULICA - VOLVO CAMINHÕES BRASIL Usinado" -> "CAIXA DE DIREÇÃO HIDRÁULICA - VOLVO CAMINHÕES BRASIL - Usinado"
[2025-12-21T04:53:16.257182] id=813: "CAIXA DE DIREÇÃO HIDRÁULICA - VOLVO CAMINHÕES BRASIL Usinado" -> "CAIXA DE DIREÇÃO HIDRÁULICA - VOLVO CAMINHÕES BRASIL - Usinado"
[2025-12-21T04:53:16.257520] id=814: "CAIXA DE DIREÇÃO HIDRÁULICA - VOLVO CAMINHÕES BRASIL Usinado" -> "CAIXA DE DIREÇÃO HIDRÁULICA - VOLVO CAMINHÕES BRASIL - Usinado"
[2025-12-21T04:53:16.257848] id=815: "CAIXA DE DIREÇÃO HIDRÁULICA - VOLVO CAMINHÕES BRASIL Usinado" -> "CAIXA DE DIREÇÃO HIDRÁULICA - VOLVO CAMINHÕES BRASIL - Usinado"
[2025-12-21T04:53:16.258147] id=816: "CAIXA DE DIREÇÃO HIDRÁULICA - VOLVO CAMINHÕES BRASIL Usinado" -> "CAIXA DE DIREÇÃO HIDRÁULICA - VOLVO CAMINHÕES BRASIL - Usinado"
[2025-12-21T04:53:16.258451] id=817: "CAIXA DE DIREÇÃO HIDRÁULICA - VOLVO CAMINHÕES BRASIL Bruto" -> "CAIXA DE DIREÇÃO HIDRÁULICA - VOLVO CAMINHÕES BRASIL - Bruto"
[2025-12-21T04:53:16.258739] id=818: "CAIXA DE DIREÇÃO HIDRÁULICA - VOLVO CAMINHÕES BRASIL Bruto" -> "CAIXA DE DIREÇÃO HIDRÁULICA - VOLVO CAMINHÕES BRASIL - Bruto"
[2025-12-21T04:53:16.259072] id=819: "CAIXA DE DIREÇÃO HIDRÁULICA - VOLVO CAMINHÕES BRASIL Bruto" -> "CAIXA DE DIREÇÃO HIDRÁULICA - VOLVO CAMINHÕES BRASIL - Bruto"
[2025-12-21T04:53:16.259375] id=820: "CAIXA DE DIREÇÃO HIDRÁULICA - VOLVO CAMINHÕES BRASIL Bruto" -> "CAIXA DE DIREÇÃO HIDRÁULICA - VOLVO CAMINHÕES BRASIL - Bruto"
[2025-12-21T04:53:16.259854] id=821: "CAIXA DE DIREÇÃO HIDRÁULICA - VOLVO CAMINHÕES BRASIL Bruto" -> "CAIXA DE DIREÇÃO HIDRÁULICA - VOLVO CAMINHÕES BRASIL - Bruto"
[2025-12-21T04:53:16.260339] id=822: "CAIXA DE DIREÇÃO HIDRÁULICA - VOLVO CAMINHÕES BRASIL Bruto" -> "CAIXA DE DIREÇÃO HIDRÁULICA - VOLVO CAMINHÕES BRASIL - Bruto"
[2025-12-21T04:53:16.260754] id=823: "CAIXA DE DIREÇÃO HIDRÁULICA - VOLVO CAMINHÕES BRASIL Bruto" -> "CAIXA DE DIREÇÃO HIDRÁULICA - VOLVO CAMINHÕES BRASIL - Bruto"
[2025-12-21T04:53:16.261179] id=824: "CAIXA DE DIREÇÃO HIDRÁULICA - VOLVO CAMINHÕES BRASIL Bruto" -> "CAIXA DE DIREÇÃO HIDRÁULICA - VOLVO CAMINHÕES BRASIL - Bruto"
[2025-12-21T04:53:16.261648] id=825: "CAIXA DE DIREÇÃO HIDRÁULICA - VOLVO CAMINHÕES BRASIL Bruto" -> "CAIXA DE DIREÇÃO HIDRÁULICA - VOLVO CAMINHÕES BRASIL - Bruto"
[2025-12-21T04:53:16.262053] id=826: "CAIXA DE DIREÇÃO HIDRÁULICA - VOLVO CAMINHÕES BRASIL Bruto" -> "CAIXA DE DIREÇÃO HIDRÁULICA - VOLVO CAMINHÕES BRASIL - Bruto"
[2025-12-21T04:53:16.262475] id=827: "CAIXA DE DIREÇÃO HIDRÁULICA - VOLVO CAMINHÕES BRASIL Usinado" -> "CAIXA DE DIREÇÃO HIDRÁULICA - VOLVO CAMINHÕES BRASIL - Usinado"
[2025-12-21T04:53:16.262817] id=828: "CAIXA DE DIREÇÃO HIDRÁULICA - VOLVO CAMINHÕES BRASIL Usinado" -> "CAIXA DE DIREÇÃO HIDRÁULICA - VOLVO CAMINHÕES BRASIL - Usinado"
[2025-12-21T04:53:16.263178] id=829: "CAIXA DE DIREÇÃO HIDRÁULICA - VOLVO CAMINHÕES BRASIL Usinado" -> "CAIXA DE DIREÇÃO HIDRÁULICA - VOLVO CAMINHÕES BRASIL - Usinado"
[2025-12-21T04:53:16.263596] id=830: "CAIXA DE DIREÇÃO HIDRÁULICA - VOLVO CAMINHÕES BRASIL Usinado" -> "CAIXA DE DIREÇÃO HIDRÁULICA - VOLVO CAMINHÕES BRASIL - Usinado"
[2025-12-21T04:53:16.263922] id=831: "CAIXA DE DIREÇÃO HIDRÁULICA - VOLVO CAMINHÕES BRASIL Usinado" -> "CAIXA DE DIREÇÃO HIDRÁULICA - VOLVO CAMINHÕES BRASIL - Usinado"
[2025-12-21T04:53:16.264744] id=832: "CAIXA DE DIREÇÃO HIDRÁULICA - VOLVO CAMINHÕES BRASIL Usinado" -> "CAIXA DE DIREÇÃO HIDRÁULICA - VOLVO CAMINHÕES BRASIL - Usinado"
[2025-12-21T04:53:16.265280] id=833: "CAIXA DE DIREÇÃO HIDRÁULICA - VOLVO CAMINHÕES BRASIL Usinado" -> "CAIXA DE DIREÇÃO HIDRÁULICA - VOLVO CAMINHÕES BRASIL - Usinado"
[2025-12-21T04:53:16.266419] id=834: "CAIXA DE DIREÇÃO HIDRÁULICA - VOLVO CAMINHÕES BRASIL Usinado" -> "CAIXA DE DIREÇÃO HIDRÁULICA - VOLVO CAMINHÕES BRASIL - Usinado"
[2025-12-21T04:53:16.266812] id=835: "CAIXA DE DIREÇÃO HIDRÁULICA - VOLVO CAMINHÕES BRASIL Usinado" -> "CAIXA DE DIREÇÃO HIDRÁULICA - VOLVO CAMINHÕES BRASIL - Usinado"
[2025-12-21T04:53:16.267195] id=836: "CAIXA DE DIREÇÃO HIDRÁULICA - VOLVO CAMINHÕES BRASIL Usinado" -> "CAIXA DE DIREÇÃO HIDRÁULICA - VOLVO CAMINHÕES BRASIL - Usinado"
[2025-12-21T04:53:16.267657] id=837: "CAIXA DE DIREÇÃO HIDRÁULICA - VOLVO CAMINHÕES BRASIL Usinado" -> "CAIXA DE DIREÇÃO HIDRÁULICA - VOLVO CAMINHÕES BRASIL - Usinado"
[2025-12-21T04:53:16.268643] id=838: "CAIXA DE DIREÇÃO HIDRÁULICA - VOLVO CAMINHÕES BRASIL Usinado" -> "CAIXA DE DIREÇÃO HIDRÁULICA - VOLVO CAMINHÕES BRASIL - Usinado"
[2025-12-21T04:53:16.269101] id=839: "CAIXA DE DIREÇÃO HIDRÁULICA - VOLVO CAMINHÕES BRASIL Usinado" -> "CAIXA DE DIREÇÃO HIDRÁULICA - VOLVO CAMINHÕES BRASIL - Usinado"
[2025-12-21T04:53:16.269541] id=840: "CAIXA DE DIREÇÃO HIDRÁULICA - VOLVO CAMINHÕES BRASIL Usinado" -> "CAIXA DE DIREÇÃO HIDRÁULICA - VOLVO CAMINHÕES BRASIL - Usinado"
[2025-12-21T04:53:16.270249] id=841: "CAIXA DE DIREÇÃO HIDRÁULICA - VOLVO CAMINHÕES BRASIL Usinado" -> "CAIXA DE DIREÇÃO HIDRÁULICA - VOLVO CAMINHÕES BRASIL - Usinado"
[2025-12-21T04:53:16.270711] id=842: "CAIXA DE DIREÇÃO HIDRÁULICA - VOLVO CAMINHÕES BRASIL Usinado" -> "CAIXA DE DIREÇÃO HIDRÁULICA - VOLVO CAMINHÕES BRASIL - Usinado"
[2025-12-21T04:53:16.271150] id=843: "CAIXA DE DIREÇÃO HIDRÁULICA - VOLVO CAMINHÕES BRASIL Usinado" -> "CAIXA DE DIREÇÃO HIDRÁULICA - VOLVO CAMINHÕES BRASIL - Usinado"
[2025-12-21T04:53:16.271582] id=844: "CAIXA DE DIREÇÃO HIDRÁULICA - VOLVO CAMINHÕES BRASIL Usinado" -> "CAIXA DE DIREÇÃO HIDRÁULICA - VOLVO CAMINHÕES BRASIL - Usinado"
[2025-12-21T04:53:16.272040] id=845: "CAIXA DE DIREÇÃO HIDRÁULICA - VOLVO CAMINHÕES BRASIL Usinado" -> "CAIXA DE DIREÇÃO HIDRÁULICA - VOLVO CAMINHÕES BRASIL - Usinado"
[2025-12-21T04:53:16.272595] id=846: "CAIXA DE DIREÇÃO HIDRÁULICA - VOLVO CAMINHÕES BRASIL Usinado" -> "CAIXA DE DIREÇÃO HIDRÁULICA - VOLVO CAMINHÕES BRASIL - Usinado"
[2025-12-21T04:53:16.273070] id=847: "CAIXA DE DIREÇÃO HIDRÁULICA - SCANIA DO BRASIL Bruto" -> "CAIXA DE DIREÇÃO HIDRÁULICA - SCANIA DO BRASIL - Bruto"
[2025-12-21T04:53:16.273692] id=848: "CAIXA DE DIREÇÃO HIDRÁULICA - SCANIA DO BRASIL Bruto" -> "CAIXA DE DIREÇÃO HIDRÁULICA - SCANIA DO BRASIL - Bruto"
[2025-12-21T04:53:16.274132] id=849: "CAIXA DE DIREÇÃO HIDRÁULICA - SCANIA DO BRASIL Bruto" -> "CAIXA DE DIREÇÃO HIDRÁULICA - SCANIA DO BRASIL - Bruto"
[2025-12-21T04:53:16.274900] id=850: "CAIXA DE DIREÇÃO HIDRÁULICA - SCANIA DO BRASIL Bruto" -> "CAIXA DE DIREÇÃO HIDRÁULICA - SCANIA DO BRASIL - Bruto"
[2025-12-21T04:53:16.275258] id=851: "CAIXA DE DIREÇÃO HIDRÁULICA - SCANIA DO BRASIL Bruto" -> "CAIXA DE DIREÇÃO HIDRÁULICA - SCANIA DO BRASIL - Bruto"
[2025-12-21T04:53:16.275561] id=852: "CAIXA DE DIREÇÃO HIDRÁULICA - SCANIA DO BRASIL Bruto" -> "CAIXA DE DIREÇÃO HIDRÁULICA - SCANIA DO BRASIL - Bruto"
[2025-12-21T04:53:16.275854] id=853: "CAIXA DE DIREÇÃO HIDRÁULICA - SCANIA DO BRASIL Bruto" -> "CAIXA DE DIREÇÃO HIDRÁULICA - SCANIA DO BRASIL - Bruto"
[2025-12-21T04:53:16.276166] id=854: "CAIXA DE DIREÇÃO HIDRÁULICA - SCANIA DO BRASIL Bruto" -> "CAIXA DE DIREÇÃO HIDRÁULICA - SCANIA DO BRASIL - Bruto"
[2025-12-21T04:53:16.276470] id=855: "CAIXA DE DIREÇÃO HIDRÁULICA - SCANIA DO BRASIL Bruto" -> "CAIXA DE DIREÇÃO HIDRÁULICA - SCANIA DO BRASIL - Bruto"
[2025-12-21T04:53:16.276859] id=856: "CAIXA DE DIREÇÃO HIDRÁULICA - SCANIA DO BRASIL Bruto" -> "CAIXA DE DIREÇÃO HIDRÁULICA - SCANIA DO BRASIL - Bruto"
[2025-12-21T04:53:16.277179] id=857: "CAIXA DE DIREÇÃO HIDRÁULICA - SCANIA DO BRASIL Usinado" -> "CAIXA DE DIREÇÃO HIDRÁULICA - SCANIA DO BRASIL - Usinado"
[2025-12-21T04:53:16.277576] id=858: "CAIXA DE DIREÇÃO HIDRÁULICA - SCANIA DO BRASIL Usinado" -> "CAIXA DE DIREÇÃO HIDRÁULICA - SCANIA DO BRASIL - Usinado"
[2025-12-21T04:53:16.277967] id=859: "CAIXA DE DIREÇÃO HIDRÁULICA - SCANIA DO BRASIL Usinado" -> "CAIXA DE DIREÇÃO HIDRÁULICA - SCANIA DO BRASIL - Usinado"
[2025-12-21T04:53:16.278365] id=860: "CAIXA DE DIREÇÃO HIDRÁULICA - SCANIA DO BRASIL Usinado" -> "CAIXA DE DIREÇÃO HIDRÁULICA - SCANIA DO BRASIL - Usinado"
[2025-12-21T04:53:16.278955] id=861: "CAIXA DE DIREÇÃO HIDRÁULICA - SCANIA DO BRASIL Usinado" -> "CAIXA DE DIREÇÃO HIDRÁULICA - SCANIA DO BRASIL - Usinado"
[2025-12-21T04:53:16.279293] id=862: "CAIXA DE DIREÇÃO HIDRÁULICA - SCANIA DO BRASIL Usinado" -> "CAIXA DE DIREÇÃO HIDRÁULICA - SCANIA DO BRASIL - Usinado"
[2025-12-21T04:53:16.279719] id=863: "CAIXA DE DIREÇÃO HIDRÁULICA - SCANIA DO BRASIL Usinado" -> "CAIXA DE DIREÇÃO HIDRÁULICA - SCANIA DO BRASIL - Usinado"
[2025-12-21T04:53:16.280132] id=864: "CAIXA DE DIREÇÃO HIDRÁULICA - SCANIA DO BRASIL Usinado" -> "CAIXA DE DIREÇÃO HIDRÁULICA - SCANIA DO BRASIL - Usinado"
[2025-12-21T04:53:16.280521] id=865: "CAIXA DE DIREÇÃO HIDRÁULICA - SCANIA DO BRASIL Usinado" -> "CAIXA DE DIREÇÃO HIDRÁULICA - SCANIA DO BRASIL - Usinado"
[2025-12-21T04:53:16.280925] id=866: "CAIXA DE DIREÇÃO HIDRÁULICA - SCANIA DO BRASIL Usinado" -> "CAIXA DE DIREÇÃO HIDRÁULICA - SCANIA DO BRASIL - Usinado"
[2025-12-21T04:53:16.281297] id=867: "CAIXA DE DIREÇÃO HIDRÁULICA - SCANIA DO BRASIL Usinado" -> "CAIXA DE DIREÇÃO HIDRÁULICA - SCANIA DO BRASIL - Usinado"
[2025-12-21T04:53:16.281599] id=868: "CAIXA DE DIREÇÃO HIDRÁULICA - SCANIA DO BRASIL Usinado" -> "CAIXA DE DIREÇÃO HIDRÁULICA - SCANIA DO BRASIL - Usinado"
[2025-12-21T04:53:16.282033] id=869: "CAIXA DE DIREÇÃO HIDRÁULICA - SCANIA DO BRASIL Usinado" -> "CAIXA DE DIREÇÃO HIDRÁULICA - SCANIA DO BRASIL - Usinado"
[2025-12-21T04:53:16.282368] id=870: "CAIXA DE DIREÇÃO HIDRÁULICA - SCANIA DO BRASIL Usinado" -> "CAIXA DE DIREÇÃO HIDRÁULICA - SCANIA DO BRASIL - Usinado"
[2025-12-21T04:53:16.282659] id=871: "CAIXA DE DIREÇÃO HIDRÁULICA - SCANIA DO BRASIL Usinado" -> "CAIXA DE DIREÇÃO HIDRÁULICA - SCANIA DO BRASIL - Usinado"
[2025-12-21T04:53:16.282948] id=872: "CAIXA DE DIREÇÃO HIDRÁULICA - SCANIA DO BRASIL Usinado" -> "CAIXA DE DIREÇÃO HIDRÁULICA - SCANIA DO BRASIL - Usinado"
[2025-12-21T04:53:16.283242] id=873: "CAIXA DE DIREÇÃO HIDRÁULICA - SCANIA DO BRASIL Usinado" -> "CAIXA DE DIREÇÃO HIDRÁULICA - SCANIA DO BRASIL - Usinado"
[2025-12-21T04:53:16.283594] id=874: "CAIXA DE DIREÇÃO HIDRÁULICA - SCANIA DO BRASIL Usinado" -> "CAIXA DE DIREÇÃO HIDRÁULICA - SCANIA DO BRASIL - Usinado"
[2025-12-21T04:53:16.283895] id=875: "CAIXA DE DIREÇÃO HIDRÁULICA - SCANIA DO BRASIL Usinado" -> "CAIXA DE DIREÇÃO HIDRÁULICA - SCANIA DO BRASIL - Usinado"
[2025-12-21T04:53:16.284190] id=876: "CAIXA DE DIREÇÃO HIDRÁULICA - SCANIA DO BRASIL Usinado" -> "CAIXA DE DIREÇÃO HIDRÁULICA - SCANIA DO BRASIL - Usinado"
[2025-12-21T04:53:16.284483] id=877: "CAIXA DE DIREÇÃO HIDRÁULICA - MAN LATIN AMERICA Bruto" -> "CAIXA DE DIREÇÃO HIDRÁULICA - MAN LATIN AMERICA - Bruto"
[2025-12-21T04:53:16.284787] id=878: "CAIXA DE DIREÇÃO HIDRÁULICA - MAN LATIN AMERICA Bruto" -> "CAIXA DE DIREÇÃO HIDRÁULICA - MAN LATIN AMERICA - Bruto"
[2025-12-21T04:53:16.285119] id=879: "CAIXA DE DIREÇÃO HIDRÁULICA - MAN LATIN AMERICA Bruto" -> "CAIXA DE DIREÇÃO HIDRÁULICA - MAN LATIN AMERICA - Bruto"
[2025-12-21T04:53:16.285473] id=880: "CAIXA DE DIREÇÃO HIDRÁULICA - MAN LATIN AMERICA Bruto" -> "CAIXA DE DIREÇÃO HIDRÁULICA - MAN LATIN AMERICA - Bruto"
[2025-12-21T04:53:16.285763] id=881: "CAIXA DE DIREÇÃO HIDRÁULICA - MAN LATIN AMERICA Bruto" -> "CAIXA DE DIREÇÃO HIDRÁULICA - MAN LATIN AMERICA - Bruto"
[2025-12-21T04:53:16.286057] id=882: "CAIXA DE DIREÇÃO HIDRÁULICA - MAN LATIN AMERICA Bruto" -> "CAIXA DE DIREÇÃO HIDRÁULICA - MAN LATIN AMERICA - Bruto"
[2025-12-21T04:53:16.286346] id=883: "CAIXA DE DIREÇÃO HIDRÁULICA - MAN LATIN AMERICA Bruto" -> "CAIXA DE DIREÇÃO HIDRÁULICA - MAN LATIN AMERICA - Bruto"
[2025-12-21T04:53:16.286650] id=884: "CAIXA DE DIREÇÃO HIDRÁULICA - MAN LATIN AMERICA Bruto" -> "CAIXA DE DIREÇÃO HIDRÁULICA - MAN LATIN AMERICA - Bruto"
[2025-12-21T04:53:16.286953] id=885: "CAIXA DE DIREÇÃO HIDRÁULICA - MAN LATIN AMERICA Bruto" -> "CAIXA DE DIREÇÃO HIDRÁULICA - MAN LATIN AMERICA - Bruto"
[2025-12-21T04:53:16.287252] id=886: "CAIXA DE DIREÇÃO HIDRÁULICA - MAN LATIN AMERICA Bruto" -> "CAIXA DE DIREÇÃO HIDRÁULICA - MAN LATIN AMERICA - Bruto"
[2025-12-21T04:53:16.287649] id=887: "CAIXA DE DIREÇÃO HIDRÁULICA - MAN LATIN AMERICA Usinado" -> "CAIXA DE DIREÇÃO HIDRÁULICA - MAN LATIN AMERICA - Usinado"
[2025-12-21T04:53:16.288096] id=888: "CAIXA DE DIREÇÃO HIDRÁULICA - MAN LATIN AMERICA Usinado" -> "CAIXA DE DIREÇÃO HIDRÁULICA - MAN LATIN AMERICA - Usinado"
[2025-12-21T04:53:16.288542] id=889: "CAIXA DE DIREÇÃO HIDRÁULICA - MAN LATIN AMERICA Usinado" -> "CAIXA DE DIREÇÃO HIDRÁULICA - MAN LATIN AMERICA - Usinado"
[2025-12-21T04:53:16.289047] id=890: "CAIXA DE DIREÇÃO HIDRÁULICA - MAN LATIN AMERICA Usinado" -> "CAIXA DE DIREÇÃO HIDRÁULICA - MAN LATIN AMERICA - Usinado"
[2025-12-21T04:53:16.289423] id=891: "CAIXA DE DIREÇÃO HIDRÁULICA - MAN LATIN AMERICA Usinado" -> "CAIXA DE DIREÇÃO HIDRÁULICA - MAN LATIN AMERICA - Usinado"
[2025-12-21T04:53:16.293007] id=892: "CAIXA DE DIREÇÃO HIDRÁULICA - MAN LATIN AMERICA Usinado" -> "CAIXA DE DIREÇÃO HIDRÁULICA - MAN LATIN AMERICA - Usinado"
[2025-12-21T04:53:16.294361] id=893: "CAIXA DE DIREÇÃO HIDRÁULICA - MAN LATIN AMERICA Usinado" -> "CAIXA DE DIREÇÃO HIDRÁULICA - MAN LATIN AMERICA - Usinado"
[2025-12-21T04:53:16.294798] id=894: "CAIXA DE DIREÇÃO HIDRÁULICA - MAN LATIN AMERICA Usinado" -> "CAIXA DE DIREÇÃO HIDRÁULICA - MAN LATIN AMERICA - Usinado"
[2025-12-21T04:53:16.295234] id=895: "CAIXA DE DIREÇÃO HIDRÁULICA - MAN LATIN AMERICA Usinado" -> "CAIXA DE DIREÇÃO HIDRÁULICA - MAN LATIN AMERICA - Usinado"
[2025-12-21T04:53:16.295641] id=896: "CAIXA DE DIREÇÃO HIDRÁULICA - MAN LATIN AMERICA Usinado" -> "CAIXA DE DIREÇÃO HIDRÁULICA - MAN LATIN AMERICA - Usinado"
[2025-12-21T04:53:16.295984] id=897: "CAIXA DE DIREÇÃO HIDRÁULICA - MAN LATIN AMERICA Usinado" -> "CAIXA DE DIREÇÃO HIDRÁULICA - MAN LATIN AMERICA - Usinado"
[2025-12-21T04:53:16.296325] id=898: "CAIXA DE DIREÇÃO HIDRÁULICA - MAN LATIN AMERICA Usinado" -> "CAIXA DE DIREÇÃO HIDRÁULICA - MAN LATIN AMERICA - Usinado"
[2025-12-21T04:53:16.296743] id=899: "CAIXA DE DIREÇÃO HIDRÁULICA - MAN LATIN AMERICA Usinado" -> "CAIXA DE DIREÇÃO HIDRÁULICA - MAN LATIN AMERICA - Usinado"
[2025-12-21T04:53:16.297160] id=900: "CAIXA DE DIREÇÃO HIDRÁULICA - MAN LATIN AMERICA Usinado" -> "CAIXA DE DIREÇÃO HIDRÁULICA - MAN LATIN AMERICA - Usinado"
[2025-12-21T04:53:16.297553] id=901: "CAIXA DE DIREÇÃO HIDRÁULICA - MAN LATIN AMERICA Usinado" -> "CAIXA DE DIREÇÃO HIDRÁULICA - MAN LATIN AMERICA - Usinado"
[2025-12-21T04:53:16.297932] id=902: "CAIXA DE DIREÇÃO HIDRÁULICA - MAN LATIN AMERICA Usinado" -> "CAIXA DE DIREÇÃO HIDRÁULICA - MAN LATIN AMERICA - Usinado"
[2025-12-21T04:53:16.298271] id=903: "CAIXA DE DIREÇÃO HIDRÁULICA - MAN LATIN AMERICA Usinado" -> "CAIXA DE DIREÇÃO HIDRÁULICA - MAN LATIN AMERICA - Usinado"
[2025-12-21T04:53:16.298729] id=904: "CAIXA DE DIREÇÃO HIDRÁULICA - MAN LATIN AMERICA Usinado" -> "CAIXA DE DIREÇÃO HIDRÁULICA - MAN LATIN AMERICA - Usinado"
[2025-12-21T04:53:16.299116] id=905: "CAIXA DE DIREÇÃO HIDRÁULICA - MAN LATIN AMERICA Usinado" -> "CAIXA DE DIREÇÃO HIDRÁULICA - MAN LATIN AMERICA - Usinado"
[2025-12-21T04:53:16.299511] id=906: "CAIXA DE DIREÇÃO HIDRÁULICA - MAN LATIN AMERICA Usinado" -> "CAIXA DE DIREÇÃO HIDRÁULICA - MAN LATIN AMERICA - Usinado"
[2025-12-21T04:53:16.299973] id=907: "CAIXA DE DIREÇÃO HIDRÁULICA - IVECO LATIN AMERICA Bruto" -> "CAIXA DE DIREÇÃO HIDRÁULICA - IVECO LATIN AMERICA - Bruto"
[2025-12-21T04:53:16.300329] id=908: "CAIXA DE DIREÇÃO HIDRÁULICA - IVECO LATIN AMERICA Bruto" -> "CAIXA DE DIREÇÃO HIDRÁULICA - IVECO LATIN AMERICA - Bruto"
[2025-12-21T04:53:16.300637] id=909: "CAIXA DE DIREÇÃO HIDRÁULICA - IVECO LATIN AMERICA Bruto" -> "CAIXA DE DIREÇÃO HIDRÁULICA - IVECO LATIN AMERICA - Bruto"
[2025-12-21T04:53:16.301272] id=910: "CAIXA DE DIREÇÃO HIDRÁULICA - IVECO LATIN AMERICA Bruto" -> "CAIXA DE DIREÇÃO HIDRÁULICA - IVECO LATIN AMERICA - Bruto"
[2025-12-21T04:53:16.301874] id=911: "CAIXA DE DIREÇÃO HIDRÁULICA - IVECO LATIN AMERICA Bruto" -> "CAIXA DE DIREÇÃO HIDRÁULICA - IVECO LATIN AMERICA - Bruto"
[2025-12-21T04:53:16.302278] id=912: "CAIXA DE DIREÇÃO HIDRÁULICA - IVECO LATIN AMERICA Bruto" -> "CAIXA DE DIREÇÃO HIDRÁULICA - IVECO LATIN AMERICA - Bruto"
[2025-12-21T04:53:16.302661] id=913: "CAIXA DE DIREÇÃO HIDRÁULICA - IVECO LATIN AMERICA Bruto" -> "CAIXA DE DIREÇÃO HIDRÁULICA - IVECO LATIN AMERICA - Bruto"
[2025-12-21T04:53:16.302963] id=914: "CAIXA DE DIREÇÃO HIDRÁULICA - IVECO LATIN AMERICA Bruto" -> "CAIXA DE DIREÇÃO HIDRÁULICA - IVECO LATIN AMERICA - Bruto"
[2025-12-21T04:53:16.303287] id=915: "CAIXA DE DIREÇÃO HIDRÁULICA - IVECO LATIN AMERICA Bruto" -> "CAIXA DE DIREÇÃO HIDRÁULICA - IVECO LATIN AMERICA - Bruto"
[2025-12-21T04:53:16.303826] id=916: "CAIXA DE DIREÇÃO HIDRÁULICA - IVECO LATIN AMERICA Bruto" -> "CAIXA DE DIREÇÃO HIDRÁULICA - IVECO LATIN AMERICA - Bruto"
[2025-12-21T04:53:16.304344] id=917: "CAIXA DE DIREÇÃO HIDRÁULICA - IVECO LATIN AMERICA Usinado" -> "CAIXA DE DIREÇÃO HIDRÁULICA - IVECO LATIN AMERICA - Usinado"
[2025-12-21T04:53:16.304677] id=918: "CAIXA DE DIREÇÃO HIDRÁULICA - IVECO LATIN AMERICA Usinado" -> "CAIXA DE DIREÇÃO HIDRÁULICA - IVECO LATIN AMERICA - Usinado"
[2025-12-21T04:53:16.305036] id=919: "CAIXA DE DIREÇÃO HIDRÁULICA - IVECO LATIN AMERICA Usinado" -> "CAIXA DE DIREÇÃO HIDRÁULICA - IVECO LATIN AMERICA - Usinado"
[2025-12-21T04:53:16.305436] id=920: "CAIXA DE DIREÇÃO HIDRÁULICA - IVECO LATIN AMERICA Usinado" -> "CAIXA DE DIREÇÃO HIDRÁULICA - IVECO LATIN AMERICA - Usinado"
[2025-12-21T04:53:16.305874] id=921: "CAIXA DE DIREÇÃO HIDRÁULICA - IVECO LATIN AMERICA Usinado" -> "CAIXA DE DIREÇÃO HIDRÁULICA - IVECO LATIN AMERICA - Usinado"
[2025-12-21T04:53:16.306227] id=922: "CAIXA DE DIREÇÃO HIDRÁULICA - IVECO LATIN AMERICA Usinado" -> "CAIXA DE DIREÇÃO HIDRÁULICA - IVECO LATIN AMERICA - Usinado"
[2025-12-21T04:53:16.306542] id=923: "CAIXA DE DIREÇÃO HIDRÁULICA - IVECO LATIN AMERICA Usinado" -> "CAIXA DE DIREÇÃO HIDRÁULICA - IVECO LATIN AMERICA - Usinado"
[2025-12-21T04:53:16.307201] id=924: "CAIXA DE DIREÇÃO HIDRÁULICA - IVECO LATIN AMERICA Usinado" -> "CAIXA DE DIREÇÃO HIDRÁULICA - IVECO LATIN AMERICA - Usinado"
[2025-12-21T04:53:16.308103] id=925: "CAIXA DE DIREÇÃO HIDRÁULICA - IVECO LATIN AMERICA Usinado" -> "CAIXA DE DIREÇÃO HIDRÁULICA - IVECO LATIN AMERICA - Usinado"
[2025-12-21T04:53:16.308932] id=926: "CAIXA DE DIREÇÃO HIDRÁULICA - IVECO LATIN AMERICA Usinado" -> "CAIXA DE DIREÇÃO HIDRÁULICA - IVECO LATIN AMERICA - Usinado"
[2025-12-21T04:53:16.309523] id=927: "CAIXA DE DIREÇÃO HIDRÁULICA - IVECO LATIN AMERICA Usinado" -> "CAIXA DE DIREÇÃO HIDRÁULICA - IVECO LATIN AMERICA - Usinado"
[2025-12-21T04:53:16.309966] id=928: "CAIXA DE DIREÇÃO HIDRÁULICA - IVECO LATIN AMERICA Usinado" -> "CAIXA DE DIREÇÃO HIDRÁULICA - IVECO LATIN AMERICA - Usinado"
[2025-12-21T04:53:16.310363] id=929: "CAIXA DE DIREÇÃO HIDRÁULICA - IVECO LATIN AMERICA Usinado" -> "CAIXA DE DIREÇÃO HIDRÁULICA - IVECO LATIN AMERICA - Usinado"
[2025-12-21T04:53:16.310890] id=930: "CAIXA DE DIREÇÃO HIDRÁULICA - IVECO LATIN AMERICA Usinado" -> "CAIXA DE DIREÇÃO HIDRÁULICA - IVECO LATIN AMERICA - Usinado"
[2025-12-21T04:53:16.311208] id=931: "CAIXA DE DIREÇÃO HIDRÁULICA - IVECO LATIN AMERICA Usinado" -> "CAIXA DE DIREÇÃO HIDRÁULICA - IVECO LATIN AMERICA - Usinado"
[2025-12-21T04:53:16.311604] id=932: "CAIXA DE DIREÇÃO HIDRÁULICA - IVECO LATIN AMERICA Usinado" -> "CAIXA DE DIREÇÃO HIDRÁULICA - IVECO LATIN AMERICA - Usinado"
[2025-12-21T04:53:16.311912] id=933: "CAIXA DE DIREÇÃO HIDRÁULICA - IVECO LATIN AMERICA Usinado" -> "CAIXA DE DIREÇÃO HIDRÁULICA - IVECO LATIN AMERICA - Usinado"
[2025-12-21T04:53:16.312248] id=934: "CAIXA DE DIREÇÃO HIDRÁULICA - IVECO LATIN AMERICA Usinado" -> "CAIXA DE DIREÇÃO HIDRÁULICA - IVECO LATIN AMERICA - Usinado"
[2025-12-21T04:53:16.312547] id=935: "CAIXA DE DIREÇÃO HIDRÁULICA - IVECO LATIN AMERICA Usinado" -> "CAIXA DE DIREÇÃO HIDRÁULICA - IVECO LATIN AMERICA - Usinado"
[2025-12-21T04:53:16.312861] id=936: "CAIXA DE DIREÇÃO HIDRÁULICA - IVECO LATIN AMERICA Usinado" -> "CAIXA DE DIREÇÃO HIDRÁULICA - IVECO LATIN AMERICA - Usinado"
[2025-12-21T04:53:16.313150] id=937: "CAIXA DE DIREÇÃO HIDRÁULICA - PACCAR DO BRASIL Bruto" -> "CAIXA DE DIREÇÃO HIDRÁULICA - PACCAR DO BRASIL - Bruto"
[2025-12-21T04:53:16.313420] id=938: "CAIXA DE DIREÇÃO HIDRÁULICA - PACCAR DO BRASIL Bruto" -> "CAIXA DE DIREÇÃO HIDRÁULICA - PACCAR DO BRASIL - Bruto"
[2025-12-21T04:53:16.313721] id=939: "CAIXA DE DIREÇÃO HIDRÁULICA - PACCAR DO BRASIL Bruto" -> "CAIXA DE DIREÇÃO HIDRÁULICA - PACCAR DO BRASIL - Bruto"
[2025-12-21T04:53:16.314030] id=940: "CAIXA DE DIREÇÃO HIDRÁULICA - PACCAR DO BRASIL Bruto" -> "CAIXA DE DIREÇÃO HIDRÁULICA - PACCAR DO BRASIL - Bruto"
[2025-12-21T04:53:16.314321] id=941: "CAIXA DE DIREÇÃO HIDRÁULICA - PACCAR DO BRASIL Bruto" -> "CAIXA DE DIREÇÃO HIDRÁULICA - PACCAR DO BRASIL - Bruto"
[2025-12-21T04:53:16.314597] id=942: "CAIXA DE DIREÇÃO HIDRÁULICA - PACCAR DO BRASIL Bruto" -> "CAIXA DE DIREÇÃO HIDRÁULICA - PACCAR DO BRASIL - Bruto"
[2025-12-21T04:53:16.314894] id=943: "CAIXA DE DIREÇÃO HIDRÁULICA - PACCAR DO BRASIL Bruto" -> "CAIXA DE DIREÇÃO HIDRÁULICA - PACCAR DO BRASIL - Bruto"
[2025-12-21T04:53:16.315180] id=944: "CAIXA DE DIREÇÃO HIDRÁULICA - PACCAR DO BRASIL Bruto" -> "CAIXA DE DIREÇÃO HIDRÁULICA - PACCAR DO BRASIL - Bruto"
[2025-12-21T04:53:16.315446] id=945: "CAIXA DE DIREÇÃO HIDRÁULICA - PACCAR DO BRASIL Bruto" -> "CAIXA DE DIREÇÃO HIDRÁULICA - PACCAR DO BRASIL - Bruto"
[2025-12-21T04:53:16.315712] id=946: "CAIXA DE DIREÇÃO HIDRÁULICA - PACCAR DO BRASIL Bruto" -> "CAIXA DE DIREÇÃO HIDRÁULICA - PACCAR DO BRASIL - Bruto"
[2025-12-21T04:53:16.315982] id=947: "CAIXA DE DIREÇÃO HIDRÁULICA - PACCAR DO BRASIL Usinado" -> "CAIXA DE DIREÇÃO HIDRÁULICA - PACCAR DO BRASIL - Usinado"
[2025-12-21T04:53:16.316246] id=948: "CAIXA DE DIREÇÃO HIDRÁULICA - PACCAR DO BRASIL Usinado" -> "CAIXA DE DIREÇÃO HIDRÁULICA - PACCAR DO BRASIL - Usinado"
[2025-12-21T04:53:16.316508] id=949: "CAIXA DE DIREÇÃO HIDRÁULICA - PACCAR DO BRASIL Usinado" -> "CAIXA DE DIREÇÃO HIDRÁULICA - PACCAR DO BRASIL - Usinado"
[2025-12-21T04:53:16.316800] id=950: "CAIXA DE DIREÇÃO HIDRÁULICA - PACCAR DO BRASIL Usinado" -> "CAIXA DE DIREÇÃO HIDRÁULICA - PACCAR DO BRASIL - Usinado"
[2025-12-21T04:53:16.317105] id=951: "CAIXA DE DIREÇÃO HIDRÁULICA - PACCAR DO BRASIL Usinado" -> "CAIXA DE DIREÇÃO HIDRÁULICA - PACCAR DO BRASIL - Usinado"
[2025-12-21T04:53:16.317411] id=952: "CAIXA DE DIREÇÃO HIDRÁULICA - PACCAR DO BRASIL Usinado" -> "CAIXA DE DIREÇÃO HIDRÁULICA - PACCAR DO BRASIL - Usinado"
[2025-12-21T04:53:16.317704] id=953: "CAIXA DE DIREÇÃO HIDRÁULICA - PACCAR DO BRASIL Usinado" -> "CAIXA DE DIREÇÃO HIDRÁULICA - PACCAR DO BRASIL - Usinado"
[2025-12-21T04:53:16.317977] id=954: "CAIXA DE DIREÇÃO HIDRÁULICA - PACCAR DO BRASIL Usinado" -> "CAIXA DE DIREÇÃO HIDRÁULICA - PACCAR DO BRASIL - Usinado"
[2025-12-21T04:53:16.318244] id=955: "CAIXA DE DIREÇÃO HIDRÁULICA - PACCAR DO BRASIL Usinado" -> "CAIXA DE DIREÇÃO HIDRÁULICA - PACCAR DO BRASIL - Usinado"
[2025-12-21T04:53:16.318523] id=956: "CAIXA DE DIREÇÃO HIDRÁULICA - PACCAR DO BRASIL Usinado" -> "CAIXA DE DIREÇÃO HIDRÁULICA - PACCAR DO BRASIL - Usinado"
[2025-12-21T04:53:16.318805] id=957: "CAIXA DE DIREÇÃO HIDRÁULICA - PACCAR DO BRASIL Usinado" -> "CAIXA DE DIREÇÃO HIDRÁULICA - PACCAR DO BRASIL - Usinado"
[2025-12-21T04:53:16.319076] id=958: "CAIXA DE DIREÇÃO HIDRÁULICA - PACCAR DO BRASIL Usinado" -> "CAIXA DE DIREÇÃO HIDRÁULICA - PACCAR DO BRASIL - Usinado"
[2025-12-21T04:53:16.319349] id=959: "CAIXA DE DIREÇÃO HIDRÁULICA - PACCAR DO BRASIL Usinado" -> "CAIXA DE DIREÇÃO HIDRÁULICA - PACCAR DO BRASIL - Usinado"
[2025-12-21T04:53:16.319611] id=960: "CAIXA DE DIREÇÃO HIDRÁULICA - PACCAR DO BRASIL Usinado" -> "CAIXA DE DIREÇÃO HIDRÁULICA - PACCAR DO BRASIL - Usinado"
[2025-12-21T04:53:16.319879] id=961: "CAIXA DE DIREÇÃO HIDRÁULICA - PACCAR DO BRASIL Usinado" -> "CAIXA DE DIREÇÃO HIDRÁULICA - PACCAR DO BRASIL - Usinado"
[2025-12-21T04:53:16.320163] id=962: "CAIXA DE DIREÇÃO HIDRÁULICA - PACCAR DO BRASIL Usinado" -> "CAIXA DE DIREÇÃO HIDRÁULICA - PACCAR DO BRASIL - Usinado"
[2025-12-21T04:53:16.320446] id=963: "CAIXA DE DIREÇÃO HIDRÁULICA - PACCAR DO BRASIL Usinado" -> "CAIXA DE DIREÇÃO HIDRÁULICA - PACCAR DO BRASIL - Usinado"
[2025-12-21T04:53:16.320729] id=964: "CAIXA DE DIREÇÃO HIDRÁULICA - PACCAR DO BRASIL Usinado" -> "CAIXA DE DIREÇÃO HIDRÁULICA - PACCAR DO BRASIL - Usinado"
[2025-12-21T04:53:16.320998] id=965: "CAIXA DE DIREÇÃO HIDRÁULICA - PACCAR DO BRASIL Usinado" -> "CAIXA DE DIREÇÃO HIDRÁULICA - PACCAR DO BRASIL - Usinado"
[2025-12-21T04:53:16.321271] id=966: "CAIXA DE DIREÇÃO HIDRÁULICA - PACCAR DO BRASIL Usinado" -> "CAIXA DE DIREÇÃO HIDRÁULICA - PACCAR DO BRASIL - Usinado"
[2025-12-21T04:53:16.321565] id=967: "CAIXA DE DIREÇÃO HIDRÁULICA - HYUNDAI CAMINHÕES Bruto" -> "CAIXA DE DIREÇÃO HIDRÁULICA - HYUNDAI CAMINHÕES - Bruto"
[2025-12-21T04:53:16.321869] id=968: "CAIXA DE DIREÇÃO HIDRÁULICA - HYUNDAI CAMINHÕES Bruto" -> "CAIXA DE DIREÇÃO HIDRÁULICA - HYUNDAI CAMINHÕES - Bruto"
[2025-12-21T04:53:16.322160] id=969: "CAIXA DE DIREÇÃO HIDRÁULICA - HYUNDAI CAMINHÕES Bruto" -> "CAIXA DE DIREÇÃO HIDRÁULICA - HYUNDAI CAMINHÕES - Bruto"
[2025-12-21T04:53:16.322433] id=970: "CAIXA DE DIREÇÃO HIDRÁULICA - HYUNDAI CAMINHÕES Bruto" -> "CAIXA DE DIREÇÃO HIDRÁULICA - HYUNDAI CAMINHÕES - Bruto"
[2025-12-21T04:53:16.322707] id=971: "CAIXA DE DIREÇÃO HIDRÁULICA - HYUNDAI CAMINHÕES Bruto" -> "CAIXA DE DIREÇÃO HIDRÁULICA - HYUNDAI CAMINHÕES - Bruto"
[2025-12-21T04:53:16.322987] id=972: "CAIXA DE DIREÇÃO HIDRÁULICA - HYUNDAI CAMINHÕES Bruto" -> "CAIXA DE DIREÇÃO HIDRÁULICA - HYUNDAI CAMINHÕES - Bruto"
[2025-12-21T04:53:16.323289] id=973: "CAIXA DE DIREÇÃO HIDRÁULICA - HYUNDAI CAMINHÕES Bruto" -> "CAIXA DE DIREÇÃO HIDRÁULICA - HYUNDAI CAMINHÕES - Bruto"
[2025-12-21T04:53:16.323607] id=974: "CAIXA DE DIREÇÃO HIDRÁULICA - HYUNDAI CAMINHÕES Bruto" -> "CAIXA DE DIREÇÃO HIDRÁULICA - HYUNDAI CAMINHÕES - Bruto"
[2025-12-21T04:53:16.324049] id=975: "CAIXA DE DIREÇÃO HIDRÁULICA - HYUNDAI CAMINHÕES Bruto" -> "CAIXA DE DIREÇÃO HIDRÁULICA - HYUNDAI CAMINHÕES - Bruto"
[2025-12-21T04:53:16.324377] id=976: "CAIXA DE DIREÇÃO HIDRÁULICA - HYUNDAI CAMINHÕES Bruto" -> "CAIXA DE DIREÇÃO HIDRÁULICA - HYUNDAI CAMINHÕES - Bruto"
[2025-12-21T04:53:16.324748] id=977: "CAIXA DE DIREÇÃO HIDRÁULICA - HYUNDAI CAMINHÕES Usinado" -> "CAIXA DE DIREÇÃO HIDRÁULICA - HYUNDAI CAMINHÕES - Usinado"
[2025-12-21T04:53:16.325208] id=978: "CAIXA DE DIREÇÃO HIDRÁULICA - HYUNDAI CAMINHÕES Usinado" -> "CAIXA DE DIREÇÃO HIDRÁULICA - HYUNDAI CAMINHÕES - Usinado"
[2025-12-21T04:53:16.325583] id=979: "CAIXA DE DIREÇÃO HIDRÁULICA - HYUNDAI CAMINHÕES Usinado" -> "CAIXA DE DIREÇÃO HIDRÁULICA - HYUNDAI CAMINHÕES - Usinado"
[2025-12-21T04:53:16.325903] id=980: "CAIXA DE DIREÇÃO HIDRÁULICA - HYUNDAI CAMINHÕES Usinado" -> "CAIXA DE DIREÇÃO HIDRÁULICA - HYUNDAI CAMINHÕES - Usinado"
[2025-12-21T04:53:16.326415] id=981: "CAIXA DE DIREÇÃO HIDRÁULICA - HYUNDAI CAMINHÕES Usinado" -> "CAIXA DE DIREÇÃO HIDRÁULICA - HYUNDAI CAMINHÕES - Usinado"
[2025-12-21T04:53:16.326799] id=982: "CAIXA DE DIREÇÃO HIDRÁULICA - HYUNDAI CAMINHÕES Usinado" -> "CAIXA DE DIREÇÃO HIDRÁULICA - HYUNDAI CAMINHÕES - Usinado"
[2025-12-21T04:53:16.327141] id=983: "CAIXA DE DIREÇÃO HIDRÁULICA - HYUNDAI CAMINHÕES Usinado" -> "CAIXA DE DIREÇÃO HIDRÁULICA - HYUNDAI CAMINHÕES - Usinado"
[2025-12-21T04:53:16.327522] id=984: "CAIXA DE DIREÇÃO HIDRÁULICA - HYUNDAI CAMINHÕES Usinado" -> "CAIXA DE DIREÇÃO HIDRÁULICA - HYUNDAI CAMINHÕES - Usinado"
[2025-12-21T04:53:16.327871] id=985: "CAIXA DE DIREÇÃO HIDRÁULICA - HYUNDAI CAMINHÕES Usinado" -> "CAIXA DE DIREÇÃO HIDRÁULICA - HYUNDAI CAMINHÕES - Usinado"
[2025-12-21T04:53:16.328324] id=986: "CAIXA DE DIREÇÃO HIDRÁULICA - HYUNDAI CAMINHÕES Usinado" -> "CAIXA DE DIREÇÃO HIDRÁULICA - HYUNDAI CAMINHÕES - Usinado"
[2025-12-21T04:53:16.328801] id=987: "CAIXA DE DIREÇÃO HIDRÁULICA - HYUNDAI CAMINHÕES Usinado" -> "CAIXA DE DIREÇÃO HIDRÁULICA - HYUNDAI CAMINHÕES - Usinado"
[2025-12-21T04:53:16.329183] id=988: "CAIXA DE DIREÇÃO HIDRÁULICA - HYUNDAI CAMINHÕES Usinado" -> "CAIXA DE DIREÇÃO HIDRÁULICA - HYUNDAI CAMINHÕES - Usinado"
[2025-12-21T04:53:16.329555] id=989: "CAIXA DE DIREÇÃO HIDRÁULICA - HYUNDAI CAMINHÕES Usinado" -> "CAIXA DE DIREÇÃO HIDRÁULICA - HYUNDAI CAMINHÕES - Usinado"
[2025-12-21T04:53:16.329876] id=990: "CAIXA DE DIREÇÃO HIDRÁULICA - HYUNDAI CAMINHÕES Usinado" -> "CAIXA DE DIREÇÃO HIDRÁULICA - HYUNDAI CAMINHÕES - Usinado"
[2025-12-21T04:53:16.330179] id=991: "CAIXA DE DIREÇÃO HIDRÁULICA - HYUNDAI CAMINHÕES Usinado" -> "CAIXA DE DIREÇÃO HIDRÁULICA - HYUNDAI CAMINHÕES - Usinado"
[2025-12-21T04:53:16.330531] id=992: "CAIXA DE DIREÇÃO HIDRÁULICA - HYUNDAI CAMINHÕES Usinado" -> "CAIXA DE DIREÇÃO HIDRÁULICA - HYUNDAI CAMINHÕES - Usinado"
[2025-12-21T04:53:16.330861] id=993: "CAIXA DE DIREÇÃO HIDRÁULICA - HYUNDAI CAMINHÕES Usinado" -> "CAIXA DE DIREÇÃO HIDRÁULICA - HYUNDAI CAMINHÕES - Usinado"
[2025-12-21T04:53:16.331217] id=994: "CAIXA DE DIREÇÃO HIDRÁULICA - HYUNDAI CAMINHÕES Usinado" -> "CAIXA DE DIREÇÃO HIDRÁULICA - HYUNDAI CAMINHÕES - Usinado"
[2025-12-21T04:53:16.331762] id=995: "CAIXA DE DIREÇÃO HIDRÁULICA - HYUNDAI CAMINHÕES Usinado" -> "CAIXA DE DIREÇÃO HIDRÁULICA - HYUNDAI CAMINHÕES - Usinado"
[2025-12-21T04:53:16.332241] id=996: "CAIXA DE DIREÇÃO HIDRÁULICA - HYUNDAI CAMINHÕES Usinado" -> "CAIXA DE DIREÇÃO HIDRÁULICA - HYUNDAI CAMINHÕES - Usinado"
[2025-12-21T04:53:16.332792] id=997: "CAIXA DE DIREÇÃO HIDRÁULICA - JAC MOTORS BRASIL Bruto" -> "CAIXA DE DIREÇÃO HIDRÁULICA - JAC MOTORS BRASIL - Bruto"
[2025-12-21T04:53:16.333223] id=998: "CAIXA DE DIREÇÃO HIDRÁULICA - JAC MOTORS BRASIL Bruto" -> "CAIXA DE DIREÇÃO HIDRÁULICA - JAC MOTORS BRASIL - Bruto"
[2025-12-21T04:53:16.333698] id=999: "CAIXA DE DIREÇÃO HIDRÁULICA - JAC MOTORS BRASIL Bruto" -> "CAIXA DE DIREÇÃO HIDRÁULICA - JAC MOTORS BRASIL - Bruto"
[2025-12-21T04:53:16.334149] id=1000: "CAIXA DE DIREÇÃO HIDRÁULICA - JAC MOTORS BRASIL Bruto" -> "CAIXA DE DIREÇÃO HIDRÁULICA - JAC MOTORS BRASIL - Bruto"
[2025-12-21T04:53:16.334587] id=1001: "CAIXA DE DIREÇÃO HIDRÁULICA - JAC MOTORS BRASIL Bruto" -> "CAIXA DE DIREÇÃO HIDRÁULICA - JAC MOTORS BRASIL - Bruto"
[2025-12-21T04:53:16.334900] id=1002: "CAIXA DE DIREÇÃO HIDRÁULICA - JAC MOTORS BRASIL Bruto" -> "CAIXA DE DIREÇÃO HIDRÁULICA - JAC MOTORS BRASIL - Bruto"
[2025-12-21T04:53:16.335225] id=1003: "CAIXA DE DIREÇÃO HIDRÁULICA - JAC MOTORS BRASIL Bruto" -> "CAIXA DE DIREÇÃO HIDRÁULICA - JAC MOTORS BRASIL - Bruto"
[2025-12-21T04:53:16.335519] id=1004: "CAIXA DE DIREÇÃO HIDRÁULICA - JAC MOTORS BRASIL Bruto" -> "CAIXA DE DIREÇÃO HIDRÁULICA - JAC MOTORS BRASIL - Bruto"
[2025-12-21T04:53:16.335877] id=1005: "CAIXA DE DIREÇÃO HIDRÁULICA - JAC MOTORS BRASIL Bruto" -> "CAIXA DE DIREÇÃO HIDRÁULICA - JAC MOTORS BRASIL - Bruto"
[2025-12-21T04:53:16.336159] id=1006: "CAIXA DE DIREÇÃO HIDRÁULICA - JAC MOTORS BRASIL Bruto" -> "CAIXA DE DIREÇÃO HIDRÁULICA - JAC MOTORS BRASIL - Bruto"
[2025-12-21T04:53:16.336457] id=1007: "CAIXA DE DIREÇÃO HIDRÁULICA - JAC MOTORS BRASIL Usinado" -> "CAIXA DE DIREÇÃO HIDRÁULICA - JAC MOTORS BRASIL - Usinado"
[2025-12-21T04:53:16.336783] id=1008: "CAIXA DE DIREÇÃO HIDRÁULICA - JAC MOTORS BRASIL Usinado" -> "CAIXA DE DIREÇÃO HIDRÁULICA - JAC MOTORS BRASIL - Usinado"
[2025-12-21T04:53:16.337109] id=1009: "CAIXA DE DIREÇÃO HIDRÁULICA - JAC MOTORS BRASIL Usinado" -> "CAIXA DE DIREÇÃO HIDRÁULICA - JAC MOTORS BRASIL - Usinado"
[2025-12-21T04:53:16.337469] id=1010: "CAIXA DE DIREÇÃO HIDRÁULICA - JAC MOTORS BRASIL Usinado" -> "CAIXA DE DIREÇÃO HIDRÁULICA - JAC MOTORS BRASIL - Usinado"
[2025-12-21T04:53:16.337823] id=1011: "CAIXA DE DIREÇÃO HIDRÁULICA - JAC MOTORS BRASIL Usinado" -> "CAIXA DE DIREÇÃO HIDRÁULICA - JAC MOTORS BRASIL - Usinado"
[2025-12-21T04:53:16.338126] id=1012: "CAIXA DE DIREÇÃO HIDRÁULICA - JAC MOTORS BRASIL Usinado" -> "CAIXA DE DIREÇÃO HIDRÁULICA - JAC MOTORS BRASIL - Usinado"
[2025-12-21T04:53:16.338433] id=1013: "CAIXA DE DIREÇÃO HIDRÁULICA - JAC MOTORS BRASIL Usinado" -> "CAIXA DE DIREÇÃO HIDRÁULICA - JAC MOTORS BRASIL - Usinado"
[2025-12-21T04:53:16.338997] id=1014: "CAIXA DE DIREÇÃO HIDRÁULICA - JAC MOTORS BRASIL Usinado" -> "CAIXA DE DIREÇÃO HIDRÁULICA - JAC MOTORS BRASIL - Usinado"
[2025-12-21T04:53:16.339416] id=1015: "CAIXA DE DIREÇÃO HIDRÁULICA - JAC MOTORS BRASIL Usinado" -> "CAIXA DE DIREÇÃO HIDRÁULICA - JAC MOTORS BRASIL - Usinado"
[2025-12-21T04:53:16.339726] id=1016: "CAIXA DE DIREÇÃO HIDRÁULICA - JAC MOTORS BRASIL Usinado" -> "CAIXA DE DIREÇÃO HIDRÁULICA - JAC MOTORS BRASIL - Usinado"
[2025-12-21T04:53:16.340209] id=1017: "CAIXA DE DIREÇÃO HIDRÁULICA - JAC MOTORS BRASIL Usinado" -> "CAIXA DE DIREÇÃO HIDRÁULICA - JAC MOTORS BRASIL - Usinado"
[2025-12-21T04:53:16.340516] id=1018: "CAIXA DE DIREÇÃO HIDRÁULICA - JAC MOTORS BRASIL Usinado" -> "CAIXA DE DIREÇÃO HIDRÁULICA - JAC MOTORS BRASIL - Usinado"
[2025-12-21T04:53:16.340836] id=1019: "CAIXA DE DIREÇÃO HIDRÁULICA - JAC MOTORS BRASIL Usinado" -> "CAIXA DE DIREÇÃO HIDRÁULICA - JAC MOTORS BRASIL - Usinado"
[2025-12-21T04:53:16.341157] id=1020: "CAIXA DE DIREÇÃO HIDRÁULICA - JAC MOTORS BRASIL Usinado" -> "CAIXA DE DIREÇÃO HIDRÁULICA - JAC MOTORS BRASIL - Usinado"
[2025-12-21T04:53:16.341488] id=1021: "CAIXA DE DIREÇÃO HIDRÁULICA - JAC MOTORS BRASIL Usinado" -> "CAIXA DE DIREÇÃO HIDRÁULICA - JAC MOTORS BRASIL - Usinado"
[2025-12-21T04:53:16.341782] id=1022: "CAIXA DE DIREÇÃO HIDRÁULICA - JAC MOTORS BRASIL Usinado" -> "CAIXA DE DIREÇÃO HIDRÁULICA - JAC MOTORS BRASIL - Usinado"
[2025-12-21T04:53:16.342095] id=1023: "CAIXA DE DIREÇÃO HIDRÁULICA - JAC MOTORS BRASIL Usinado" -> "CAIXA DE DIREÇÃO HIDRÁULICA - JAC MOTORS BRASIL - Usinado"
[2025-12-21T04:53:16.342431] id=1024: "CAIXA DE DIREÇÃO HIDRÁULICA - JAC MOTORS BRASIL Usinado" -> "CAIXA DE DIREÇÃO HIDRÁULICA - JAC MOTORS BRASIL - Usinado"
[2025-12-21T04:53:16.342795] id=1025: "CAIXA DE DIREÇÃO HIDRÁULICA - JAC MOTORS BRASIL Usinado" -> "CAIXA DE DIREÇÃO HIDRÁULICA - JAC MOTORS BRASIL - Usinado"
[2025-12-21T04:53:16.343103] id=1026: "CAIXA DE DIREÇÃO HIDRÁULICA - JAC MOTORS BRASIL Usinado" -> "CAIXA DE DIREÇÃO HIDRÁULICA - JAC MOTORS BRASIL - Usinado"
[2025-12-21T04:53:16.343395] id=1027: "CAIXA DE DIREÇÃO HIDRÁULICA - SHACMAN BRASIL Bruto" -> "CAIXA DE DIREÇÃO HIDRÁULICA - SHACMAN BRASIL - Bruto"
[2025-12-21T04:53:16.343727] id=1028: "CAIXA DE DIREÇÃO HIDRÁULICA - SHACMAN BRASIL Bruto" -> "CAIXA DE DIREÇÃO HIDRÁULICA - SHACMAN BRASIL - Bruto"
[2025-12-21T04:53:16.344039] id=1029: "CAIXA DE DIREÇÃO HIDRÁULICA - SHACMAN BRASIL Bruto" -> "CAIXA DE DIREÇÃO HIDRÁULICA - SHACMAN BRASIL - Bruto"
[2025-12-21T04:53:16.344320] id=1030: "CAIXA DE DIREÇÃO HIDRÁULICA - SHACMAN BRASIL Bruto" -> "CAIXA DE DIREÇÃO HIDRÁULICA - SHACMAN BRASIL - Bruto"
[2025-12-21T04:53:16.344608] id=1031: "CAIXA DE DIREÇÃO HIDRÁULICA - SHACMAN BRASIL Bruto" -> "CAIXA DE DIREÇÃO HIDRÁULICA - SHACMAN BRASIL - Bruto"
[2025-12-21T04:53:16.344984] id=1032: "CAIXA DE DIREÇÃO HIDRÁULICA - SHACMAN BRASIL Bruto" -> "CAIXA DE DIREÇÃO HIDRÁULICA - SHACMAN BRASIL - Bruto"
[2025-12-21T04:53:16.345284] id=1033: "CAIXA DE DIREÇÃO HIDRÁULICA - SHACMAN BRASIL Bruto" -> "CAIXA DE DIREÇÃO HIDRÁULICA - SHACMAN BRASIL - Bruto"
[2025-12-21T04:53:16.345600] id=1034: "CAIXA DE DIREÇÃO HIDRÁULICA - SHACMAN BRASIL Bruto" -> "CAIXA DE DIREÇÃO HIDRÁULICA - SHACMAN BRASIL - Bruto"
[2025-12-21T04:53:16.345968] id=1035: "CAIXA DE DIREÇÃO HIDRÁULICA - SHACMAN BRASIL Bruto" -> "CAIXA DE DIREÇÃO HIDRÁULICA - SHACMAN BRASIL - Bruto"
[2025-12-21T04:53:16.346257] id=1036: "CAIXA DE DIREÇÃO HIDRÁULICA - SHACMAN BRASIL Bruto" -> "CAIXA DE DIREÇÃO HIDRÁULICA - SHACMAN BRASIL - Bruto"
[2025-12-21T04:53:16.346539] id=1037: "CAIXA DE DIREÇÃO HIDRÁULICA - SHACMAN BRASIL Usinado" -> "CAIXA DE DIREÇÃO HIDRÁULICA - SHACMAN BRASIL - Usinado"
[2025-12-21T04:53:16.346827] id=1038: "CAIXA DE DIREÇÃO HIDRÁULICA - SHACMAN BRASIL Usinado" -> "CAIXA DE DIREÇÃO HIDRÁULICA - SHACMAN BRASIL - Usinado"
[2025-12-21T04:53:16.347104] id=1039: "CAIXA DE DIREÇÃO HIDRÁULICA - SHACMAN BRASIL Usinado" -> "CAIXA DE DIREÇÃO HIDRÁULICA - SHACMAN BRASIL - Usinado"
[2025-12-21T04:53:16.347397] id=1040: "CAIXA DE DIREÇÃO HIDRÁULICA - SHACMAN BRASIL Usinado" -> "CAIXA DE DIREÇÃO HIDRÁULICA - SHACMAN BRASIL - Usinado"
[2025-12-21T04:53:16.347722] id=1041: "CAIXA DE DIREÇÃO HIDRÁULICA - SHACMAN BRASIL Usinado" -> "CAIXA DE DIREÇÃO HIDRÁULICA - SHACMAN BRASIL - Usinado"
[2025-12-21T04:53:16.348079] id=1042: "CAIXA DE DIREÇÃO HIDRÁULICA - SHACMAN BRASIL Usinado" -> "CAIXA DE DIREÇÃO HIDRÁULICA - SHACMAN BRASIL - Usinado"
[2025-12-21T04:53:16.348357] id=1043: "CAIXA DE DIREÇÃO HIDRÁULICA - SHACMAN BRASIL Usinado" -> "CAIXA DE DIREÇÃO HIDRÁULICA - SHACMAN BRASIL - Usinado"
[2025-12-21T04:53:16.348671] id=1044: "CAIXA DE DIREÇÃO HIDRÁULICA - SHACMAN BRASIL Usinado" -> "CAIXA DE DIREÇÃO HIDRÁULICA - SHACMAN BRASIL - Usinado"
[2025-12-21T04:53:16.348972] id=1045: "CAIXA DE DIREÇÃO HIDRÁULICA - SHACMAN BRASIL Usinado" -> "CAIXA DE DIREÇÃO HIDRÁULICA - SHACMAN BRASIL - Usinado"
[2025-12-21T04:53:16.349267] id=1046: "CAIXA DE DIREÇÃO HIDRÁULICA - SHACMAN BRASIL Usinado" -> "CAIXA DE DIREÇÃO HIDRÁULICA - SHACMAN BRASIL - Usinado"
[2025-12-21T04:53:16.349552] id=1047: "CAIXA DE DIREÇÃO HIDRÁULICA - SHACMAN BRASIL Usinado" -> "CAIXA DE DIREÇÃO HIDRÁULICA - SHACMAN BRASIL - Usinado"
[2025-12-21T04:53:16.349832] id=1048: "CAIXA DE DIREÇÃO HIDRÁULICA - SHACMAN BRASIL Usinado" -> "CAIXA DE DIREÇÃO HIDRÁULICA - SHACMAN BRASIL - Usinado"
[2025-12-21T04:53:16.350100] id=1049: "CAIXA DE DIREÇÃO HIDRÁULICA - SHACMAN BRASIL Usinado" -> "CAIXA DE DIREÇÃO HIDRÁULICA - SHACMAN BRASIL - Usinado"
[2025-12-21T04:53:16.350365] id=1050: "CAIXA DE DIREÇÃO HIDRÁULICA - SHACMAN BRASIL Usinado" -> "CAIXA DE DIREÇÃO HIDRÁULICA - SHACMAN BRASIL - Usinado"
[2025-12-21T04:53:16.350667] id=1051: "CAIXA DE DIREÇÃO HIDRÁULICA - SHACMAN BRASIL Usinado" -> "CAIXA DE DIREÇÃO HIDRÁULICA - SHACMAN BRASIL - Usinado"
[2025-12-21T04:53:16.350974] id=1052: "CAIXA DE DIREÇÃO HIDRÁULICA - SHACMAN BRASIL Usinado" -> "CAIXA DE DIREÇÃO HIDRÁULICA - SHACMAN BRASIL - Usinado"
[2025-12-21T04:53:16.351273] id=1053: "CAIXA DE DIREÇÃO HIDRÁULICA - SHACMAN BRASIL Usinado" -> "CAIXA DE DIREÇÃO HIDRÁULICA - SHACMAN BRASIL - Usinado"
[2025-12-21T04:53:16.351562] id=1054: "CAIXA DE DIREÇÃO HIDRÁULICA - SHACMAN BRASIL Usinado" -> "CAIXA DE DIREÇÃO HIDRÁULICA - SHACMAN BRASIL - Usinado"
[2025-12-21T04:53:16.351850] id=1055: "CAIXA DE DIREÇÃO HIDRÁULICA - SHACMAN BRASIL Usinado" -> "CAIXA DE DIREÇÃO HIDRÁULICA - SHACMAN BRASIL - Usinado"
[2025-12-21T04:53:16.352148] id=1056: "CAIXA DE DIREÇÃO HIDRÁULICA - SHACMAN BRASIL Usinado" -> "CAIXA DE DIREÇÃO HIDRÁULICA - SHACMAN BRASIL - Usinado"
[2025-12-21T04:53:16.352439] id=1057: "CAIXA DE DIREÇÃO HIDRÁULICA - SINOTRUK BRASIL Bruto" -> "CAIXA DE DIREÇÃO HIDRÁULICA - SINOTRUK BRASIL - Bruto"
[2025-12-21T04:53:16.352724] id=1058: "CAIXA DE DIREÇÃO HIDRÁULICA - SINOTRUK BRASIL Bruto" -> "CAIXA DE DIREÇÃO HIDRÁULICA - SINOTRUK BRASIL - Bruto"
[2025-12-21T04:53:16.353025] id=1059: "CAIXA DE DIREÇÃO HIDRÁULICA - SINOTRUK BRASIL Bruto" -> "CAIXA DE DIREÇÃO HIDRÁULICA - SINOTRUK BRASIL - Bruto"
[2025-12-21T04:53:16.353306] id=1060: "CAIXA DE DIREÇÃO HIDRÁULICA - SINOTRUK BRASIL Bruto" -> "CAIXA DE DIREÇÃO HIDRÁULICA - SINOTRUK BRASIL - Bruto"
[2025-12-21T04:53:16.353588] id=1061: "CAIXA DE DIREÇÃO HIDRÁULICA - SINOTRUK BRASIL Bruto" -> "CAIXA DE DIREÇÃO HIDRÁULICA - SINOTRUK BRASIL - Bruto"
[2025-12-21T04:53:16.353977] id=1062: "CAIXA DE DIREÇÃO HIDRÁULICA - SINOTRUK BRASIL Bruto" -> "CAIXA DE DIREÇÃO HIDRÁULICA - SINOTRUK BRASIL - Bruto"
[2025-12-21T04:53:16.354270] id=1063: "CAIXA DE DIREÇÃO HIDRÁULICA - SINOTRUK BRASIL Bruto" -> "CAIXA DE DIREÇÃO HIDRÁULICA - SINOTRUK BRASIL - Bruto"
[2025-12-21T04:53:16.354569] id=1064: "CAIXA DE DIREÇÃO HIDRÁULICA - SINOTRUK BRASIL Bruto" -> "CAIXA DE DIREÇÃO HIDRÁULICA - SINOTRUK BRASIL - Bruto"
[2025-12-21T04:53:16.354861] id=1065: "CAIXA DE DIREÇÃO HIDRÁULICA - SINOTRUK BRASIL Bruto" -> "CAIXA DE DIREÇÃO HIDRÁULICA - SINOTRUK BRASIL - Bruto"
[2025-12-21T04:53:16.355143] id=1066: "CAIXA DE DIREÇÃO HIDRÁULICA - SINOTRUK BRASIL Bruto" -> "CAIXA DE DIREÇÃO HIDRÁULICA - SINOTRUK BRASIL - Bruto"
[2025-12-21T04:53:16.355430] id=1067: "CAIXA DE DIREÇÃO HIDRÁULICA - SINOTRUK BRASIL Usinado" -> "CAIXA DE DIREÇÃO HIDRÁULICA - SINOTRUK BRASIL - Usinado"
[2025-12-21T04:53:16.355715] id=1068: "CAIXA DE DIREÇÃO HIDRÁULICA - SINOTRUK BRASIL Usinado" -> "CAIXA DE DIREÇÃO HIDRÁULICA - SINOTRUK BRASIL - Usinado"
[2025-12-21T04:53:16.355997] id=1069: "CAIXA DE DIREÇÃO HIDRÁULICA - SINOTRUK BRASIL Usinado" -> "CAIXA DE DIREÇÃO HIDRÁULICA - SINOTRUK BRASIL - Usinado"
[2025-12-21T04:53:16.356277] id=1070: "CAIXA DE DIREÇÃO HIDRÁULICA - SINOTRUK BRASIL Usinado" -> "CAIXA DE DIREÇÃO HIDRÁULICA - SINOTRUK BRASIL - Usinado"
[2025-12-21T04:53:16.356570] id=1071: "CAIXA DE DIREÇÃO HIDRÁULICA - SINOTRUK BRASIL Usinado" -> "CAIXA DE DIREÇÃO HIDRÁULICA - SINOTRUK BRASIL - Usinado"
[2025-12-21T04:53:16.356927] id=1072: "CAIXA DE DIREÇÃO HIDRÁULICA - SINOTRUK BRASIL Usinado" -> "CAIXA DE DIREÇÃO HIDRÁULICA - SINOTRUK BRASIL - Usinado"
[2025-12-21T04:53:16.357228] id=1073: "CAIXA DE DIREÇÃO HIDRÁULICA - SINOTRUK BRASIL Usinado" -> "CAIXA DE DIREÇÃO HIDRÁULICA - SINOTRUK BRASIL - Usinado"
[2025-12-21T04:53:16.357562] id=1074: "CAIXA DE DIREÇÃO HIDRÁULICA - SINOTRUK BRASIL Usinado" -> "CAIXA DE DIREÇÃO HIDRÁULICA - SINOTRUK BRASIL - Usinado"
[2025-12-21T04:53:16.357878] id=1075: "CAIXA DE DIREÇÃO HIDRÁULICA - SINOTRUK BRASIL Usinado" -> "CAIXA DE DIREÇÃO HIDRÁULICA - SINOTRUK BRASIL - Usinado"
[2025-12-21T04:53:16.358176] id=1076: "CAIXA DE DIREÇÃO HIDRÁULICA - SINOTRUK BRASIL Usinado" -> "CAIXA DE DIREÇÃO HIDRÁULICA - SINOTRUK BRASIL - Usinado"
[2025-12-21T04:53:16.358465] id=1077: "CAIXA DE DIREÇÃO HIDRÁULICA - SINOTRUK BRASIL Usinado" -> "CAIXA DE DIREÇÃO HIDRÁULICA - SINOTRUK BRASIL - Usinado"
[2025-12-21T04:53:16.358878] id=1078: "CAIXA DE DIREÇÃO HIDRÁULICA - SINOTRUK BRASIL Usinado" -> "CAIXA DE DIREÇÃO HIDRÁULICA - SINOTRUK BRASIL - Usinado"
[2025-12-21T04:53:16.359292] id=1079: "CAIXA DE DIREÇÃO HIDRÁULICA - SINOTRUK BRASIL Usinado" -> "CAIXA DE DIREÇÃO HIDRÁULICA - SINOTRUK BRASIL - Usinado"
[2025-12-21T04:53:16.359659] id=1080: "CAIXA DE DIREÇÃO HIDRÁULICA - SINOTRUK BRASIL Usinado" -> "CAIXA DE DIREÇÃO HIDRÁULICA - SINOTRUK BRASIL - Usinado"
[2025-12-21T04:53:16.359988] id=1081: "CAIXA DE DIREÇÃO HIDRÁULICA - SINOTRUK BRASIL Usinado" -> "CAIXA DE DIREÇÃO HIDRÁULICA - SINOTRUK BRASIL - Usinado"
[2025-12-21T04:53:16.360394] id=1082: "CAIXA DE DIREÇÃO HIDRÁULICA - SINOTRUK BRASIL Usinado" -> "CAIXA DE DIREÇÃO HIDRÁULICA - SINOTRUK BRASIL - Usinado"
[2025-12-21T04:53:16.360750] id=1083: "CAIXA DE DIREÇÃO HIDRÁULICA - SINOTRUK BRASIL Usinado" -> "CAIXA DE DIREÇÃO HIDRÁULICA - SINOTRUK BRASIL - Usinado"
[2025-12-21T04:53:16.361040] id=1084: "CAIXA DE DIREÇÃO HIDRÁULICA - SINOTRUK BRASIL Usinado" -> "CAIXA DE DIREÇÃO HIDRÁULICA - SINOTRUK BRASIL - Usinado"
[2025-12-21T04:53:16.361334] id=1085: "CAIXA DE DIREÇÃO HIDRÁULICA - SINOTRUK BRASIL Usinado" -> "CAIXA DE DIREÇÃO HIDRÁULICA - SINOTRUK BRASIL - Usinado"
[2025-12-21T04:53:16.361698] id=1086: "CAIXA DE DIREÇÃO HIDRÁULICA - SINOTRUK BRASIL Usinado" -> "CAIXA DE DIREÇÃO HIDRÁULICA - SINOTRUK BRASIL - Usinado"
[2025-12-21T04:53:16.372958] Updated 590 descriptions (added hífens)
[2025-12-21T04:53:16.373703] Sample of updated descriptions:
[2025-12-21T04:53:16.374088] (1086, 'PART-SIN-001-DUP-029', 'CAIXA DE DIREÇÃO HIDRÁULICA - SINOTRUK BRASIL - Usinado')
[2025-12-21T04:53:16.374347] (1085, 'PART-SIN-001-DUP-028', 'CAIXA DE DIREÇÃO HIDRÁULICA - SINOTRUK BRASIL - Usinado')
[2025-12-21T04:53:16.374608] (1084, 'PART-SIN-001-DUP-027', 'CAIXA DE DIREÇÃO HIDRÁULICA - SINOTRUK BRASIL - Usinado')
[2025-12-21T04:53:16.374918] (1083, 'PART-SIN-001-DUP-026', 'CAIXA DE DIREÇÃO HIDRÁULICA - SINOTRUK BRASIL - Usinado')
[2025-12-21T04:53:16.375163] (1082, 'PART-SIN-001-DUP-025', 'CAIXA DE DIREÇÃO HIDRÁULICA - SINOTRUK BRASIL - Usinado')
[2025-12-21T04:53:16.375394] (1081, 'PART-SIN-001-DUP-024', 'CAIXA DE DIREÇÃO HIDRÁULICA - SINOTRUK BRASIL - Usinado')
[2025-12-21T04:53:16.375663] (1080, 'PART-SIN-001-DUP-023', 'CAIXA DE DIREÇÃO HIDRÁULICA - SINOTRUK BRASIL - Usinado')
[2025-12-21T04:53:16.375943] (1079, 'PART-SIN-001-DUP-022', 'CAIXA DE DIREÇÃO HIDRÁULICA - SINOTRUK BRASIL - Usinado')
[2025-12-21T04:53:16.376294] (1078, 'PART-SIN-001-DUP-021', 'CAIXA DE DIREÇÃO HIDRÁULICA - SINOTRUK BRASIL - Usinado')
[2025-12-21T04:53:16.376540] (1077, 'PART-SIN-001-DUP-020', 'CAIXA DE DIREÇÃO HIDRÁULICA - SINOTRUK BRASIL - Usinado')
[2025-12-21T04:53:16.376807] (1076, 'PART-SIN-001-DUP-019', 'CAIXA DE DIREÇÃO HIDRÁULICA - SINOTRUK BRASIL - Usinado')
[2025-12-21T04:53:16.377057] (1075, 'PART-SIN-001-DUP-018', 'CAIXA DE DIREÇÃO HIDRÁULICA - SINOTRUK BRASIL - Usinado')
[2025-12-21T04:53:16.377316] (1074, 'PART-SIN-001-DUP-017', 'CAIXA DE DIREÇÃO HIDRÁULICA - SINOTRUK BRASIL - Usinado')
[2025-12-21T04:53:16.377573] (1073, 'PART-SIN-001-DUP-016', 'CAIXA DE DIREÇÃO HIDRÁULICA - SINOTRUK BRASIL - Usinado')
[2025-12-21T04:53:16.377823] (1072, 'PART-SIN-001-DUP-015', 'CAIXA DE DIREÇÃO HIDRÁULICA - SINOTRUK BRASIL - Usinado')
