[2025-12-21T04:32:40.640488] Tables with part_number to update: ['Movimentations', 'Scraps', 'Machining_Production', 'Stock', 'Assembly_Production']
[2025-12-21T04:32:40.643506] Found 360 PART- rows with -BR-/-US- suffixes
[2025-12-21T04:32:40.648001] Inserted new components_and_parts part_number=PART-MB-001 (from id=367)
[2025-12-21T04:32:40.649042] Updated 1 rows in Stock from PART-MB-001-BR-01 to PART-MB-001
[2025-12-21T04:32:40.649691] Deleted old components_and_parts id=367 pn=PART-MB-001-BR-01
[2025-12-21T04:32:40.650161] Inserted new components_and_parts part_number=PART-MB-001-DUP-001 (from id=368)
[2025-12-21T04:32:40.650571] Deleted old components_and_parts id=368 pn=PART-MB-001-BR-02
[2025-12-21T04:32:40.651051] Inserted new components_and_parts part_number=PART-MB-001-DUP-002 (from id=369)
[2025-12-21T04:32:40.651563] Deleted old components_and_parts id=369 pn=PART-MB-001-BR-03
[2025-12-21T04:32:40.651956] Inserted new components_and_parts part_number=PART-MB-001-DUP-003 (from id=370)
[2025-12-21T04:32:40.652370] Deleted old components_and_parts id=370 pn=PART-MB-001-BR-04
[2025-12-21T04:32:40.652723] Inserted new components_and_parts part_number=PART-MB-001-DUP-004 (from id=371)
[2025-12-21T04:32:40.653141] Deleted old components_and_parts id=371 pn=PART-MB-001-BR-05
[2025-12-21T04:32:40.653518] Inserted new components_and_parts part_number=PART-MB-001-DUP-005 (from id=372)
[2025-12-21T04:32:40.654024] Deleted old components_and_parts id=372 pn=PART-MB-001-BR-06
[2025-12-21T04:32:40.654433] Inserted new components_and_parts part_number=PART-MB-001-DUP-006 (from id=373)
[2025-12-21T04:32:40.654859] Deleted old components_and_parts id=373 pn=PART-MB-001-BR-07
[2025-12-21T04:32:40.655443] Inserted new components_and_parts part_number=PART-MB-001-DUP-007 (from id=374)
[2025-12-21T04:32:40.655811] Deleted old components_and_parts id=374 pn=PART-MB-001-BR-08
[2025-12-21T04:32:40.656116] Inserted new components_and_parts part_number=PART-MB-001-DUP-008 (from id=375)
[2025-12-21T04:32:40.656514] Deleted old components_and_parts id=375 pn=PART-MB-001-BR-09
[2025-12-21T04:32:40.656838] Inserted new components_and_parts part_number=PART-MB-001-DUP-009 (from id=376)
[2025-12-21T04:32:40.657187] Deleted old components_and_parts id=376 pn=PART-MB-001-BR-10
[2025-12-21T04:32:40.657520] Inserted new components_and_parts part_number=PART-MB-001-DUP-010 (from id=377)
[2025-12-21T04:32:40.657949] Deleted old components_and_parts id=377 pn=PART-MB-001-US-001
[2025-12-21T04:32:40.658280] Inserted new components_and_parts part_number=PART-MB-001-DUP-011 (from id=378)
[2025-12-21T04:32:40.658807] Deleted old components_and_parts id=378 pn=PART-MB-001-US-002
[2025-12-21T04:32:40.659194] Inserted new components_and_parts part_number=PART-MB-001-DUP-012 (from id=379)
[2025-12-21T04:32:40.659575] Deleted old components_and_parts id=379 pn=PART-MB-001-US-003
[2025-12-21T04:32:40.659957] Inserted new components_and_parts part_number=PART-MB-001-DUP-013 (from id=380)
[2025-12-21T04:32:40.660416] Deleted old components_and_parts id=380 pn=PART-MB-001-US-004
[2025-12-21T04:32:40.660800] Inserted new components_and_parts part_number=PART-MB-001-DUP-014 (from id=381)
[2025-12-21T04:32:40.661146] Deleted old components_and_parts id=381 pn=PART-MB-001-US-005
[2025-12-21T04:32:40.661554] Inserted new components_and_parts part_number=PART-MB-001-DUP-015 (from id=382)
[2025-12-21T04:32:40.661940] Deleted old components_and_parts id=382 pn=PART-MB-001-US-006
[2025-12-21T04:32:40.662330] Inserted new components_and_parts part_number=PART-MB-001-DUP-016 (from id=383)
[2025-12-21T04:32:40.662832] Deleted old components_and_parts id=383 pn=PART-MB-001-US-007
[2025-12-21T04:32:40.663263] Inserted new components_and_parts part_number=PART-MB-001-DUP-017 (from id=384)
[2025-12-21T04:32:40.663765] Deleted old components_and_parts id=384 pn=PART-MB-001-US-008
[2025-12-21T04:32:40.664155] Inserted new components_and_parts part_number=PART-MB-001-DUP-018 (from id=385)
[2025-12-21T04:32:40.664519] Deleted old components_and_parts id=385 pn=PART-MB-001-US-009
[2025-12-21T04:32:40.664986] Inserted new components_and_parts part_number=PART-MB-001-DUP-019 (from id=386)
[2025-12-21T04:32:40.665404] Deleted old components_and_parts id=386 pn=PART-MB-001-US-010
[2025-12-21T04:32:40.665762] Inserted new components_and_parts part_number=PART-MB-001-DUP-020 (from id=387)
[2025-12-21T04:32:40.666167] Deleted old components_and_parts id=387 pn=PART-MB-001-US-011
[2025-12-21T04:32:40.666556] Inserted new components_and_parts part_number=PART-MB-001-DUP-021 (from id=388)
[2025-12-21T04:32:40.666943] Deleted old components_and_parts id=388 pn=PART-MB-001-US-012
[2025-12-21T04:32:40.667274] Inserted new components_and_parts part_number=PART-MB-001-DUP-022 (from id=389)
[2025-12-21T04:32:40.667771] Deleted old components_and_parts id=389 pn=PART-MB-001-US-013
[2025-12-21T04:32:40.668141] Inserted new components_and_parts part_number=PART-MB-001-DUP-023 (from id=390)
[2025-12-21T04:32:40.668501] Deleted old components_and_parts id=390 pn=PART-MB-001-US-014
[2025-12-21T04:32:40.668855] Inserted new components_and_parts part_number=PART-MB-001-DUP-024 (from id=391)
[2025-12-21T04:32:40.669222] Deleted old components_and_parts id=391 pn=PART-MB-001-US-015
[2025-12-21T04:32:40.669634] Inserted new components_and_parts part_number=PART-MB-001-DUP-025 (from id=392)
[2025-12-21T04:32:40.670154] Deleted old components_and_parts id=392 pn=PART-MB-001-US-016
[2025-12-21T04:32:40.670678] Inserted new components_and_parts part_number=PART-MB-001-DUP-026 (from id=393)
[2025-12-21T04:32:40.671100] Deleted old components_and_parts id=393 pn=PART-MB-001-US-017
[2025-12-21T04:32:40.671477] Inserted new components_and_parts part_number=PART-MB-001-DUP-027 (from id=394)
[2025-12-21T04:32:40.671890] Deleted old components_and_parts id=394 pn=PART-MB-001-US-018
[2025-12-21T04:32:40.672243] Inserted new components_and_parts part_number=PART-MB-001-DUP-028 (from id=395)
[2025-12-21T04:32:40.672759] Deleted old components_and_parts id=395 pn=PART-MB-001-US-019
[2025-12-21T04:32:40.673179] Inserted new components_and_parts part_number=PART-MB-001-DUP-029 (from id=396)
[2025-12-21T04:32:40.673703] Deleted old components_and_parts id=396 pn=PART-MB-001-US-020
[2025-12-21T04:32:40.674096] Inserted new components_and_parts part_number=PART-MB-002 (from id=397)
[2025-12-21T04:32:40.674462] Deleted old components_and_parts id=397 pn=PART-MB-002-BR-01
[2025-12-21T04:32:40.674812] Inserted new components_and_parts part_number=PART-MB-002-DUP-001 (from id=398)
[2025-12-21T04:32:40.675190] Deleted old components_and_parts id=398 pn=PART-MB-002-BR-02
[2025-12-21T04:32:40.675488] Inserted new components_and_parts part_number=PART-MB-002-DUP-002 (from id=399)
[2025-12-21T04:32:40.675826] Deleted old components_and_parts id=399 pn=PART-MB-002-BR-03
[2025-12-21T04:32:40.676158] Inserted new components_and_parts part_number=PART-MB-002-DUP-003 (from id=400)
[2025-12-21T04:32:40.676530] Deleted old components_and_parts id=400 pn=PART-MB-002-BR-04
[2025-12-21T04:32:40.676849] Inserted new components_and_parts part_number=PART-MB-002-DUP-004 (from id=401)
[2025-12-21T04:32:40.677216] Deleted old components_and_parts id=401 pn=PART-MB-002-BR-05
[2025-12-21T04:32:40.677604] Inserted new components_and_parts part_number=PART-MB-002-DUP-005 (from id=402)
[2025-12-21T04:32:40.678154] Deleted old components_and_parts id=402 pn=PART-MB-002-BR-06
[2025-12-21T04:32:40.678497] Inserted new components_and_parts part_number=PART-MB-002-DUP-006 (from id=403)
[2025-12-21T04:32:40.679075] Deleted old components_and_parts id=403 pn=PART-MB-002-BR-07
[2025-12-21T04:32:40.679459] Inserted new components_and_parts part_number=PART-MB-002-DUP-007 (from id=404)
[2025-12-21T04:32:40.679894] Deleted old components_and_parts id=404 pn=PART-MB-002-BR-08
[2025-12-21T04:32:40.680223] Inserted new components_and_parts part_number=PART-MB-002-DUP-008 (from id=405)
[2025-12-21T04:32:40.680600] Deleted old components_and_parts id=405 pn=PART-MB-002-BR-09
[2025-12-21T04:32:40.680963] Inserted new components_and_parts part_number=PART-MB-002-DUP-009 (from id=406)
[2025-12-21T04:32:40.681339] Deleted old components_and_parts id=406 pn=PART-MB-002-BR-10
[2025-12-21T04:32:40.681805] Inserted new components_and_parts part_number=PART-MB-002-DUP-010 (from id=407)
[2025-12-21T04:32:40.682158] Deleted old components_and_parts id=407 pn=PART-MB-002-US-001
[2025-12-21T04:32:40.682463] Inserted new components_and_parts part_number=PART-MB-002-DUP-011 (from id=408)
[2025-12-21T04:32:40.682822] Deleted old components_and_parts id=408 pn=PART-MB-002-US-002
[2025-12-21T04:32:40.683187] Inserted new components_and_parts part_number=PART-MB-002-DUP-012 (from id=409)
[2025-12-21T04:32:40.683655] Deleted old components_and_parts id=409 pn=PART-MB-002-US-003
[2025-12-21T04:32:40.684027] Inserted new components_and_parts part_number=PART-MB-002-DUP-013 (from id=410)
[2025-12-21T04:32:40.684488] Deleted old components_and_parts id=410 pn=PART-MB-002-US-004
[2025-12-21T04:32:40.684950] Inserted new components_and_parts part_number=PART-MB-002-DUP-014 (from id=411)
[2025-12-21T04:32:40.685339] Deleted old components_and_parts id=411 pn=PART-MB-002-US-005
[2025-12-21T04:32:40.685770] Inserted new components_and_parts part_number=PART-MB-002-DUP-015 (from id=412)
[2025-12-21T04:32:40.686139] Deleted old components_and_parts id=412 pn=PART-MB-002-US-006
[2025-12-21T04:32:40.686459] Inserted new components_and_parts part_number=PART-MB-002-DUP-016 (from id=413)
[2025-12-21T04:32:40.686806] Deleted old components_and_parts id=413 pn=PART-MB-002-US-007
[2025-12-21T04:32:40.687220] Inserted new components_and_parts part_number=PART-MB-002-DUP-017 (from id=414)
[2025-12-21T04:32:40.687688] Deleted old components_and_parts id=414 pn=PART-MB-002-US-008
[2025-12-21T04:32:40.688161] Inserted new components_and_parts part_number=PART-MB-002-DUP-018 (from id=415)
[2025-12-21T04:32:40.688656] Deleted old components_and_parts id=415 pn=PART-MB-002-US-009
[2025-12-21T04:32:40.689036] Inserted new components_and_parts part_number=PART-MB-002-DUP-019 (from id=416)
[2025-12-21T04:32:40.689392] Deleted old components_and_parts id=416 pn=PART-MB-002-US-010
[2025-12-21T04:32:40.689709] Inserted new components_and_parts part_number=PART-MB-002-DUP-020 (from id=417)
[2025-12-21T04:32:40.690062] Deleted old components_and_parts id=417 pn=PART-MB-002-US-011
[2025-12-21T04:32:40.690395] Inserted new components_and_parts part_number=PART-MB-002-DUP-021 (from id=418)
[2025-12-21T04:32:40.690782] Deleted old components_and_parts id=418 pn=PART-MB-002-US-012
[2025-12-21T04:32:40.691115] Inserted new components_and_parts part_number=PART-MB-002-DUP-022 (from id=419)
[2025-12-21T04:32:40.691453] Deleted old components_and_parts id=419 pn=PART-MB-002-US-013
[2025-12-21T04:32:40.691815] Inserted new components_and_parts part_number=PART-MB-002-DUP-023 (from id=420)
[2025-12-21T04:32:40.692151] Deleted old components_and_parts id=420 pn=PART-MB-002-US-014
[2025-12-21T04:32:40.692464] Inserted new components_and_parts part_number=PART-MB-002-DUP-024 (from id=421)
[2025-12-21T04:32:40.692877] Deleted old components_and_parts id=421 pn=PART-MB-002-US-015
[2025-12-21T04:32:40.693220] Inserted new components_and_parts part_number=PART-MB-002-DUP-025 (from id=422)
[2025-12-21T04:32:40.693636] Deleted old components_and_parts id=422 pn=PART-MB-002-US-016
[2025-12-21T04:32:40.694115] Inserted new components_and_parts part_number=PART-MB-002-DUP-026 (from id=423)
[2025-12-21T04:32:40.694573] Deleted old components_and_parts id=423 pn=PART-MB-002-US-017
[2025-12-21T04:32:40.694975] Inserted new components_and_parts part_number=PART-MB-002-DUP-027 (from id=424)
[2025-12-21T04:32:40.695401] Deleted old components_and_parts id=424 pn=PART-MB-002-US-018
[2025-12-21T04:32:40.695789] Inserted new components_and_parts part_number=PART-MB-002-DUP-028 (from id=425)
[2025-12-21T04:32:40.696172] Deleted old components_and_parts id=425 pn=PART-MB-002-US-019
[2025-12-21T04:32:40.696556] Inserted new components_and_parts part_number=PART-MB-002-DUP-029 (from id=426)
[2025-12-21T04:32:40.697163] Deleted old components_and_parts id=426 pn=PART-MB-002-US-020
[2025-12-21T04:32:40.697769] Inserted new components_and_parts part_number=PART-VOL-001 (from id=427)
[2025-12-21T04:32:40.698127] Deleted old components_and_parts id=427 pn=PART-VOL-001-BR-01
[2025-12-21T04:32:40.698427] Inserted new components_and_parts part_number=PART-VOL-001-DUP-001 (from id=428)
[2025-12-21T04:32:40.698783] Deleted old components_and_parts id=428 pn=PART-VOL-001-BR-02
[2025-12-21T04:32:40.699162] Inserted new components_and_parts part_number=PART-VOL-001-DUP-002 (from id=429)
[2025-12-21T04:32:40.699628] Deleted old components_and_parts id=429 pn=PART-VOL-001-BR-03
[2025-12-21T04:32:40.699969] Inserted new components_and_parts part_number=PART-VOL-001-DUP-003 (from id=430)
[2025-12-21T04:32:40.700349] Deleted old components_and_parts id=430 pn=PART-VOL-001-BR-04
[2025-12-21T04:32:40.700683] Inserted new components_and_parts part_number=PART-VOL-001-DUP-004 (from id=431)
[2025-12-21T04:32:40.701073] Deleted old components_and_parts id=431 pn=PART-VOL-001-BR-05
[2025-12-21T04:32:40.701468] Inserted new components_and_parts part_number=PART-VOL-001-DUP-005 (from id=432)
[2025-12-21T04:32:40.701823] Deleted old components_and_parts id=432 pn=PART-VOL-001-BR-06
[2025-12-21T04:32:40.702133] Inserted new components_and_parts part_number=PART-VOL-001-DUP-006 (from id=433)
[2025-12-21T04:32:40.702536] Deleted old components_and_parts id=433 pn=PART-VOL-001-BR-07
[2025-12-21T04:32:40.702883] Inserted new components_and_parts part_number=PART-VOL-001-DUP-007 (from id=434)
[2025-12-21T04:32:40.703292] Deleted old components_and_parts id=434 pn=PART-VOL-001-BR-08
[2025-12-21T04:32:40.703729] Inserted new components_and_parts part_number=PART-VOL-001-DUP-008 (from id=435)
[2025-12-21T04:32:40.704175] Deleted old components_and_parts id=435 pn=PART-VOL-001-BR-09
[2025-12-21T04:32:40.704525] Inserted new components_and_parts part_number=PART-VOL-001-DUP-009 (from id=436)
[2025-12-21T04:32:40.704994] Deleted old components_and_parts id=436 pn=PART-VOL-001-BR-10
[2025-12-21T04:32:40.705352] Inserted new components_and_parts part_number=PART-VOL-001-DUP-010 (from id=437)
[2025-12-21T04:32:40.705731] Deleted old components_and_parts id=437 pn=PART-VOL-001-US-001
[2025-12-21T04:32:40.706064] Inserted new components_and_parts part_number=PART-VOL-001-DUP-011 (from id=438)
[2025-12-21T04:32:40.706425] Deleted old components_and_parts id=438 pn=PART-VOL-001-US-002
[2025-12-21T04:32:40.706768] Inserted new components_and_parts part_number=PART-VOL-001-DUP-012 (from id=439)
[2025-12-21T04:32:40.707122] Deleted old components_and_parts id=439 pn=PART-VOL-001-US-003
[2025-12-21T04:32:40.707432] Inserted new components_and_parts part_number=PART-VOL-001-DUP-013 (from id=440)
[2025-12-21T04:32:40.707866] Deleted old components_and_parts id=440 pn=PART-VOL-001-US-004
[2025-12-21T04:32:40.708182] Inserted new components_and_parts part_number=PART-VOL-001-DUP-014 (from id=441)
[2025-12-21T04:32:40.708513] Deleted old components_and_parts id=441 pn=PART-VOL-001-US-005
[2025-12-21T04:32:40.708963] Inserted new components_and_parts part_number=PART-VOL-001-DUP-015 (from id=442)
[2025-12-21T04:32:40.709363] Deleted old components_and_parts id=442 pn=PART-VOL-001-US-006
[2025-12-21T04:32:40.709683] Inserted new components_and_parts part_number=PART-VOL-001-DUP-016 (from id=443)
[2025-12-21T04:32:40.710054] Deleted old components_and_parts id=443 pn=PART-VOL-001-US-007
[2025-12-21T04:32:40.710374] Inserted new components_and_parts part_number=PART-VOL-001-DUP-017 (from id=444)
[2025-12-21T04:32:40.710722] Deleted old components_and_parts id=444 pn=PART-VOL-001-US-008
[2025-12-21T04:32:40.711105] Inserted new components_and_parts part_number=PART-VOL-001-DUP-018 (from id=445)
[2025-12-21T04:32:40.711474] Deleted old components_and_parts id=445 pn=PART-VOL-001-US-009
[2025-12-21T04:32:40.711863] Inserted new components_and_parts part_number=PART-VOL-001-DUP-019 (from id=446)
[2025-12-21T04:32:40.712228] Deleted old components_and_parts id=446 pn=PART-VOL-001-US-010
[2025-12-21T04:32:40.712582] Inserted new components_and_parts part_number=PART-VOL-001-DUP-020 (from id=447)
[2025-12-21T04:32:40.712951] Deleted old components_and_parts id=447 pn=PART-VOL-001-US-011
[2025-12-21T04:32:40.713295] Inserted new components_and_parts part_number=PART-VOL-001-DUP-021 (from id=448)
[2025-12-21T04:32:40.713692] Deleted old components_and_parts id=448 pn=PART-VOL-001-US-012
[2025-12-21T04:32:40.714091] Inserted new components_and_parts part_number=PART-VOL-001-DUP-022 (from id=449)
[2025-12-21T04:32:40.714647] Deleted old components_and_parts id=449 pn=PART-VOL-001-US-013
[2025-12-21T04:32:40.715077] Inserted new components_and_parts part_number=PART-VOL-001-DUP-023 (from id=450)
[2025-12-21T04:32:40.715546] Deleted old components_and_parts id=450 pn=PART-VOL-001-US-014
[2025-12-21T04:32:40.715952] Inserted new components_and_parts part_number=PART-VOL-001-DUP-024 (from id=451)
[2025-12-21T04:32:40.716327] Deleted old components_and_parts id=451 pn=PART-VOL-001-US-015
[2025-12-21T04:32:40.716684] Inserted new components_and_parts part_number=PART-VOL-001-DUP-025 (from id=452)
[2025-12-21T04:32:40.717078] Deleted old components_and_parts id=452 pn=PART-VOL-001-US-016
[2025-12-21T04:32:40.717761] Inserted new components_and_parts part_number=PART-VOL-001-DUP-026 (from id=453)
[2025-12-21T04:32:40.718123] Deleted old components_and_parts id=453 pn=PART-VOL-001-US-017
[2025-12-21T04:32:40.718515] Inserted new components_and_parts part_number=PART-VOL-001-DUP-027 (from id=454)
[2025-12-21T04:32:40.718924] Deleted old components_and_parts id=454 pn=PART-VOL-001-US-018
[2025-12-21T04:32:40.719288] Inserted new components_and_parts part_number=PART-VOL-001-DUP-028 (from id=455)
[2025-12-21T04:32:40.719732] Deleted old components_and_parts id=455 pn=PART-VOL-001-US-019
[2025-12-21T04:32:40.720355] Inserted new components_and_parts part_number=PART-VOL-001-DUP-029 (from id=456)
[2025-12-21T04:32:40.720854] Deleted old components_and_parts id=456 pn=PART-VOL-001-US-020
[2025-12-21T04:32:40.721398] Inserted new components_and_parts part_number=PART-VOL-002 (from id=457)
[2025-12-21T04:32:40.721824] Deleted old components_and_parts id=457 pn=PART-VOL-002-BR-01
[2025-12-21T04:32:40.722129] Inserted new components_and_parts part_number=PART-VOL-002-DUP-001 (from id=458)
[2025-12-21T04:32:40.722632] Deleted old components_and_parts id=458 pn=PART-VOL-002-BR-02
[2025-12-21T04:32:40.722935] Inserted new components_and_parts part_number=PART-VOL-002-DUP-002 (from id=459)
[2025-12-21T04:32:40.723284] Deleted old components_and_parts id=459 pn=PART-VOL-002-BR-03
[2025-12-21T04:32:40.723692] Inserted new components_and_parts part_number=PART-VOL-002-DUP-003 (from id=460)
[2025-12-21T04:32:40.724069] Deleted old components_and_parts id=460 pn=PART-VOL-002-BR-04
[2025-12-21T04:32:40.724435] Inserted new components_and_parts part_number=PART-VOL-002-DUP-004 (from id=461)
[2025-12-21T04:32:40.724840] Deleted old components_and_parts id=461 pn=PART-VOL-002-BR-05
[2025-12-21T04:32:40.725195] Inserted new components_and_parts part_number=PART-VOL-002-DUP-005 (from id=462)
[2025-12-21T04:32:40.725559] Deleted old components_and_parts id=462 pn=PART-VOL-002-BR-06
[2025-12-21T04:32:40.725922] Inserted new components_and_parts part_number=PART-VOL-002-DUP-006 (from id=463)
[2025-12-21T04:32:40.726284] Deleted old components_and_parts id=463 pn=PART-VOL-002-BR-07
[2025-12-21T04:32:40.726660] Inserted new components_and_parts part_number=PART-VOL-002-DUP-007 (from id=464)
[2025-12-21T04:32:40.727086] Deleted old components_and_parts id=464 pn=PART-VOL-002-BR-08
[2025-12-21T04:32:40.727412] Inserted new components_and_parts part_number=PART-VOL-002-DUP-008 (from id=465)
[2025-12-21T04:32:40.727844] Deleted old components_and_parts id=465 pn=PART-VOL-002-BR-09
[2025-12-21T04:32:40.728173] Inserted new components_and_parts part_number=PART-VOL-002-DUP-009 (from id=466)
[2025-12-21T04:32:40.728537] Deleted old components_and_parts id=466 pn=PART-VOL-002-BR-10
[2025-12-21T04:32:40.728873] Inserted new components_and_parts part_number=PART-VOL-002-DUP-010 (from id=467)
[2025-12-21T04:32:40.729289] Deleted old components_and_parts id=467 pn=PART-VOL-002-US-001
[2025-12-21T04:32:40.729641] Inserted new components_and_parts part_number=PART-VOL-002-DUP-011 (from id=468)
[2025-12-21T04:32:40.729984] Deleted old components_and_parts id=468 pn=PART-VOL-002-US-002
[2025-12-21T04:32:40.730311] Inserted new components_and_parts part_number=PART-VOL-002-DUP-012 (from id=469)
[2025-12-21T04:32:40.730828] Deleted old components_and_parts id=469 pn=PART-VOL-002-US-003
[2025-12-21T04:32:40.731153] Inserted new components_and_parts part_number=PART-VOL-002-DUP-013 (from id=470)
[2025-12-21T04:32:40.731512] Deleted old components_and_parts id=470 pn=PART-VOL-002-US-004
[2025-12-21T04:32:40.731850] Inserted new components_and_parts part_number=PART-VOL-002-DUP-014 (from id=471)
[2025-12-21T04:32:40.732192] Deleted old components_and_parts id=471 pn=PART-VOL-002-US-005
[2025-12-21T04:32:40.732498] Inserted new components_and_parts part_number=PART-VOL-002-DUP-015 (from id=472)
[2025-12-21T04:32:40.732828] Deleted old components_and_parts id=472 pn=PART-VOL-002-US-006
[2025-12-21T04:32:40.733133] Inserted new components_and_parts part_number=PART-VOL-002-DUP-016 (from id=473)
[2025-12-21T04:32:40.733456] Deleted old components_and_parts id=473 pn=PART-VOL-002-US-007
[2025-12-21T04:32:40.733775] Inserted new components_and_parts part_number=PART-VOL-002-DUP-017 (from id=474)
[2025-12-21T04:32:40.734317] Deleted old components_and_parts id=474 pn=PART-VOL-002-US-008
[2025-12-21T04:32:40.734741] Inserted new components_and_parts part_number=PART-VOL-002-DUP-018 (from id=475)
[2025-12-21T04:32:40.735117] Deleted old components_and_parts id=475 pn=PART-VOL-002-US-009
[2025-12-21T04:32:40.735552] Inserted new components_and_parts part_number=PART-VOL-002-DUP-019 (from id=476)
[2025-12-21T04:32:40.735909] Deleted old components_and_parts id=476 pn=PART-VOL-002-US-010
[2025-12-21T04:32:40.736258] Inserted new components_and_parts part_number=PART-VOL-002-DUP-020 (from id=477)
[2025-12-21T04:32:40.736819] Deleted old components_and_parts id=477 pn=PART-VOL-002-US-011
[2025-12-21T04:32:40.737292] Inserted new components_and_parts part_number=PART-VOL-002-DUP-021 (from id=478)
[2025-12-21T04:32:40.737744] Deleted old components_and_parts id=478 pn=PART-VOL-002-US-012
[2025-12-21T04:32:40.738157] Inserted new components_and_parts part_number=PART-VOL-002-DUP-022 (from id=479)
[2025-12-21T04:32:40.738830] Deleted old components_and_parts id=479 pn=PART-VOL-002-US-013
[2025-12-21T04:32:40.739235] Inserted new components_and_parts part_number=PART-VOL-002-DUP-023 (from id=480)
[2025-12-21T04:32:40.739611] Deleted old components_and_parts id=480 pn=PART-VOL-002-US-014
[2025-12-21T04:32:40.739970] Inserted new components_and_parts part_number=PART-VOL-002-DUP-024 (from id=481)
[2025-12-21T04:32:40.740312] Deleted old components_and_parts id=481 pn=PART-VOL-002-US-015
[2025-12-21T04:32:40.740664] Inserted new components_and_parts part_number=PART-VOL-002-DUP-025 (from id=482)
[2025-12-21T04:32:40.741093] Deleted old components_and_parts id=482 pn=PART-VOL-002-US-016
[2025-12-21T04:32:40.741421] Inserted new components_and_parts part_number=PART-VOL-002-DUP-026 (from id=483)
[2025-12-21T04:32:40.741752] Deleted old components_and_parts id=483 pn=PART-VOL-002-US-017
[2025-12-21T04:32:40.742069] Inserted new components_and_parts part_number=PART-VOL-002-DUP-027 (from id=484)
[2025-12-21T04:32:40.742411] Deleted old components_and_parts id=484 pn=PART-VOL-002-US-018
[2025-12-21T04:32:40.742801] Inserted new components_and_parts part_number=PART-VOL-002-DUP-028 (from id=485)
[2025-12-21T04:32:40.743144] Deleted old components_and_parts id=485 pn=PART-VOL-002-US-019
[2025-12-21T04:32:40.743481] Inserted new components_and_parts part_number=PART-VOL-002-DUP-029 (from id=486)
[2025-12-21T04:32:40.743813] Deleted old components_and_parts id=486 pn=PART-VOL-002-US-020
[2025-12-21T04:32:40.744087] Inserted new components_and_parts part_number=PART-SCA-001 (from id=487)
[2025-12-21T04:32:40.744432] Deleted old components_and_parts id=487 pn=PART-SCA-001-BR-01
[2025-12-21T04:32:40.744788] Inserted new components_and_parts part_number=PART-SCA-001-DUP-001 (from id=488)
[2025-12-21T04:32:40.745188] Deleted old components_and_parts id=488 pn=PART-SCA-001-BR-02
[2025-12-21T04:32:40.745566] Inserted new components_and_parts part_number=PART-SCA-001-DUP-002 (from id=489)
[2025-12-21T04:32:40.745919] Deleted old components_and_parts id=489 pn=PART-SCA-001-BR-03
[2025-12-21T04:32:40.746223] Inserted new components_and_parts part_number=PART-SCA-001-DUP-003 (from id=490)
[2025-12-21T04:32:40.746565] Deleted old components_and_parts id=490 pn=PART-SCA-001-BR-04
[2025-12-21T04:32:40.746867] Inserted new components_and_parts part_number=PART-SCA-001-DUP-004 (from id=491)
[2025-12-21T04:32:40.747227] Deleted old components_and_parts id=491 pn=PART-SCA-001-BR-05
[2025-12-21T04:32:40.747733] Inserted new components_and_parts part_number=PART-SCA-001-DUP-005 (from id=492)
[2025-12-21T04:32:40.748174] Deleted old components_and_parts id=492 pn=PART-SCA-001-BR-06
[2025-12-21T04:32:40.748522] Inserted new components_and_parts part_number=PART-SCA-001-DUP-006 (from id=493)
[2025-12-21T04:32:40.748946] Deleted old components_and_parts id=493 pn=PART-SCA-001-BR-07
[2025-12-21T04:32:40.749251] Inserted new components_and_parts part_number=PART-SCA-001-DUP-007 (from id=494)
[2025-12-21T04:32:40.749599] Deleted old components_and_parts id=494 pn=PART-SCA-001-BR-08
[2025-12-21T04:32:40.749943] Inserted new components_and_parts part_number=PART-SCA-001-DUP-008 (from id=495)
[2025-12-21T04:32:40.750313] Deleted old components_and_parts id=495 pn=PART-SCA-001-BR-09
[2025-12-21T04:32:40.750640] Inserted new components_and_parts part_number=PART-SCA-001-DUP-009 (from id=496)
[2025-12-21T04:32:40.751108] Deleted old components_and_parts id=496 pn=PART-SCA-001-BR-10
[2025-12-21T04:32:40.751434] Inserted new components_and_parts part_number=PART-SCA-001-DUP-010 (from id=497)
[2025-12-21T04:32:40.751802] Deleted old components_and_parts id=497 pn=PART-SCA-001-US-001
[2025-12-21T04:32:40.752140] Inserted new components_and_parts part_number=PART-SCA-001-DUP-011 (from id=498)
[2025-12-21T04:32:40.752477] Deleted old components_and_parts id=498 pn=PART-SCA-001-US-002
[2025-12-21T04:32:40.752793] Inserted new components_and_parts part_number=PART-SCA-001-DUP-012 (from id=499)
[2025-12-21T04:32:40.753121] Deleted old components_and_parts id=499 pn=PART-SCA-001-US-003
[2025-12-21T04:32:40.753426] Inserted new components_and_parts part_number=PART-SCA-001-DUP-013 (from id=500)
[2025-12-21T04:32:40.753882] Deleted old components_and_parts id=500 pn=PART-SCA-001-US-004
[2025-12-21T04:32:40.754222] Inserted new components_and_parts part_number=PART-SCA-001-DUP-014 (from id=501)
[2025-12-21T04:32:40.754630] Deleted old components_and_parts id=501 pn=PART-SCA-001-US-005
[2025-12-21T04:32:40.755027] Inserted new components_and_parts part_number=PART-SCA-001-DUP-015 (from id=502)
[2025-12-21T04:32:40.755394] Deleted old components_and_parts id=502 pn=PART-SCA-001-US-006
[2025-12-21T04:32:40.755770] Inserted new components_and_parts part_number=PART-SCA-001-DUP-016 (from id=503)
[2025-12-21T04:32:40.756125] Deleted old components_and_parts id=503 pn=PART-SCA-001-US-007
[2025-12-21T04:32:40.756448] Inserted new components_and_parts part_number=PART-SCA-001-DUP-017 (from id=504)
[2025-12-21T04:32:40.756794] Deleted old components_and_parts id=504 pn=PART-SCA-001-US-008
[2025-12-21T04:32:40.757105] Inserted new components_and_parts part_number=PART-SCA-001-DUP-018 (from id=505)
[2025-12-21T04:32:40.757430] Deleted old components_and_parts id=505 pn=PART-SCA-001-US-009
[2025-12-21T04:32:40.757796] Inserted new components_and_parts part_number=PART-SCA-001-DUP-019 (from id=506)
[2025-12-21T04:32:40.758135] Deleted old components_and_parts id=506 pn=PART-SCA-001-US-010
[2025-12-21T04:32:40.758446] Inserted new components_and_parts part_number=PART-SCA-001-DUP-020 (from id=507)
[2025-12-21T04:32:40.758801] Deleted old components_and_parts id=507 pn=PART-SCA-001-US-011
[2025-12-21T04:32:40.759157] Inserted new components_and_parts part_number=PART-SCA-001-DUP-021 (from id=508)
[2025-12-21T04:32:40.759588] Deleted old components_and_parts id=508 pn=PART-SCA-001-US-012
[2025-12-21T04:32:40.759995] Inserted new components_and_parts part_number=PART-SCA-001-DUP-022 (from id=509)
[2025-12-21T04:32:40.760387] Deleted old components_and_parts id=509 pn=PART-SCA-001-US-013
[2025-12-21T04:32:40.760778] Inserted new components_and_parts part_number=PART-SCA-001-DUP-023 (from id=510)
[2025-12-21T04:32:40.761198] Deleted old components_and_parts id=510 pn=PART-SCA-001-US-014
[2025-12-21T04:32:40.761540] Inserted new components_and_parts part_number=PART-SCA-001-DUP-024 (from id=511)
[2025-12-21T04:32:40.761883] Deleted old components_and_parts id=511 pn=PART-SCA-001-US-015
[2025-12-21T04:32:40.762233] Inserted new components_and_parts part_number=PART-SCA-001-DUP-025 (from id=512)
[2025-12-21T04:32:40.762589] Deleted old components_and_parts id=512 pn=PART-SCA-001-US-016
[2025-12-21T04:32:40.762922] Inserted new components_and_parts part_number=PART-SCA-001-DUP-026 (from id=513)
[2025-12-21T04:32:40.763263] Deleted old components_and_parts id=513 pn=PART-SCA-001-US-017
[2025-12-21T04:32:40.763599] Inserted new components_and_parts part_number=PART-SCA-001-DUP-027 (from id=514)
[2025-12-21T04:32:40.763956] Deleted old components_and_parts id=514 pn=PART-SCA-001-US-018
[2025-12-21T04:32:40.764291] Inserted new components_and_parts part_number=PART-SCA-001-DUP-028 (from id=515)
[2025-12-21T04:32:40.764704] Deleted old components_and_parts id=515 pn=PART-SCA-001-US-019
[2025-12-21T04:32:40.765055] Inserted new components_and_parts part_number=PART-SCA-001-DUP-029 (from id=516)
[2025-12-21T04:32:40.765408] Deleted old components_and_parts id=516 pn=PART-SCA-001-US-020
[2025-12-21T04:32:40.765742] Inserted new components_and_parts part_number=PART-MAN-001 (from id=517)
[2025-12-21T04:32:40.766206] Deleted old components_and_parts id=517 pn=PART-MAN-001-BR-01
[2025-12-21T04:32:40.766608] Inserted new components_and_parts part_number=PART-MAN-001-DUP-001 (from id=518)
[2025-12-21T04:32:40.767013] Deleted old components_and_parts id=518 pn=PART-MAN-001-BR-02
[2025-12-21T04:32:40.767313] Inserted new components_and_parts part_number=PART-MAN-001-DUP-002 (from id=519)
[2025-12-21T04:32:40.767710] Deleted old components_and_parts id=519 pn=PART-MAN-001-BR-03
[2025-12-21T04:32:40.768050] Inserted new components_and_parts part_number=PART-MAN-001-DUP-003 (from id=520)
[2025-12-21T04:32:40.768412] Deleted old components_and_parts id=520 pn=PART-MAN-001-BR-04
[2025-12-21T04:32:40.768932] Inserted new components_and_parts part_number=PART-MAN-001-DUP-004 (from id=521)
[2025-12-21T04:32:40.769436] Deleted old components_and_parts id=521 pn=PART-MAN-001-BR-05
[2025-12-21T04:32:40.769930] Inserted new components_and_parts part_number=PART-MAN-001-DUP-005 (from id=522)
[2025-12-21T04:32:40.770435] Deleted old components_and_parts id=522 pn=PART-MAN-001-BR-06
[2025-12-21T04:32:40.770783] Inserted new components_and_parts part_number=PART-MAN-001-DUP-006 (from id=523)
[2025-12-21T04:32:40.771145] Deleted old components_and_parts id=523 pn=PART-MAN-001-BR-07
[2025-12-21T04:32:40.771470] Inserted new components_and_parts part_number=PART-MAN-001-DUP-007 (from id=524)
[2025-12-21T04:32:40.771843] Deleted old components_and_parts id=524 pn=PART-MAN-001-BR-08
[2025-12-21T04:32:40.772262] Inserted new components_and_parts part_number=PART-MAN-001-DUP-008 (from id=525)
[2025-12-21T04:32:40.772648] Deleted old components_and_parts id=525 pn=PART-MAN-001-BR-09
[2025-12-21T04:32:40.773052] Inserted new components_and_parts part_number=PART-MAN-001-DUP-009 (from id=526)
[2025-12-21T04:32:40.773388] Deleted old components_and_parts id=526 pn=PART-MAN-001-BR-10
[2025-12-21T04:32:40.773716] Inserted new components_and_parts part_number=PART-MAN-001-DUP-010 (from id=527)
[2025-12-21T04:32:40.774079] Deleted old components_and_parts id=527 pn=PART-MAN-001-US-001
[2025-12-21T04:32:40.774418] Inserted new components_and_parts part_number=PART-MAN-001-DUP-011 (from id=528)
[2025-12-21T04:32:40.774831] Deleted old components_and_parts id=528 pn=PART-MAN-001-US-002
[2025-12-21T04:32:40.775210] Inserted new components_and_parts part_number=PART-MAN-001-DUP-012 (from id=529)
[2025-12-21T04:32:40.775666] Deleted old components_and_parts id=529 pn=PART-MAN-001-US-003
[2025-12-21T04:32:40.775998] Inserted new components_and_parts part_number=PART-MAN-001-DUP-013 (from id=530)
[2025-12-21T04:32:40.776357] Deleted old components_and_parts id=530 pn=PART-MAN-001-US-004
[2025-12-21T04:32:40.776690] Inserted new components_and_parts part_number=PART-MAN-001-DUP-014 (from id=531)
[2025-12-21T04:32:40.777032] Deleted old components_and_parts id=531 pn=PART-MAN-001-US-005
[2025-12-21T04:32:40.777345] Inserted new components_and_parts part_number=PART-MAN-001-DUP-015 (from id=532)
[2025-12-21T04:32:40.777757] Deleted old components_and_parts id=532 pn=PART-MAN-001-US-006
[2025-12-21T04:32:40.778093] Inserted new components_and_parts part_number=PART-MAN-001-DUP-016 (from id=533)
[2025-12-21T04:32:40.778447] Deleted old components_and_parts id=533 pn=PART-MAN-001-US-007
[2025-12-21T04:32:40.778808] Inserted new components_and_parts part_number=PART-MAN-001-DUP-017 (from id=534)
[2025-12-21T04:32:40.779158] Deleted old components_and_parts id=534 pn=PART-MAN-001-US-008
[2025-12-21T04:32:40.779501] Inserted new components_and_parts part_number=PART-MAN-001-DUP-018 (from id=535)
[2025-12-21T04:32:40.779889] Deleted old components_and_parts id=535 pn=PART-MAN-001-US-009
[2025-12-21T04:32:40.780197] Inserted new components_and_parts part_number=PART-MAN-001-DUP-019 (from id=536)
[2025-12-21T04:32:40.780596] Deleted old components_and_parts id=536 pn=PART-MAN-001-US-010
[2025-12-21T04:32:40.781002] Inserted new components_and_parts part_number=PART-MAN-001-DUP-020 (from id=537)
[2025-12-21T04:32:40.781359] Deleted old components_and_parts id=537 pn=PART-MAN-001-US-011
[2025-12-21T04:32:40.781742] Inserted new components_and_parts part_number=PART-MAN-001-DUP-021 (from id=538)
[2025-12-21T04:32:40.782116] Deleted old components_and_parts id=538 pn=PART-MAN-001-US-012
[2025-12-21T04:32:40.782445] Inserted new components_and_parts part_number=PART-MAN-001-DUP-022 (from id=539)
[2025-12-21T04:32:40.782804] Deleted old components_and_parts id=539 pn=PART-MAN-001-US-013
[2025-12-21T04:32:40.783139] Inserted new components_and_parts part_number=PART-MAN-001-DUP-023 (from id=540)
[2025-12-21T04:32:40.783480] Deleted old components_and_parts id=540 pn=PART-MAN-001-US-014
[2025-12-21T04:32:40.784066] Inserted new components_and_parts part_number=PART-MAN-001-DUP-024 (from id=541)
[2025-12-21T04:32:40.784505] Deleted old components_and_parts id=541 pn=PART-MAN-001-US-015
[2025-12-21T04:32:40.784892] Inserted new components_and_parts part_number=PART-MAN-001-DUP-025 (from id=542)
[2025-12-21T04:32:40.785291] Deleted old components_and_parts id=542 pn=PART-MAN-001-US-016
[2025-12-21T04:32:40.785658] Inserted new components_and_parts part_number=PART-MAN-001-DUP-026 (from id=543)
[2025-12-21T04:32:40.786037] Deleted old components_and_parts id=543 pn=PART-MAN-001-US-017
[2025-12-21T04:32:40.786382] Inserted new components_and_parts part_number=PART-MAN-001-DUP-027 (from id=544)
[2025-12-21T04:32:40.786890] Deleted old components_and_parts id=544 pn=PART-MAN-001-US-018
[2025-12-21T04:32:40.787371] Inserted new components_and_parts part_number=PART-MAN-001-DUP-028 (from id=545)
[2025-12-21T04:32:40.787893] Deleted old components_and_parts id=545 pn=PART-MAN-001-US-019
[2025-12-21T04:32:40.788317] Inserted new components_and_parts part_number=PART-MAN-001-DUP-029 (from id=546)
[2025-12-21T04:32:40.788780] Deleted old components_and_parts id=546 pn=PART-MAN-001-US-020
[2025-12-21T04:32:40.789249] Inserted new components_and_parts part_number=PART-IVE-001 (from id=547)
[2025-12-21T04:32:40.789594] Deleted old components_and_parts id=547 pn=PART-IVE-001-BR-01
[2025-12-21T04:32:40.789895] Inserted new components_and_parts part_number=PART-IVE-001-DUP-001 (from id=548)
[2025-12-21T04:32:40.790226] Deleted old components_and_parts id=548 pn=PART-IVE-001-BR-02
[2025-12-21T04:32:40.790525] Inserted new components_and_parts part_number=PART-IVE-001-DUP-002 (from id=549)
[2025-12-21T04:32:40.790925] Deleted old components_and_parts id=549 pn=PART-IVE-001-BR-03
[2025-12-21T04:32:40.791238] Inserted new components_and_parts part_number=PART-IVE-001-DUP-003 (from id=550)
[2025-12-21T04:32:40.791578] Deleted old components_and_parts id=550 pn=PART-IVE-001-BR-04
[2025-12-21T04:32:40.791907] Inserted new components_and_parts part_number=PART-IVE-001-DUP-004 (from id=551)
[2025-12-21T04:32:40.792248] Deleted old components_and_parts id=551 pn=PART-IVE-001-BR-05
[2025-12-21T04:32:40.792584] Inserted new components_and_parts part_number=PART-IVE-001-DUP-005 (from id=552)
[2025-12-21T04:32:40.792921] Deleted old components_and_parts id=552 pn=PART-IVE-001-BR-06
[2025-12-21T04:32:40.793222] Inserted new components_and_parts part_number=PART-IVE-001-DUP-006 (from id=553)
[2025-12-21T04:32:40.793558] Deleted old components_and_parts id=553 pn=PART-IVE-001-BR-07
[2025-12-21T04:32:40.793892] Inserted new components_and_parts part_number=PART-IVE-001-DUP-007 (from id=554)
[2025-12-21T04:32:40.794298] Deleted old components_and_parts id=554 pn=PART-IVE-001-BR-08
[2025-12-21T04:32:40.794601] Inserted new components_and_parts part_number=PART-IVE-001-DUP-008 (from id=555)
[2025-12-21T04:32:40.794990] Deleted old components_and_parts id=555 pn=PART-IVE-001-BR-09
[2025-12-21T04:32:40.795292] Inserted new components_and_parts part_number=PART-IVE-001-DUP-009 (from id=556)
[2025-12-21T04:32:40.795701] Deleted old components_and_parts id=556 pn=PART-IVE-001-BR-10
[2025-12-21T04:32:40.796022] Inserted new components_and_parts part_number=PART-IVE-001-DUP-010 (from id=557)
[2025-12-21T04:32:40.796389] Deleted old components_and_parts id=557 pn=PART-IVE-001-US-001
[2025-12-21T04:32:40.796720] Inserted new components_and_parts part_number=PART-IVE-001-DUP-011 (from id=558)
[2025-12-21T04:32:40.797077] Deleted old components_and_parts id=558 pn=PART-IVE-001-US-002
[2025-12-21T04:32:40.797407] Inserted new components_and_parts part_number=PART-IVE-001-DUP-012 (from id=559)
[2025-12-21T04:32:40.797792] Deleted old components_and_parts id=559 pn=PART-IVE-001-US-003
[2025-12-21T04:32:40.798177] Inserted new components_and_parts part_number=PART-IVE-001-DUP-013 (from id=560)
[2025-12-21T04:32:40.798667] Deleted old components_and_parts id=560 pn=PART-IVE-001-US-004
[2025-12-21T04:32:40.799113] Inserted new components_and_parts part_number=PART-IVE-001-DUP-014 (from id=561)
[2025-12-21T04:32:40.799584] Deleted old components_and_parts id=561 pn=PART-IVE-001-US-005
[2025-12-21T04:32:40.800005] Inserted new components_and_parts part_number=PART-IVE-001-DUP-015 (from id=562)
[2025-12-21T04:32:40.800384] Deleted old components_and_parts id=562 pn=PART-IVE-001-US-006
[2025-12-21T04:32:40.800749] Inserted new components_and_parts part_number=PART-IVE-001-DUP-016 (from id=563)
[2025-12-21T04:32:40.801201] Deleted old components_and_parts id=563 pn=PART-IVE-001-US-007
[2025-12-21T04:32:40.801532] Inserted new components_and_parts part_number=PART-IVE-001-DUP-017 (from id=564)
[2025-12-21T04:32:40.801876] Deleted old components_and_parts id=564 pn=PART-IVE-001-US-008
[2025-12-21T04:32:40.802211] Inserted new components_and_parts part_number=PART-IVE-001-DUP-018 (from id=565)
[2025-12-21T04:32:40.802555] Deleted old components_and_parts id=565 pn=PART-IVE-001-US-009
[2025-12-21T04:32:40.802920] Inserted new components_and_parts part_number=PART-IVE-001-DUP-019 (from id=566)
[2025-12-21T04:32:40.803263] Deleted old components_and_parts id=566 pn=PART-IVE-001-US-010
[2025-12-21T04:32:40.803615] Inserted new components_and_parts part_number=PART-IVE-001-DUP-020 (from id=567)
[2025-12-21T04:32:40.803991] Deleted old components_and_parts id=567 pn=PART-IVE-001-US-011
[2025-12-21T04:32:40.804340] Inserted new components_and_parts part_number=PART-IVE-001-DUP-021 (from id=568)
[2025-12-21T04:32:40.804764] Deleted old components_and_parts id=568 pn=PART-IVE-001-US-012
[2025-12-21T04:32:40.805146] Inserted new components_and_parts part_number=PART-IVE-001-DUP-022 (from id=569)
[2025-12-21T04:32:40.805602] Deleted old components_and_parts id=569 pn=PART-IVE-001-US-013
[2025-12-21T04:32:40.806026] Inserted new components_and_parts part_number=PART-IVE-001-DUP-023 (from id=570)
[2025-12-21T04:32:40.806445] Deleted old components_and_parts id=570 pn=PART-IVE-001-US-014
[2025-12-21T04:32:40.807005] Inserted new components_and_parts part_number=PART-IVE-001-DUP-024 (from id=571)
[2025-12-21T04:32:40.807489] Deleted old components_and_parts id=571 pn=PART-IVE-001-US-015
[2025-12-21T04:32:40.807914] Inserted new components_and_parts part_number=PART-IVE-001-DUP-025 (from id=572)
[2025-12-21T04:32:40.808295] Deleted old components_and_parts id=572 pn=PART-IVE-001-US-016
[2025-12-21T04:32:40.808683] Inserted new components_and_parts part_number=PART-IVE-001-DUP-026 (from id=573)
[2025-12-21T04:32:40.809024] Deleted old components_and_parts id=573 pn=PART-IVE-001-US-017
[2025-12-21T04:32:40.809389] Inserted new components_and_parts part_number=PART-IVE-001-DUP-027 (from id=574)
[2025-12-21T04:32:40.809743] Deleted old components_and_parts id=574 pn=PART-IVE-001-US-018
[2025-12-21T04:32:40.810148] Inserted new components_and_parts part_number=PART-IVE-001-DUP-028 (from id=575)
[2025-12-21T04:32:40.810510] Deleted old components_and_parts id=575 pn=PART-IVE-001-US-019
[2025-12-21T04:32:40.810847] Inserted new components_and_parts part_number=PART-IVE-001-DUP-029 (from id=576)
[2025-12-21T04:32:40.811212] Deleted old components_and_parts id=576 pn=PART-IVE-001-US-020
[2025-12-21T04:32:40.811536] Inserted new components_and_parts part_number=PART-PAC-001 (from id=577)
[2025-12-21T04:32:40.811899] Deleted old components_and_parts id=577 pn=PART-PAC-001-BR-01
[2025-12-21T04:32:40.812225] Inserted new components_and_parts part_number=PART-PAC-001-DUP-001 (from id=578)
[2025-12-21T04:32:40.812569] Deleted old components_and_parts id=578 pn=PART-PAC-001-BR-02
[2025-12-21T04:32:40.812919] Inserted new components_and_parts part_number=PART-PAC-001-DUP-002 (from id=579)
[2025-12-21T04:32:40.813286] Deleted old components_and_parts id=579 pn=PART-PAC-001-BR-03
[2025-12-21T04:32:40.813652] Inserted new components_and_parts part_number=PART-PAC-001-DUP-003 (from id=580)
[2025-12-21T04:32:40.814014] Deleted old components_and_parts id=580 pn=PART-PAC-001-BR-04
[2025-12-21T04:32:40.814332] Inserted new components_and_parts part_number=PART-PAC-001-DUP-004 (from id=581)
[2025-12-21T04:32:40.814667] Deleted old components_and_parts id=581 pn=PART-PAC-001-BR-05
[2025-12-21T04:32:40.815055] Inserted new components_and_parts part_number=PART-PAC-001-DUP-005 (from id=582)
[2025-12-21T04:32:40.815470] Deleted old components_and_parts id=582 pn=PART-PAC-001-BR-06
[2025-12-21T04:32:40.815980] Inserted new components_and_parts part_number=PART-PAC-001-DUP-006 (from id=583)
[2025-12-21T04:32:40.816378] Deleted old components_and_parts id=583 pn=PART-PAC-001-BR-07
[2025-12-21T04:32:40.816733] Inserted new components_and_parts part_number=PART-PAC-001-DUP-007 (from id=584)
[2025-12-21T04:32:40.817105] Deleted old components_and_parts id=584 pn=PART-PAC-001-BR-08
[2025-12-21T04:32:40.817421] Inserted new components_and_parts part_number=PART-PAC-001-DUP-008 (from id=585)
[2025-12-21T04:32:40.817897] Deleted old components_and_parts id=585 pn=PART-PAC-001-BR-09
[2025-12-21T04:32:40.818231] Inserted new components_and_parts part_number=PART-PAC-001-DUP-009 (from id=586)
[2025-12-21T04:32:40.818573] Deleted old components_and_parts id=586 pn=PART-PAC-001-BR-10
[2025-12-21T04:32:40.818907] Inserted new components_and_parts part_number=PART-PAC-001-DUP-010 (from id=587)
[2025-12-21T04:32:40.819268] Deleted old components_and_parts id=587 pn=PART-PAC-001-US-001
[2025-12-21T04:32:40.819600] Inserted new components_and_parts part_number=PART-PAC-001-DUP-011 (from id=588)
[2025-12-21T04:32:40.819961] Deleted old components_and_parts id=588 pn=PART-PAC-001-US-002
[2025-12-21T04:32:40.820317] Inserted new components_and_parts part_number=PART-PAC-001-DUP-012 (from id=589)
[2025-12-21T04:32:40.820857] Deleted old components_and_parts id=589 pn=PART-PAC-001-US-003
[2025-12-21T04:32:40.821181] Inserted new components_and_parts part_number=PART-PAC-001-DUP-013 (from id=590)
[2025-12-21T04:32:40.821530] Deleted old components_and_parts id=590 pn=PART-PAC-001-US-004
[2025-12-21T04:32:40.821874] Inserted new components_and_parts part_number=PART-PAC-001-DUP-014 (from id=591)
[2025-12-21T04:32:40.822229] Deleted old components_and_parts id=591 pn=PART-PAC-001-US-005
[2025-12-21T04:32:40.822606] Inserted new components_and_parts part_number=PART-PAC-001-DUP-015 (from id=592)
[2025-12-21T04:32:40.822958] Deleted old components_and_parts id=592 pn=PART-PAC-001-US-006
[2025-12-21T04:32:40.823285] Inserted new components_and_parts part_number=PART-PAC-001-DUP-016 (from id=593)
[2025-12-21T04:32:40.823636] Deleted old components_and_parts id=593 pn=PART-PAC-001-US-007
[2025-12-21T04:32:40.823944] Inserted new components_and_parts part_number=PART-PAC-001-DUP-017 (from id=594)
[2025-12-21T04:32:40.824268] Deleted old components_and_parts id=594 pn=PART-PAC-001-US-008
[2025-12-21T04:32:40.824578] Inserted new components_and_parts part_number=PART-PAC-001-DUP-018 (from id=595)
[2025-12-21T04:32:40.824911] Deleted old components_and_parts id=595 pn=PART-PAC-001-US-009
[2025-12-21T04:32:40.825218] Inserted new components_and_parts part_number=PART-PAC-001-DUP-019 (from id=596)
[2025-12-21T04:32:40.825667] Deleted old components_and_parts id=596 pn=PART-PAC-001-US-010
[2025-12-21T04:32:40.825981] Inserted new components_and_parts part_number=PART-PAC-001-DUP-020 (from id=597)
[2025-12-21T04:32:40.826321] Deleted old components_and_parts id=597 pn=PART-PAC-001-US-011
[2025-12-21T04:32:40.826665] Inserted new components_and_parts part_number=PART-PAC-001-DUP-021 (from id=598)
[2025-12-21T04:32:40.827047] Deleted old components_and_parts id=598 pn=PART-PAC-001-US-012
[2025-12-21T04:32:40.827427] Inserted new components_and_parts part_number=PART-PAC-001-DUP-022 (from id=599)
[2025-12-21T04:32:40.827782] Deleted old components_and_parts id=599 pn=PART-PAC-001-US-013
[2025-12-21T04:32:40.828095] Inserted new components_and_parts part_number=PART-PAC-001-DUP-023 (from id=600)
[2025-12-21T04:32:40.828424] Deleted old components_and_parts id=600 pn=PART-PAC-001-US-014
[2025-12-21T04:32:40.828900] Inserted new components_and_parts part_number=PART-PAC-001-DUP-024 (from id=601)
[2025-12-21T04:32:40.829260] Deleted old components_and_parts id=601 pn=PART-PAC-001-US-015
[2025-12-21T04:32:40.829594] Inserted new components_and_parts part_number=PART-PAC-001-DUP-025 (from id=602)
[2025-12-21T04:32:40.829921] Deleted old components_and_parts id=602 pn=PART-PAC-001-US-016
[2025-12-21T04:32:40.830237] Inserted new components_and_parts part_number=PART-PAC-001-DUP-026 (from id=603)
[2025-12-21T04:32:40.830568] Deleted old components_and_parts id=603 pn=PART-PAC-001-US-017
[2025-12-21T04:32:40.830890] Inserted new components_and_parts part_number=PART-PAC-001-DUP-027 (from id=604)
[2025-12-21T04:32:40.831220] Deleted old components_and_parts id=604 pn=PART-PAC-001-US-018
[2025-12-21T04:32:40.831575] Inserted new components_and_parts part_number=PART-PAC-001-DUP-028 (from id=605)
[2025-12-21T04:32:40.831922] Deleted old components_and_parts id=605 pn=PART-PAC-001-US-019
[2025-12-21T04:32:40.832249] Inserted new components_and_parts part_number=PART-PAC-001-DUP-029 (from id=606)
[2025-12-21T04:32:40.832580] Deleted old components_and_parts id=606 pn=PART-PAC-001-US-020
[2025-12-21T04:32:40.832856] Inserted new components_and_parts part_number=PART-HYU-001 (from id=607)
[2025-12-21T04:32:40.833181] Deleted old components_and_parts id=607 pn=PART-HYU-001-BR-01
[2025-12-21T04:32:40.833507] Inserted new components_and_parts part_number=PART-HYU-001-DUP-001 (from id=608)
[2025-12-21T04:32:40.833843] Deleted old components_and_parts id=608 pn=PART-HYU-001-BR-02
[2025-12-21T04:32:40.834300] Inserted new components_and_parts part_number=PART-HYU-001-DUP-002 (from id=609)
[2025-12-21T04:32:40.834670] Deleted old components_and_parts id=609 pn=PART-HYU-001-BR-03
[2025-12-21T04:32:40.835011] Inserted new components_and_parts part_number=PART-HYU-001-DUP-003 (from id=610)
[2025-12-21T04:32:40.835381] Deleted old components_and_parts id=610 pn=PART-HYU-001-BR-04
[2025-12-21T04:32:40.835765] Inserted new components_and_parts part_number=PART-HYU-001-DUP-004 (from id=611)
[2025-12-21T04:32:40.836268] Deleted old components_and_parts id=611 pn=PART-HYU-001-BR-05
[2025-12-21T04:32:40.836843] Inserted new components_and_parts part_number=PART-HYU-001-DUP-005 (from id=612)
[2025-12-21T04:32:40.837346] Deleted old components_and_parts id=612 pn=PART-HYU-001-BR-06
[2025-12-21T04:32:40.837822] Inserted new components_and_parts part_number=PART-HYU-001-DUP-006 (from id=613)
[2025-12-21T04:32:40.838232] Deleted old components_and_parts id=613 pn=PART-HYU-001-BR-07
[2025-12-21T04:32:40.838608] Inserted new components_and_parts part_number=PART-HYU-001-DUP-007 (from id=614)
[2025-12-21T04:32:40.839059] Deleted old components_and_parts id=614 pn=PART-HYU-001-BR-08
[2025-12-21T04:32:40.839393] Inserted new components_and_parts part_number=PART-HYU-001-DUP-008 (from id=615)
[2025-12-21T04:32:40.839741] Deleted old components_and_parts id=615 pn=PART-HYU-001-BR-09
[2025-12-21T04:32:40.840056] Inserted new components_and_parts part_number=PART-HYU-001-DUP-009 (from id=616)
[2025-12-21T04:32:40.840511] Deleted old components_and_parts id=616 pn=PART-HYU-001-BR-10
[2025-12-21T04:32:40.840836] Inserted new components_and_parts part_number=PART-HYU-001-DUP-010 (from id=617)
[2025-12-21T04:32:40.841186] Deleted old components_and_parts id=617 pn=PART-HYU-001-US-001
[2025-12-21T04:32:40.841504] Inserted new components_and_parts part_number=PART-HYU-001-DUP-011 (from id=618)
[2025-12-21T04:32:40.841847] Deleted old components_and_parts id=618 pn=PART-HYU-001-US-002
[2025-12-21T04:32:40.842199] Inserted new components_and_parts part_number=PART-HYU-001-DUP-012 (from id=619)
[2025-12-21T04:32:40.842567] Deleted old components_and_parts id=619 pn=PART-HYU-001-US-003
[2025-12-21T04:32:40.842889] Inserted new components_and_parts part_number=PART-HYU-001-DUP-013 (from id=620)
[2025-12-21T04:32:40.843234] Deleted old components_and_parts id=620 pn=PART-HYU-001-US-004
[2025-12-21T04:32:40.843659] Inserted new components_and_parts part_number=PART-HYU-001-DUP-014 (from id=621)
[2025-12-21T04:32:40.843995] Deleted old components_and_parts id=621 pn=PART-HYU-001-US-005
[2025-12-21T04:32:40.844304] Inserted new components_and_parts part_number=PART-HYU-001-DUP-015 (from id=622)
[2025-12-21T04:32:40.844649] Deleted old components_and_parts id=622 pn=PART-HYU-001-US-006
[2025-12-21T04:32:40.844981] Inserted new components_and_parts part_number=PART-HYU-001-DUP-016 (from id=623)
[2025-12-21T04:32:40.845319] Deleted old components_and_parts id=623 pn=PART-HYU-001-US-007
[2025-12-21T04:32:40.845700] Inserted new components_and_parts part_number=PART-HYU-001-DUP-017 (from id=624)
[2025-12-21T04:32:40.846090] Deleted old components_and_parts id=624 pn=PART-HYU-001-US-008
[2025-12-21T04:32:40.846416] Inserted new components_and_parts part_number=PART-HYU-001-DUP-018 (from id=625)
[2025-12-21T04:32:40.846765] Deleted old components_and_parts id=625 pn=PART-HYU-001-US-009
[2025-12-21T04:32:40.847088] Inserted new components_and_parts part_number=PART-HYU-001-DUP-019 (from id=626)
[2025-12-21T04:32:40.847461] Deleted old components_and_parts id=626 pn=PART-HYU-001-US-010
[2025-12-21T04:32:40.848033] Inserted new components_and_parts part_number=PART-HYU-001-DUP-020 (from id=627)
[2025-12-21T04:32:40.848535] Deleted old components_and_parts id=627 pn=PART-HYU-001-US-011
[2025-12-21T04:32:40.848938] Inserted new components_and_parts part_number=PART-HYU-001-DUP-021 (from id=628)
[2025-12-21T04:32:40.849381] Deleted old components_and_parts id=628 pn=PART-HYU-001-US-012
[2025-12-21T04:32:40.849785] Inserted new components_and_parts part_number=PART-HYU-001-DUP-022 (from id=629)
[2025-12-21T04:32:40.850139] Deleted old components_and_parts id=629 pn=PART-HYU-001-US-013
[2025-12-21T04:32:40.850528] Inserted new components_and_parts part_number=PART-HYU-001-DUP-023 (from id=630)
[2025-12-21T04:32:40.850987] Deleted old components_and_parts id=630 pn=PART-HYU-001-US-014
[2025-12-21T04:32:40.851360] Inserted new components_and_parts part_number=PART-HYU-001-DUP-024 (from id=631)
[2025-12-21T04:32:40.851730] Deleted old components_and_parts id=631 pn=PART-HYU-001-US-015
[2025-12-21T04:32:40.852066] Inserted new components_and_parts part_number=PART-HYU-001-DUP-025 (from id=632)
[2025-12-21T04:32:40.852412] Deleted old components_and_parts id=632 pn=PART-HYU-001-US-016
[2025-12-21T04:32:40.852770] Inserted new components_and_parts part_number=PART-HYU-001-DUP-026 (from id=633)
[2025-12-21T04:32:40.853119] Deleted old components_and_parts id=633 pn=PART-HYU-001-US-017
[2025-12-21T04:32:40.853468] Inserted new components_and_parts part_number=PART-HYU-001-DUP-027 (from id=634)
[2025-12-21T04:32:40.853826] Deleted old components_and_parts id=634 pn=PART-HYU-001-US-018
[2025-12-21T04:32:40.854171] Inserted new components_and_parts part_number=PART-HYU-001-DUP-028 (from id=635)
[2025-12-21T04:32:40.854518] Deleted old components_and_parts id=635 pn=PART-HYU-001-US-019
[2025-12-21T04:32:40.854912] Inserted new components_and_parts part_number=PART-HYU-001-DUP-029 (from id=636)
[2025-12-21T04:32:40.855368] Deleted old components_and_parts id=636 pn=PART-HYU-001-US-020
[2025-12-21T04:32:40.855684] Inserted new components_and_parts part_number=PART-JAC-001 (from id=637)
[2025-12-21T04:32:40.856043] Deleted old components_and_parts id=637 pn=PART-JAC-001-BR-01
[2025-12-21T04:32:40.856336] Inserted new components_and_parts part_number=PART-JAC-001-DUP-001 (from id=638)
[2025-12-21T04:32:40.856691] Deleted old components_and_parts id=638 pn=PART-JAC-001-BR-02
[2025-12-21T04:32:40.857001] Inserted new components_and_parts part_number=PART-JAC-001-DUP-002 (from id=639)
[2025-12-21T04:32:40.857338] Deleted old components_and_parts id=639 pn=PART-JAC-001-BR-03
[2025-12-21T04:32:40.857671] Inserted new components_and_parts part_number=PART-JAC-001-DUP-003 (from id=640)
[2025-12-21T04:32:40.858023] Deleted old components_and_parts id=640 pn=PART-JAC-001-BR-04
[2025-12-21T04:32:40.858326] Inserted new components_and_parts part_number=PART-JAC-001-DUP-004 (from id=641)
[2025-12-21T04:32:40.858826] Deleted old components_and_parts id=641 pn=PART-JAC-001-BR-05
[2025-12-21T04:32:40.859156] Inserted new components_and_parts part_number=PART-JAC-001-DUP-005 (from id=642)
[2025-12-21T04:32:40.859566] Deleted old components_and_parts id=642 pn=PART-JAC-001-BR-06
[2025-12-21T04:32:40.859894] Inserted new components_and_parts part_number=PART-JAC-001-DUP-006 (from id=643)
[2025-12-21T04:32:40.860299] Deleted old components_and_parts id=643 pn=PART-JAC-001-BR-07
[2025-12-21T04:32:40.860638] Inserted new components_and_parts part_number=PART-JAC-001-DUP-007 (from id=644)
[2025-12-21T04:32:40.860978] Deleted old components_and_parts id=644 pn=PART-JAC-001-BR-08
[2025-12-21T04:32:40.861305] Inserted new components_and_parts part_number=PART-JAC-001-DUP-008 (from id=645)
[2025-12-21T04:32:40.861631] Deleted old components_and_parts id=645 pn=PART-JAC-001-BR-09
[2025-12-21T04:32:40.861946] Inserted new components_and_parts part_number=PART-JAC-001-DUP-009 (from id=646)
[2025-12-21T04:32:40.862273] Deleted old components_and_parts id=646 pn=PART-JAC-001-BR-10
[2025-12-21T04:32:40.862573] Inserted new components_and_parts part_number=PART-JAC-001-DUP-010 (from id=647)
[2025-12-21T04:32:40.862930] Deleted old components_and_parts id=647 pn=PART-JAC-001-US-001
[2025-12-21T04:32:40.863238] Inserted new components_and_parts part_number=PART-JAC-001-DUP-011 (from id=648)
[2025-12-21T04:32:40.863577] Deleted old components_and_parts id=648 pn=PART-JAC-001-US-002
[2025-12-21T04:32:40.863884] Inserted new components_and_parts part_number=PART-JAC-001-DUP-012 (from id=649)
[2025-12-21T04:32:40.864235] Deleted old components_and_parts id=649 pn=PART-JAC-001-US-003
[2025-12-21T04:32:40.864534] Inserted new components_and_parts part_number=PART-JAC-001-DUP-013 (from id=650)
[2025-12-21T04:32:40.864856] Deleted old components_and_parts id=650 pn=PART-JAC-001-US-004
[2025-12-21T04:32:40.865154] Inserted new components_and_parts part_number=PART-JAC-001-DUP-014 (from id=651)
[2025-12-21T04:32:40.865495] Deleted old components_and_parts id=651 pn=PART-JAC-001-US-005
[2025-12-21T04:32:40.865869] Inserted new components_and_parts part_number=PART-JAC-001-DUP-015 (from id=652)
[2025-12-21T04:32:40.866220] Deleted old components_and_parts id=652 pn=PART-JAC-001-US-006
[2025-12-21T04:32:40.866552] Inserted new components_and_parts part_number=PART-JAC-001-DUP-016 (from id=653)
[2025-12-21T04:32:40.866916] Deleted old components_and_parts id=653 pn=PART-JAC-001-US-007
[2025-12-21T04:32:40.867240] Inserted new components_and_parts part_number=PART-JAC-001-DUP-017 (from id=654)
[2025-12-21T04:32:40.867782] Deleted old components_and_parts id=654 pn=PART-JAC-001-US-008
[2025-12-21T04:32:40.868210] Inserted new components_and_parts part_number=PART-JAC-001-DUP-018 (from id=655)
[2025-12-21T04:32:40.868621] Deleted old components_and_parts id=655 pn=PART-JAC-001-US-009
[2025-12-21T04:32:40.869016] Inserted new components_and_parts part_number=PART-JAC-001-DUP-019 (from id=656)
[2025-12-21T04:32:40.869365] Deleted old components_and_parts id=656 pn=PART-JAC-001-US-010
[2025-12-21T04:32:40.869727] Inserted new components_and_parts part_number=PART-JAC-001-DUP-020 (from id=657)
[2025-12-21T04:32:40.870082] Deleted old components_and_parts id=657 pn=PART-JAC-001-US-011
[2025-12-21T04:32:40.870568] Inserted new components_and_parts part_number=PART-JAC-001-DUP-021 (from id=658)
[2025-12-21T04:32:40.871056] Deleted old components_and_parts id=658 pn=PART-JAC-001-US-012
[2025-12-21T04:32:40.871428] Inserted new components_and_parts part_number=PART-JAC-001-DUP-022 (from id=659)
[2025-12-21T04:32:40.871844] Deleted old components_and_parts id=659 pn=PART-JAC-001-US-013
[2025-12-21T04:32:40.872266] Inserted new components_and_parts part_number=PART-JAC-001-DUP-023 (from id=660)
[2025-12-21T04:32:40.872641] Deleted old components_and_parts id=660 pn=PART-JAC-001-US-014
[2025-12-21T04:32:40.873034] Inserted new components_and_parts part_number=PART-JAC-001-DUP-024 (from id=661)
[2025-12-21T04:32:40.873512] Deleted old components_and_parts id=661 pn=PART-JAC-001-US-015
[2025-12-21T04:32:40.874000] Inserted new components_and_parts part_number=PART-JAC-001-DUP-025 (from id=662)
[2025-12-21T04:32:40.874366] Deleted old components_and_parts id=662 pn=PART-JAC-001-US-016
[2025-12-21T04:32:40.874713] Inserted new components_and_parts part_number=PART-JAC-001-DUP-026 (from id=663)
[2025-12-21T04:32:40.875049] Deleted old components_and_parts id=663 pn=PART-JAC-001-US-017
[2025-12-21T04:32:40.875400] Inserted new components_and_parts part_number=PART-JAC-001-DUP-027 (from id=664)
[2025-12-21T04:32:40.875770] Deleted old components_and_parts id=664 pn=PART-JAC-001-US-018
[2025-12-21T04:32:40.876217] Inserted new components_and_parts part_number=PART-JAC-001-DUP-028 (from id=665)
[2025-12-21T04:32:40.876633] Deleted old components_and_parts id=665 pn=PART-JAC-001-US-019
[2025-12-21T04:32:40.877000] Inserted new components_and_parts part_number=PART-JAC-001-DUP-029 (from id=666)
[2025-12-21T04:32:40.877387] Deleted old components_and_parts id=666 pn=PART-JAC-001-US-020
[2025-12-21T04:32:40.877772] Inserted new components_and_parts part_number=PART-SHA-001 (from id=667)
[2025-12-21T04:32:40.878154] Deleted old components_and_parts id=667 pn=PART-SHA-001-BR-01
[2025-12-21T04:32:40.878533] Inserted new components_and_parts part_number=PART-SHA-001-DUP-001 (from id=668)
[2025-12-21T04:32:40.878876] Deleted old components_and_parts id=668 pn=PART-SHA-001-BR-02
[2025-12-21T04:32:40.879177] Inserted new components_and_parts part_number=PART-SHA-001-DUP-002 (from id=669)
[2025-12-21T04:32:40.879509] Deleted old components_and_parts id=669 pn=PART-SHA-001-BR-03
[2025-12-21T04:32:40.879809] Inserted new components_and_parts part_number=PART-SHA-001-DUP-003 (from id=670)
[2025-12-21T04:32:40.880135] Deleted old components_and_parts id=670 pn=PART-SHA-001-BR-04
[2025-12-21T04:32:40.880426] Inserted new components_and_parts part_number=PART-SHA-001-DUP-004 (from id=671)
[2025-12-21T04:32:40.880810] Deleted old components_and_parts id=671 pn=PART-SHA-001-BR-05
[2025-12-21T04:32:40.881252] Inserted new components_and_parts part_number=PART-SHA-001-DUP-005 (from id=672)
[2025-12-21T04:32:40.881613] Deleted old components_and_parts id=672 pn=PART-SHA-001-BR-06
[2025-12-21T04:32:40.881934] Inserted new components_and_parts part_number=PART-SHA-001-DUP-006 (from id=673)
[2025-12-21T04:32:40.882329] Deleted old components_and_parts id=673 pn=PART-SHA-001-BR-07
[2025-12-21T04:32:40.882642] Inserted new components_and_parts part_number=PART-SHA-001-DUP-007 (from id=674)
[2025-12-21T04:32:40.883097] Deleted old components_and_parts id=674 pn=PART-SHA-001-BR-08
[2025-12-21T04:32:40.883406] Inserted new components_and_parts part_number=PART-SHA-001-DUP-008 (from id=675)
[2025-12-21T04:32:40.883744] Deleted old components_and_parts id=675 pn=PART-SHA-001-BR-09
[2025-12-21T04:32:40.884056] Inserted new components_and_parts part_number=PART-SHA-001-DUP-009 (from id=676)
[2025-12-21T04:32:40.884451] Deleted old components_and_parts id=676 pn=PART-SHA-001-BR-10
[2025-12-21T04:32:40.884826] Inserted new components_and_parts part_number=PART-SHA-001-DUP-010 (from id=677)
[2025-12-21T04:32:40.885202] Deleted old components_and_parts id=677 pn=PART-SHA-001-US-001
[2025-12-21T04:32:40.885620] Inserted new components_and_parts part_number=PART-SHA-001-DUP-011 (from id=678)
[2025-12-21T04:32:40.886077] Deleted old components_and_parts id=678 pn=PART-SHA-001-US-002
[2025-12-21T04:32:40.886408] Inserted new components_and_parts part_number=PART-SHA-001-DUP-012 (from id=679)
[2025-12-21T04:32:40.886863] Deleted old components_and_parts id=679 pn=PART-SHA-001-US-003
[2025-12-21T04:32:40.887279] Inserted new components_and_parts part_number=PART-SHA-001-DUP-013 (from id=680)
[2025-12-21T04:32:40.887775] Deleted old components_and_parts id=680 pn=PART-SHA-001-US-004
[2025-12-21T04:32:40.888184] Inserted new components_and_parts part_number=PART-SHA-001-DUP-014 (from id=681)
[2025-12-21T04:32:40.888559] Deleted old components_and_parts id=681 pn=PART-SHA-001-US-005
[2025-12-21T04:32:40.889191] Inserted new components_and_parts part_number=PART-SHA-001-DUP-015 (from id=682)
[2025-12-21T04:32:40.889551] Deleted old components_and_parts id=682 pn=PART-SHA-001-US-006
[2025-12-21T04:32:40.889968] Inserted new components_and_parts part_number=PART-SHA-001-DUP-016 (from id=683)
[2025-12-21T04:32:40.890348] Deleted old components_and_parts id=683 pn=PART-SHA-001-US-007
[2025-12-21T04:32:40.890761] Inserted new components_and_parts part_number=PART-SHA-001-DUP-017 (from id=684)
[2025-12-21T04:32:40.891141] Deleted old components_and_parts id=684 pn=PART-SHA-001-US-008
[2025-12-21T04:32:40.891472] Inserted new components_and_parts part_number=PART-SHA-001-DUP-018 (from id=685)
[2025-12-21T04:32:40.891827] Deleted old components_and_parts id=685 pn=PART-SHA-001-US-009
[2025-12-21T04:32:40.892245] Inserted new components_and_parts part_number=PART-SHA-001-DUP-019 (from id=686)
[2025-12-21T04:32:40.892586] Deleted old components_and_parts id=686 pn=PART-SHA-001-US-010
[2025-12-21T04:32:40.892912] Inserted new components_and_parts part_number=PART-SHA-001-DUP-020 (from id=687)
[2025-12-21T04:32:40.893264] Deleted old components_and_parts id=687 pn=PART-SHA-001-US-011
[2025-12-21T04:32:40.893589] Inserted new components_and_parts part_number=PART-SHA-001-DUP-021 (from id=688)
[2025-12-21T04:32:40.893920] Deleted old components_and_parts id=688 pn=PART-SHA-001-US-012
[2025-12-21T04:32:40.894242] Inserted new components_and_parts part_number=PART-SHA-001-DUP-022 (from id=689)
[2025-12-21T04:32:40.894569] Deleted old components_and_parts id=689 pn=PART-SHA-001-US-013
[2025-12-21T04:32:40.894913] Inserted new components_and_parts part_number=PART-SHA-001-DUP-023 (from id=690)
[2025-12-21T04:32:40.895244] Deleted old components_and_parts id=690 pn=PART-SHA-001-US-014
[2025-12-21T04:32:40.895577] Inserted new components_and_parts part_number=PART-SHA-001-DUP-024 (from id=691)
[2025-12-21T04:32:40.895920] Deleted old components_and_parts id=691 pn=PART-SHA-001-US-015
[2025-12-21T04:32:40.896246] Inserted new components_and_parts part_number=PART-SHA-001-DUP-025 (from id=692)
[2025-12-21T04:32:40.896579] Deleted old components_and_parts id=692 pn=PART-SHA-001-US-016
[2025-12-21T04:32:40.896929] Inserted new components_and_parts part_number=PART-SHA-001-DUP-026 (from id=693)
[2025-12-21T04:32:40.897317] Deleted old components_and_parts id=693 pn=PART-SHA-001-US-017
[2025-12-21T04:32:40.897691] Inserted new components_and_parts part_number=PART-SHA-001-DUP-027 (from id=694)
[2025-12-21T04:32:40.898120] Deleted old components_and_parts id=694 pn=PART-SHA-001-US-018
[2025-12-21T04:32:40.898466] Inserted new components_and_parts part_number=PART-SHA-001-DUP-028 (from id=695)
[2025-12-21T04:32:40.898836] Deleted old components_and_parts id=695 pn=PART-SHA-001-US-019
[2025-12-21T04:32:40.899160] Inserted new components_and_parts part_number=PART-SHA-001-DUP-029 (from id=696)
[2025-12-21T04:32:40.899488] Deleted old components_and_parts id=696 pn=PART-SHA-001-US-020
[2025-12-21T04:32:40.899764] Inserted new components_and_parts part_number=PART-SIN-001 (from id=697)
[2025-12-21T04:32:40.900096] Deleted old components_and_parts id=697 pn=PART-SIN-001-BR-01
[2025-12-21T04:32:40.900403] Inserted new components_and_parts part_number=PART-SIN-001-DUP-001 (from id=698)
[2025-12-21T04:32:40.900788] Deleted old components_and_parts id=698 pn=PART-SIN-001-BR-02
[2025-12-21T04:32:40.901140] Inserted new components_and_parts part_number=PART-SIN-001-DUP-002 (from id=699)
[2025-12-21T04:32:40.901588] Deleted old components_and_parts id=699 pn=PART-SIN-001-BR-03
[2025-12-21T04:32:40.901946] Inserted new components_and_parts part_number=PART-SIN-001-DUP-003 (from id=700)
[2025-12-21T04:32:40.902292] Deleted old components_and_parts id=700 pn=PART-SIN-001-BR-04
[2025-12-21T04:32:40.902606] Inserted new components_and_parts part_number=PART-SIN-001-DUP-004 (from id=701)
[2025-12-21T04:32:40.903038] Deleted old components_and_parts id=701 pn=PART-SIN-001-BR-05
[2025-12-21T04:32:40.903408] Inserted new components_and_parts part_number=PART-SIN-001-DUP-005 (from id=702)
[2025-12-21T04:32:40.903868] Deleted old components_and_parts id=702 pn=PART-SIN-001-BR-06
[2025-12-21T04:32:40.904402] Inserted new components_and_parts part_number=PART-SIN-001-DUP-006 (from id=703)
[2025-12-21T04:32:40.904912] Deleted old components_and_parts id=703 pn=PART-SIN-001-BR-07
[2025-12-21T04:32:40.905339] Inserted new components_and_parts part_number=PART-SIN-001-DUP-007 (from id=704)
[2025-12-21T04:32:40.905785] Deleted old components_and_parts id=704 pn=PART-SIN-001-BR-08
[2025-12-21T04:32:40.906113] Inserted new components_and_parts part_number=PART-SIN-001-DUP-008 (from id=705)
[2025-12-21T04:32:40.906455] Deleted old components_and_parts id=705 pn=PART-SIN-001-BR-09
[2025-12-21T04:32:40.906832] Inserted new components_and_parts part_number=PART-SIN-001-DUP-009 (from id=706)
[2025-12-21T04:32:40.907287] Deleted old components_and_parts id=706 pn=PART-SIN-001-BR-10
[2025-12-21T04:32:40.907738] Inserted new components_and_parts part_number=PART-SIN-001-DUP-010 (from id=707)
[2025-12-21T04:32:40.908214] Deleted old components_and_parts id=707 pn=PART-SIN-001-US-001
[2025-12-21T04:32:40.908548] Inserted new components_and_parts part_number=PART-SIN-001-DUP-011 (from id=708)
[2025-12-21T04:32:40.908935] Deleted old components_and_parts id=708 pn=PART-SIN-001-US-002
[2025-12-21T04:32:40.909304] Inserted new components_and_parts part_number=PART-SIN-001-DUP-012 (from id=709)
[2025-12-21T04:32:40.909646] Deleted old components_and_parts id=709 pn=PART-SIN-001-US-003
[2025-12-21T04:32:40.909959] Inserted new components_and_parts part_number=PART-SIN-001-DUP-013 (from id=710)
[2025-12-21T04:32:40.910290] Deleted old components_and_parts id=710 pn=PART-SIN-001-US-004
[2025-12-21T04:32:40.910594] Inserted new components_and_parts part_number=PART-SIN-001-DUP-014 (from id=711)
[2025-12-21T04:32:40.910930] Deleted old components_and_parts id=711 pn=PART-SIN-001-US-005
[2025-12-21T04:32:40.911250] Inserted new components_and_parts part_number=PART-SIN-001-DUP-015 (from id=712)
[2025-12-21T04:32:40.911614] Deleted old components_and_parts id=712 pn=PART-SIN-001-US-006
[2025-12-21T04:32:40.912007] Inserted new components_and_parts part_number=PART-SIN-001-DUP-016 (from id=713)
[2025-12-21T04:32:40.912351] Deleted old components_and_parts id=713 pn=PART-SIN-001-US-007
[2025-12-21T04:32:40.912721] Inserted new components_and_parts part_number=PART-SIN-001-DUP-017 (from id=714)
[2025-12-21T04:32:40.913125] Deleted old components_and_parts id=714 pn=PART-SIN-001-US-008
[2025-12-21T04:32:40.913451] Inserted new components_and_parts part_number=PART-SIN-001-DUP-018 (from id=715)
[2025-12-21T04:32:40.913803] Deleted old components_and_parts id=715 pn=PART-SIN-001-US-009
[2025-12-21T04:32:40.914133] Inserted new components_and_parts part_number=PART-SIN-001-DUP-019 (from id=716)
[2025-12-21T04:32:40.914530] Deleted old components_and_parts id=716 pn=PART-SIN-001-US-010
[2025-12-21T04:32:40.914918] Inserted new components_and_parts part_number=PART-SIN-001-DUP-020 (from id=717)
[2025-12-21T04:32:40.915298] Deleted old components_and_parts id=717 pn=PART-SIN-001-US-011
[2025-12-21T04:32:40.915662] Inserted new components_and_parts part_number=PART-SIN-001-DUP-021 (from id=718)
[2025-12-21T04:32:40.916019] Deleted old components_and_parts id=718 pn=PART-SIN-001-US-012
[2025-12-21T04:32:40.916344] Inserted new components_and_parts part_number=PART-SIN-001-DUP-022 (from id=719)
[2025-12-21T04:32:40.916818] Deleted old components_and_parts id=719 pn=PART-SIN-001-US-013
[2025-12-21T04:32:40.917220] Inserted new components_and_parts part_number=PART-SIN-001-DUP-023 (from id=720)
[2025-12-21T04:32:40.917688] Deleted old components_and_parts id=720 pn=PART-SIN-001-US-014
[2025-12-21T04:32:40.918046] Inserted new components_and_parts part_number=PART-SIN-001-DUP-024 (from id=721)
[2025-12-21T04:32:40.918394] Deleted old components_and_parts id=721 pn=PART-SIN-001-US-015
[2025-12-21T04:32:40.918847] Inserted new components_and_parts part_number=PART-SIN-001-DUP-025 (from id=722)
[2025-12-21T04:32:40.919266] Deleted old components_and_parts id=722 pn=PART-SIN-001-US-016
[2025-12-21T04:32:40.919615] Inserted new components_and_parts part_number=PART-SIN-001-DUP-026 (from id=723)
[2025-12-21T04:32:40.919992] Deleted old components_and_parts id=723 pn=PART-SIN-001-US-017
[2025-12-21T04:32:40.920313] Inserted new components_and_parts part_number=PART-SIN-001-DUP-027 (from id=724)
[2025-12-21T04:32:40.920676] Deleted old components_and_parts id=724 pn=PART-SIN-001-US-018
[2025-12-21T04:32:40.921033] Inserted new components_and_parts part_number=PART-SIN-001-DUP-028 (from id=725)
[2025-12-21T04:32:40.921374] Deleted old components_and_parts id=725 pn=PART-SIN-001-US-019
[2025-12-21T04:32:40.921761] Inserted new components_and_parts part_number=PART-SIN-001-DUP-029 (from id=726)
[2025-12-21T04:32:40.922139] Deleted old components_and_parts id=726 pn=PART-SIN-001-US-020
[2025-12-21T04:32:40.928197] COMMIT. Inserted 360 new rows, deleted 360 old rows
