[2025-12-21T04:30:21.180172] Updated id=27 pn=CAR-001-BR-01 -> "CARCAÇA Bruto"
[2025-12-21T04:30:21.180545] Updated id=28 pn=CAR-001-BR-02 -> "CARCAÇA Bruto"
[2025-12-21T04:30:21.180903] Updated id=29 pn=CAR-001-BR-03 -> "CARCAÇA Bruto"
[2025-12-21T04:30:21.181235] Updated id=30 pn=CAR-001-BR-04 -> "CARCAÇA Bruto"
[2025-12-21T04:30:21.181511] Updated id=31 pn=CAR-001-BR-05 -> "CARCAÇA Bruto"
[2025-12-21T04:30:21.181787] Updated id=32 pn=CAR-001-BR-06 -> "CARCAÇA Bruto"
[2025-12-21T04:30:21.182094] Updated id=33 pn=CAR-001-BR-07 -> "CARCAÇA Bruto"
[2025-12-21T04:30:21.182357] Updated id=34 pn=CAR-001-BR-08 -> "CARCAÇA Bruto"
[2025-12-21T04:30:21.182627] Updated id=35 pn=CAR-001-BR-09 -> "CARCAÇA Bruto"
[2025-12-21T04:30:21.182906] Updated id=36 pn=CAR-001-BR-10 -> "CARCAÇA Bruto"
[2025-12-21T04:30:21.183220] Updated id=57 pn=CAR-002-BR-01 -> "CARCAÇA - USINAGEM Bruto"
[2025-12-21T04:30:21.183479] Updated id=58 pn=CAR-002-BR-02 -> "CARCAÇA - USINAGEM Bruto"
[2025-12-21T04:30:21.183758] Updated id=59 pn=CAR-002-BR-03 -> "CARCAÇA - USINAGEM Bruto"
[2025-12-21T04:30:21.184023] Updated id=60 pn=CAR-002-BR-04 -> "CARCAÇA - USINAGEM Bruto"
[2025-12-21T04:30:21.184290] Updated id=61 pn=CAR-002-BR-05 -> "CARCAÇA - USINAGEM Bruto"
[2025-12-21T04:30:21.184586] Updated id=62 pn=CAR-002-BR-06 -> "CARCAÇA - USINAGEM Bruto"
[2025-12-21T04:30:21.184863] Updated id=63 pn=CAR-002-BR-07 -> "CARCAÇA - USINAGEM Bruto"
[2025-12-21T04:30:21.185367] Updated id=64 pn=CAR-002-BR-08 -> "CARCAÇA - USINAGEM Bruto"
[2025-12-21T04:30:21.186000] Updated id=65 pn=CAR-002-BR-09 -> "CARCAÇA - USINAGEM Bruto"
[2025-12-21T04:30:21.186416] Updated id=66 pn=CAR-002-BR-10 -> "CARCAÇA - USINAGEM Bruto"
[2025-12-21T04:30:21.186888] Updated id=87 pn=TAM-001-BR-01 -> "TAMPA DA DIREÇÃO Bruto"
[2025-12-21T04:30:21.187492] Updated id=88 pn=TAM-001-BR-02 -> "TAMPA DA DIREÇÃO Bruto"
[2025-12-21T04:30:21.187883] Updated id=89 pn=TAM-001-BR-03 -> "TAMPA DA DIREÇÃO Bruto"
[2025-12-21T04:30:21.188305] Updated id=90 pn=TAM-001-BR-04 -> "TAMPA DA DIREÇÃO Bruto"
[2025-12-21T04:30:21.188690] Updated id=91 pn=TAM-001-BR-05 -> "TAMPA DA DIREÇÃO Bruto"
[2025-12-21T04:30:21.189052] Updated id=92 pn=TAM-001-BR-06 -> "TAMPA DA DIREÇÃO Bruto"
[2025-12-21T04:30:21.189515] Updated id=93 pn=TAM-001-BR-07 -> "TAMPA DA DIREÇÃO Bruto"
[2025-12-21T04:30:21.189874] Updated id=94 pn=TAM-001-BR-08 -> "TAMPA DA DIREÇÃO Bruto"
[2025-12-21T04:30:21.190264] Updated id=95 pn=TAM-001-BR-09 -> "TAMPA DA DIREÇÃO Bruto"
[2025-12-21T04:30:21.190640] Updated id=96 pn=TAM-001-BR-10 -> "TAMPA DA DIREÇÃO Bruto"
[2025-12-21T04:30:21.191022] Updated id=117 pn=TAM-002-BR-01 -> "TAMPA DA DIREÇÃO Bruto"
[2025-12-21T04:30:21.191314] Updated id=118 pn=TAM-002-BR-02 -> "TAMPA DA DIREÇÃO Bruto"
[2025-12-21T04:30:21.191627] Updated id=119 pn=TAM-002-BR-03 -> "TAMPA DA DIREÇÃO Bruto"
[2025-12-21T04:30:21.191976] Updated id=120 pn=TAM-002-BR-04 -> "TAMPA DA DIREÇÃO Bruto"
[2025-12-21T04:30:21.192262] Updated id=121 pn=TAM-002-BR-05 -> "TAMPA DA DIREÇÃO Bruto"
[2025-12-21T04:30:21.192825] Updated id=122 pn=TAM-002-BR-06 -> "TAMPA DA DIREÇÃO Bruto"
[2025-12-21T04:30:21.193117] Updated id=123 pn=TAM-002-BR-07 -> "TAMPA DA DIREÇÃO Bruto"
[2025-12-21T04:30:21.193398] Updated id=124 pn=TAM-002-BR-08 -> "TAMPA DA DIREÇÃO Bruto"
[2025-12-21T04:30:21.193703] Updated id=125 pn=TAM-002-BR-09 -> "TAMPA DA DIREÇÃO Bruto"
[2025-12-21T04:30:21.194017] Updated id=126 pn=TAM-002-BR-10 -> "TAMPA DA DIREÇÃO Bruto"
[2025-12-21T04:30:21.194353] Updated id=147 pn=TAM-003-BR-01 -> "TAMPA DA DIREÇÃO Bruto"
[2025-12-21T04:30:21.194658] Updated id=148 pn=TAM-003-BR-02 -> "TAMPA DA DIREÇÃO Bruto"
[2025-12-21T04:30:21.194934] Updated id=149 pn=TAM-003-BR-03 -> "TAMPA DA DIREÇÃO Bruto"
[2025-12-21T04:30:21.195250] Updated id=150 pn=TAM-003-BR-04 -> "TAMPA DA DIREÇÃO Bruto"
[2025-12-21T04:30:21.195555] Updated id=151 pn=TAM-003-BR-05 -> "TAMPA DA DIREÇÃO Bruto"
[2025-12-21T04:30:21.195897] Updated id=152 pn=TAM-003-BR-06 -> "TAMPA DA DIREÇÃO Bruto"
[2025-12-21T04:30:21.196235] Updated id=153 pn=TAM-003-BR-07 -> "TAMPA DA DIREÇÃO Bruto"
[2025-12-21T04:30:21.196501] Updated id=154 pn=TAM-003-BR-08 -> "TAMPA DA DIREÇÃO Bruto"
[2025-12-21T04:30:21.196860] Updated id=155 pn=TAM-003-BR-09 -> "TAMPA DA DIREÇÃO Bruto"
[2025-12-21T04:30:21.197225] Updated id=156 pn=TAM-003-BR-10 -> "TAMPA DA DIREÇÃO Bruto"
[2025-12-21T04:30:21.197756] Updated id=177 pn=EIX-001-BR-01 -> "EIXO SETOR Bruto"
[2025-12-21T04:30:21.198143] Updated id=178 pn=EIX-001-BR-02 -> "EIXO SETOR Bruto"
[2025-12-21T04:30:21.198476] Updated id=179 pn=EIX-001-BR-03 -> "EIXO SETOR Bruto"
[2025-12-21T04:30:21.198765] Updated id=180 pn=EIX-001-BR-04 -> "EIXO SETOR Bruto"
[2025-12-21T04:30:21.199159] Updated id=181 pn=EIX-001-BR-05 -> "EIXO SETOR Bruto"
[2025-12-21T04:30:21.199491] Updated id=182 pn=EIX-001-BR-06 -> "EIXO SETOR Bruto"
[2025-12-21T04:30:21.199838] Updated id=183 pn=EIX-001-BR-07 -> "EIXO SETOR Bruto"
[2025-12-21T04:30:21.200292] Updated id=184 pn=EIX-001-BR-08 -> "EIXO SETOR Bruto"
[2025-12-21T04:30:21.200690] Updated id=185 pn=EIX-001-BR-09 -> "EIXO SETOR Bruto"
[2025-12-21T04:30:21.201003] Updated id=186 pn=EIX-001-BR-10 -> "EIXO SETOR Bruto"
[2025-12-21T04:30:21.201377] Updated id=207 pn=VAL-001-BR-01 -> "VÁLVULA ROTATIVA Bruto"
[2025-12-21T04:30:21.201661] Updated id=208 pn=VAL-001-BR-02 -> "VÁLVULA ROTATIVA Bruto"
[2025-12-21T04:30:21.202107] Updated id=209 pn=VAL-001-BR-03 -> "VÁLVULA ROTATIVA Bruto"
[2025-12-21T04:30:21.202434] Updated id=210 pn=VAL-001-BR-04 -> "VÁLVULA ROTATIVA Bruto"
[2025-12-21T04:30:21.202767] Updated id=211 pn=VAL-001-BR-05 -> "VÁLVULA ROTATIVA Bruto"
[2025-12-21T04:30:21.203115] Updated id=212 pn=VAL-001-BR-06 -> "VÁLVULA ROTATIVA Bruto"
[2025-12-21T04:30:21.203524] Updated id=213 pn=VAL-001-BR-07 -> "VÁLVULA ROTATIVA Bruto"
[2025-12-21T04:30:21.203847] Updated id=214 pn=VAL-001-BR-08 -> "VÁLVULA ROTATIVA Bruto"
[2025-12-21T04:30:21.204167] Updated id=215 pn=VAL-001-BR-09 -> "VÁLVULA ROTATIVA Bruto"
[2025-12-21T04:30:21.204498] Updated id=216 pn=VAL-001-BR-10 -> "VÁLVULA ROTATIVA Bruto"
[2025-12-21T04:30:21.204856] Updated id=237 pn=PIS-001-BR-01 -> "PISTÃO Bruto"
[2025-12-21T04:30:21.205170] Updated id=238 pn=PIS-001-BR-02 -> "PISTÃO Bruto"
[2025-12-21T04:30:21.205465] Updated id=239 pn=PIS-001-BR-03 -> "PISTÃO Bruto"
[2025-12-21T04:30:21.205875] Updated id=240 pn=PIS-001-BR-04 -> "PISTÃO Bruto"
[2025-12-21T04:30:21.206227] Updated id=241 pn=PIS-001-BR-05 -> "PISTÃO Bruto"
[2025-12-21T04:30:21.206512] Updated id=242 pn=PIS-001-BR-06 -> "PISTÃO Bruto"
[2025-12-21T04:30:21.206835] Updated id=243 pn=PIS-001-BR-07 -> "PISTÃO Bruto"
[2025-12-21T04:30:21.207303] Updated id=244 pn=PIS-001-BR-08 -> "PISTÃO Bruto"
[2025-12-21T04:30:21.207770] Updated id=245 pn=PIS-001-BR-09 -> "PISTÃO Bruto"
[2025-12-21T04:30:21.208147] Updated id=246 pn=PIS-001-BR-10 -> "PISTÃO Bruto"
[2025-12-21T04:30:21.208529] Updated id=267 pn=PIS-002-BR-01 -> "PISTÃO Bruto"
[2025-12-21T04:30:21.208949] Updated id=268 pn=PIS-002-BR-02 -> "PISTÃO Bruto"
[2025-12-21T04:30:21.209262] Updated id=269 pn=PIS-002-BR-03 -> "PISTÃO Bruto"
[2025-12-21T04:30:21.209583] Updated id=270 pn=PIS-002-BR-04 -> "PISTÃO Bruto"
[2025-12-21T04:30:21.209929] Updated id=271 pn=PIS-002-BR-05 -> "PISTÃO Bruto"
[2025-12-21T04:30:21.210369] Updated id=272 pn=PIS-002-BR-06 -> "PISTÃO Bruto"
[2025-12-21T04:30:21.210676] Updated id=273 pn=PIS-002-BR-07 -> "PISTÃO Bruto"
[2025-12-21T04:30:21.211102] Updated id=274 pn=PIS-002-BR-08 -> "PISTÃO Bruto"
[2025-12-21T04:30:21.211481] Updated id=275 pn=PIS-002-BR-09 -> "PISTÃO Bruto"
[2025-12-21T04:30:21.211931] Updated id=276 pn=PIS-002-BR-10 -> "PISTÃO Bruto"
[2025-12-21T04:30:21.212490] Updated id=337 pn=SF-001-BR-01 -> "SEM-FIM Bruto"
[2025-12-21T04:30:21.212931] Updated id=338 pn=SF-001-BR-02 -> "SEM-FIM Bruto"
[2025-12-21T04:30:21.213285] Updated id=339 pn=SF-001-BR-03 -> "SEM-FIM Bruto"
[2025-12-21T04:30:21.213590] Updated id=340 pn=SF-001-BR-04 -> "SEM-FIM Bruto"
[2025-12-21T04:30:21.213990] Updated id=341 pn=SF-001-BR-05 -> "SEM-FIM Bruto"
[2025-12-21T04:30:21.214297] Updated id=342 pn=SF-001-BR-06 -> "SEM-FIM Bruto"
[2025-12-21T04:30:21.214687] Updated id=343 pn=SF-001-BR-07 -> "SEM-FIM Bruto"
[2025-12-21T04:30:21.215022] Updated id=344 pn=SF-001-BR-08 -> "SEM-FIM Bruto"
[2025-12-21T04:30:21.215460] Updated id=345 pn=SF-001-BR-09 -> "SEM-FIM Bruto"
[2025-12-21T04:30:21.215865] Updated id=346 pn=SF-001-BR-10 -> "SEM-FIM Bruto"
[2025-12-21T04:30:21.216287] Updated id=367 pn=PART-MB-001-BR-01 -> "CAIXA DE DIREÇÃO HIDRÁULICA - MERCEDES-BENZ DO BRASIL Bruto"
[2025-12-21T04:30:21.216682] Updated id=368 pn=PART-MB-001-BR-02 -> "CAIXA DE DIREÇÃO HIDRÁULICA - MERCEDES-BENZ DO BRASIL Bruto"
[2025-12-21T04:30:21.217254] Updated id=369 pn=PART-MB-001-BR-03 -> "CAIXA DE DIREÇÃO HIDRÁULICA - MERCEDES-BENZ DO BRASIL Bruto"
[2025-12-21T04:30:21.217679] Updated id=370 pn=PART-MB-001-BR-04 -> "CAIXA DE DIREÇÃO HIDRÁULICA - MERCEDES-BENZ DO BRASIL Bruto"
[2025-12-21T04:30:21.218023] Updated id=371 pn=PART-MB-001-BR-05 -> "CAIXA DE DIREÇÃO HIDRÁULICA - MERCEDES-BENZ DO BRASIL Bruto"
[2025-12-21T04:30:21.218359] Updated id=372 pn=PART-MB-001-BR-06 -> "CAIXA DE DIREÇÃO HIDRÁULICA - MERCEDES-BENZ DO BRASIL Bruto"
[2025-12-21T04:30:21.218761] Updated id=373 pn=PART-MB-001-BR-07 -> "CAIXA DE DIREÇÃO HIDRÁULICA - MERCEDES-BENZ DO BRASIL Bruto"
[2025-12-21T04:30:21.219130] Updated id=374 pn=PART-MB-001-BR-08 -> "CAIXA DE DIREÇÃO HIDRÁULICA - MERCEDES-BENZ DO BRASIL Bruto"
[2025-12-21T04:30:21.219481] Updated id=375 pn=PART-MB-001-BR-09 -> "CAIXA DE DIREÇÃO HIDRÁULICA - MERCEDES-BENZ DO BRASIL Bruto"
[2025-12-21T04:30:21.219856] Updated id=376 pn=PART-MB-001-BR-10 -> "CAIXA DE DIREÇÃO HIDRÁULICA - MERCEDES-BENZ DO BRASIL Bruto"
[2025-12-21T04:30:21.220442] Updated id=397 pn=PART-MB-002-BR-01 -> "CAIXA DE DIREÇÃO HIDRÁULICA - MERCEDES-BENZ DO BRASIL Bruto"
[2025-12-21T04:30:21.220884] Updated id=398 pn=PART-MB-002-BR-02 -> "CAIXA DE DIREÇÃO HIDRÁULICA - MERCEDES-BENZ DO BRASIL Bruto"
[2025-12-21T04:30:21.221325] Updated id=399 pn=PART-MB-002-BR-03 -> "CAIXA DE DIREÇÃO HIDRÁULICA - MERCEDES-BENZ DO BRASIL Bruto"
[2025-12-21T04:30:21.221735] Updated id=400 pn=PART-MB-002-BR-04 -> "CAIXA DE DIREÇÃO HIDRÁULICA - MERCEDES-BENZ DO BRASIL Bruto"
[2025-12-21T04:30:21.222144] Updated id=401 pn=PART-MB-002-BR-05 -> "CAIXA DE DIREÇÃO HIDRÁULICA - MERCEDES-BENZ DO BRASIL Bruto"
[2025-12-21T04:30:21.222476] Updated id=402 pn=PART-MB-002-BR-06 -> "CAIXA DE DIREÇÃO HIDRÁULICA - MERCEDES-BENZ DO BRASIL Bruto"
[2025-12-21T04:30:21.222838] Updated id=403 pn=PART-MB-002-BR-07 -> "CAIXA DE DIREÇÃO HIDRÁULICA - MERCEDES-BENZ DO BRASIL Bruto"
[2025-12-21T04:30:21.223258] Updated id=404 pn=PART-MB-002-BR-08 -> "CAIXA DE DIREÇÃO HIDRÁULICA - MERCEDES-BENZ DO BRASIL Bruto"
[2025-12-21T04:30:21.223660] Updated id=405 pn=PART-MB-002-BR-09 -> "CAIXA DE DIREÇÃO HIDRÁULICA - MERCEDES-BENZ DO BRASIL Bruto"
[2025-12-21T04:30:21.224044] Updated id=406 pn=PART-MB-002-BR-10 -> "CAIXA DE DIREÇÃO HIDRÁULICA - MERCEDES-BENZ DO BRASIL Bruto"
[2025-12-21T04:30:21.224619] Updated id=427 pn=PART-VOL-001-BR-01 -> "CAIXA DE DIREÇÃO HIDRÁULICA - VOLVO CAMINHÕES BRASIL Bruto"
[2025-12-21T04:30:21.224994] Updated id=428 pn=PART-VOL-001-BR-02 -> "CAIXA DE DIREÇÃO HIDRÁULICA - VOLVO CAMINHÕES BRASIL Bruto"
[2025-12-21T04:30:21.225367] Updated id=429 pn=PART-VOL-001-BR-03 -> "CAIXA DE DIREÇÃO HIDRÁULICA - VOLVO CAMINHÕES BRASIL Bruto"
[2025-12-21T04:30:21.225776] Updated id=430 pn=PART-VOL-001-BR-04 -> "CAIXA DE DIREÇÃO HIDRÁULICA - VOLVO CAMINHÕES BRASIL Bruto"
[2025-12-21T04:30:21.226183] Updated id=431 pn=PART-VOL-001-BR-05 -> "CAIXA DE DIREÇÃO HIDRÁULICA - VOLVO CAMINHÕES BRASIL Bruto"
[2025-12-21T04:30:21.226546] Updated id=432 pn=PART-VOL-001-BR-06 -> "CAIXA DE DIREÇÃO HIDRÁULICA - VOLVO CAMINHÕES BRASIL Bruto"
[2025-12-21T04:30:21.226936] Updated id=433 pn=PART-VOL-001-BR-07 -> "CAIXA DE DIREÇÃO HIDRÁULICA - VOLVO CAMINHÕES BRASIL Bruto"
[2025-12-21T04:30:21.227333] Updated id=434 pn=PART-VOL-001-BR-08 -> "CAIXA DE DIREÇÃO HIDRÁULICA - VOLVO CAMINHÕES BRASIL Bruto"
[2025-12-21T04:30:21.227680] Updated id=435 pn=PART-VOL-001-BR-09 -> "CAIXA DE DIREÇÃO HIDRÁULICA - VOLVO CAMINHÕES BRASIL Bruto"
[2025-12-21T04:30:21.228043] Updated id=436 pn=PART-VOL-001-BR-10 -> "CAIXA DE DIREÇÃO HIDRÁULICA - VOLVO CAMINHÕES BRASIL Bruto"
[2025-12-21T04:30:21.228469] Updated id=457 pn=PART-VOL-002-BR-01 -> "CAIXA DE DIREÇÃO HIDRÁULICA - VOLVO CAMINHÕES BRASIL Bruto"
[2025-12-21T04:30:21.228818] Updated id=458 pn=PART-VOL-002-BR-02 -> "CAIXA DE DIREÇÃO HIDRÁULICA - VOLVO CAMINHÕES BRASIL Bruto"
[2025-12-21T04:30:21.229146] Updated id=459 pn=PART-VOL-002-BR-03 -> "CAIXA DE DIREÇÃO HIDRÁULICA - VOLVO CAMINHÕES BRASIL Bruto"
[2025-12-21T04:30:21.231950] Updated id=460 pn=PART-VOL-002-BR-04 -> "CAIXA DE DIREÇÃO HIDRÁULICA - VOLVO CAMINHÕES BRASIL Bruto"
[2025-12-21T04:30:21.236014] Updated id=461 pn=PART-VOL-002-BR-05 -> "CAIXA DE DIREÇÃO HIDRÁULICA - VOLVO CAMINHÕES BRASIL Bruto"
[2025-12-21T04:30:21.238812] Updated id=462 pn=PART-VOL-002-BR-06 -> "CAIXA DE DIREÇÃO HIDRÁULICA - VOLVO CAMINHÕES BRASIL Bruto"
[2025-12-21T04:30:21.239909] Updated id=463 pn=PART-VOL-002-BR-07 -> "CAIXA DE DIREÇÃO HIDRÁULICA - VOLVO CAMINHÕES BRASIL Bruto"
[2025-12-21T04:30:21.240449] Updated id=464 pn=PART-VOL-002-BR-08 -> "CAIXA DE DIREÇÃO HIDRÁULICA - VOLVO CAMINHÕES BRASIL Bruto"
[2025-12-21T04:30:21.240874] Updated id=465 pn=PART-VOL-002-BR-09 -> "CAIXA DE DIREÇÃO HIDRÁULICA - VOLVO CAMINHÕES BRASIL Bruto"
[2025-12-21T04:30:21.241344] Updated id=466 pn=PART-VOL-002-BR-10 -> "CAIXA DE DIREÇÃO HIDRÁULICA - VOLVO CAMINHÕES BRASIL Bruto"
[2025-12-21T04:30:21.242189] Updated id=487 pn=PART-SCA-001-BR-01 -> "CAIXA DE DIREÇÃO HIDRÁULICA - SCANIA DO BRASIL Bruto"
[2025-12-21T04:30:21.242834] Updated id=488 pn=PART-SCA-001-BR-02 -> "CAIXA DE DIREÇÃO HIDRÁULICA - SCANIA DO BRASIL Bruto"
[2025-12-21T04:30:21.243487] Updated id=489 pn=PART-SCA-001-BR-03 -> "CAIXA DE DIREÇÃO HIDRÁULICA - SCANIA DO BRASIL Bruto"
[2025-12-21T04:30:21.243921] Updated id=490 pn=PART-SCA-001-BR-04 -> "CAIXA DE DIREÇÃO HIDRÁULICA - SCANIA DO BRASIL Bruto"
[2025-12-21T04:30:21.244440] Updated id=491 pn=PART-SCA-001-BR-05 -> "CAIXA DE DIREÇÃO HIDRÁULICA - SCANIA DO BRASIL Bruto"
[2025-12-21T04:30:21.245087] Updated id=492 pn=PART-SCA-001-BR-06 -> "CAIXA DE DIREÇÃO HIDRÁULICA - SCANIA DO BRASIL Bruto"
[2025-12-21T04:30:21.245625] Updated id=493 pn=PART-SCA-001-BR-07 -> "CAIXA DE DIREÇÃO HIDRÁULICA - SCANIA DO BRASIL Bruto"
[2025-12-21T04:30:21.246154] Updated id=494 pn=PART-SCA-001-BR-08 -> "CAIXA DE DIREÇÃO HIDRÁULICA - SCANIA DO BRASIL Bruto"
[2025-12-21T04:30:21.246610] Updated id=495 pn=PART-SCA-001-BR-09 -> "CAIXA DE DIREÇÃO HIDRÁULICA - SCANIA DO BRASIL Bruto"
[2025-12-21T04:30:21.249475] Updated id=496 pn=PART-SCA-001-BR-10 -> "CAIXA DE DIREÇÃO HIDRÁULICA - SCANIA DO BRASIL Bruto"
[2025-12-21T04:30:21.250057] Updated id=517 pn=PART-MAN-001-BR-01 -> "CAIXA DE DIREÇÃO HIDRÁULICA - MAN LATIN AMERICA Bruto"
[2025-12-21T04:30:21.251243] Updated id=518 pn=PART-MAN-001-BR-02 -> "CAIXA DE DIREÇÃO HIDRÁULICA - MAN LATIN AMERICA Bruto"
[2025-12-21T04:30:21.252231] Updated id=519 pn=PART-MAN-001-BR-03 -> "CAIXA DE DIREÇÃO HIDRÁULICA - MAN LATIN AMERICA Bruto"
[2025-12-21T04:30:21.254247] Updated id=520 pn=PART-MAN-001-BR-04 -> "CAIXA DE DIREÇÃO HIDRÁULICA - MAN LATIN AMERICA Bruto"
[2025-12-21T04:30:21.254977] Updated id=521 pn=PART-MAN-001-BR-05 -> "CAIXA DE DIREÇÃO HIDRÁULICA - MAN LATIN AMERICA Bruto"
[2025-12-21T04:30:21.255902] Updated id=522 pn=PART-MAN-001-BR-06 -> "CAIXA DE DIREÇÃO HIDRÁULICA - MAN LATIN AMERICA Bruto"
[2025-12-21T04:30:21.256568] Updated id=523 pn=PART-MAN-001-BR-07 -> "CAIXA DE DIREÇÃO HIDRÁULICA - MAN LATIN AMERICA Bruto"
[2025-12-21T04:30:21.258346] Updated id=524 pn=PART-MAN-001-BR-08 -> "CAIXA DE DIREÇÃO HIDRÁULICA - MAN LATIN AMERICA Bruto"
[2025-12-21T04:30:21.259222] Updated id=525 pn=PART-MAN-001-BR-09 -> "CAIXA DE DIREÇÃO HIDRÁULICA - MAN LATIN AMERICA Bruto"
[2025-12-21T04:30:21.260384] Updated id=526 pn=PART-MAN-001-BR-10 -> "CAIXA DE DIREÇÃO HIDRÁULICA - MAN LATIN AMERICA Bruto"
[2025-12-21T04:30:21.261282] Updated id=547 pn=PART-IVE-001-BR-01 -> "CAIXA DE DIREÇÃO HIDRÁULICA - IVECO LATIN AMERICA Bruto"
[2025-12-21T04:30:21.262138] Updated id=548 pn=PART-IVE-001-BR-02 -> "CAIXA DE DIREÇÃO HIDRÁULICA - IVECO LATIN AMERICA Bruto"
[2025-12-21T04:30:21.262950] Updated id=549 pn=PART-IVE-001-BR-03 -> "CAIXA DE DIREÇÃO HIDRÁULICA - IVECO LATIN AMERICA Bruto"
[2025-12-21T04:30:21.263379] Updated id=550 pn=PART-IVE-001-BR-04 -> "CAIXA DE DIREÇÃO HIDRÁULICA - IVECO LATIN AMERICA Bruto"
[2025-12-21T04:30:21.264271] Updated id=551 pn=PART-IVE-001-BR-05 -> "CAIXA DE DIREÇÃO HIDRÁULICA - IVECO LATIN AMERICA Bruto"
[2025-12-21T04:30:21.264851] Updated id=552 pn=PART-IVE-001-BR-06 -> "CAIXA DE DIREÇÃO HIDRÁULICA - IVECO LATIN AMERICA Bruto"
[2025-12-21T04:30:21.265335] Updated id=553 pn=PART-IVE-001-BR-07 -> "CAIXA DE DIREÇÃO HIDRÁULICA - IVECO LATIN AMERICA Bruto"
[2025-12-21T04:30:21.265792] Updated id=554 pn=PART-IVE-001-BR-08 -> "CAIXA DE DIREÇÃO HIDRÁULICA - IVECO LATIN AMERICA Bruto"
[2025-12-21T04:30:21.266737] Updated id=555 pn=PART-IVE-001-BR-09 -> "CAIXA DE DIREÇÃO HIDRÁULICA - IVECO LATIN AMERICA Bruto"
[2025-12-21T04:30:21.268183] Updated id=556 pn=PART-IVE-001-BR-10 -> "CAIXA DE DIREÇÃO HIDRÁULICA - IVECO LATIN AMERICA Bruto"
[2025-12-21T04:30:21.269281] Updated id=577 pn=PART-PAC-001-BR-01 -> "CAIXA DE DIREÇÃO HIDRÁULICA - PACCAR DO BRASIL Bruto"
[2025-12-21T04:30:21.269682] Updated id=578 pn=PART-PAC-001-BR-02 -> "CAIXA DE DIREÇÃO HIDRÁULICA - PACCAR DO BRASIL Bruto"
[2025-12-21T04:30:21.270248] Updated id=579 pn=PART-PAC-001-BR-03 -> "CAIXA DE DIREÇÃO HIDRÁULICA - PACCAR DO BRASIL Bruto"
[2025-12-21T04:30:21.270845] Updated id=580 pn=PART-PAC-001-BR-04 -> "CAIXA DE DIREÇÃO HIDRÁULICA - PACCAR DO BRASIL Bruto"
[2025-12-21T04:30:21.271567] Updated id=581 pn=PART-PAC-001-BR-05 -> "CAIXA DE DIREÇÃO HIDRÁULICA - PACCAR DO BRASIL Bruto"
[2025-12-21T04:30:21.271963] Updated id=582 pn=PART-PAC-001-BR-06 -> "CAIXA DE DIREÇÃO HIDRÁULICA - PACCAR DO BRASIL Bruto"
[2025-12-21T04:30:21.272413] Updated id=583 pn=PART-PAC-001-BR-07 -> "CAIXA DE DIREÇÃO HIDRÁULICA - PACCAR DO BRASIL Bruto"
[2025-12-21T04:30:21.272792] Updated id=584 pn=PART-PAC-001-BR-08 -> "CAIXA DE DIREÇÃO HIDRÁULICA - PACCAR DO BRASIL Bruto"
[2025-12-21T04:30:21.273911] Updated id=585 pn=PART-PAC-001-BR-09 -> "CAIXA DE DIREÇÃO HIDRÁULICA - PACCAR DO BRASIL Bruto"
[2025-12-21T04:30:21.274289] Updated id=586 pn=PART-PAC-001-BR-10 -> "CAIXA DE DIREÇÃO HIDRÁULICA - PACCAR DO BRASIL Bruto"
[2025-12-21T04:30:21.274803] Updated id=607 pn=PART-HYU-001-BR-01 -> "CAIXA DE DIREÇÃO HIDRÁULICA - HYUNDAI CAMINHÕES Bruto"
[2025-12-21T04:30:21.275318] Updated id=608 pn=PART-HYU-001-BR-02 -> "CAIXA DE DIREÇÃO HIDRÁULICA - HYUNDAI CAMINHÕES Bruto"
[2025-12-21T04:30:21.275723] Updated id=609 pn=PART-HYU-001-BR-03 -> "CAIXA DE DIREÇÃO HIDRÁULICA - HYUNDAI CAMINHÕES Bruto"
[2025-12-21T04:30:21.276154] Updated id=610 pn=PART-HYU-001-BR-04 -> "CAIXA DE DIREÇÃO HIDRÁULICA - HYUNDAI CAMINHÕES Bruto"
[2025-12-21T04:30:21.276721] Updated id=611 pn=PART-HYU-001-BR-05 -> "CAIXA DE DIREÇÃO HIDRÁULICA - HYUNDAI CAMINHÕES Bruto"
[2025-12-21T04:30:21.278676] Updated id=612 pn=PART-HYU-001-BR-06 -> "CAIXA DE DIREÇÃO HIDRÁULICA - HYUNDAI CAMINHÕES Bruto"
[2025-12-21T04:30:21.280449] Updated id=613 pn=PART-HYU-001-BR-07 -> "CAIXA DE DIREÇÃO HIDRÁULICA - HYUNDAI CAMINHÕES Bruto"
[2025-12-21T04:30:21.289842] Updated id=614 pn=PART-HYU-001-BR-08 -> "CAIXA DE DIREÇÃO HIDRÁULICA - HYUNDAI CAMINHÕES Bruto"
[2025-12-21T04:30:21.291760] Updated id=615 pn=PART-HYU-001-BR-09 -> "CAIXA DE DIREÇÃO HIDRÁULICA - HYUNDAI CAMINHÕES Bruto"
[2025-12-21T04:30:21.292951] Updated id=616 pn=PART-HYU-001-BR-10 -> "CAIXA DE DIREÇÃO HIDRÁULICA - HYUNDAI CAMINHÕES Bruto"
[2025-12-21T04:30:21.294064] Updated id=637 pn=PART-JAC-001-BR-01 -> "CAIXA DE DIREÇÃO HIDRÁULICA - JAC MOTORS BRASIL Bruto"
[2025-12-21T04:30:21.294463] Updated id=638 pn=PART-JAC-001-BR-02 -> "CAIXA DE DIREÇÃO HIDRÁULICA - JAC MOTORS BRASIL Bruto"
[2025-12-21T04:30:21.294875] Updated id=639 pn=PART-JAC-001-BR-03 -> "CAIXA DE DIREÇÃO HIDRÁULICA - JAC MOTORS BRASIL Bruto"
[2025-12-21T04:30:21.295289] Updated id=640 pn=PART-JAC-001-BR-04 -> "CAIXA DE DIREÇÃO HIDRÁULICA - JAC MOTORS BRASIL Bruto"
[2025-12-21T04:30:21.295649] Updated id=641 pn=PART-JAC-001-BR-05 -> "CAIXA DE DIREÇÃO HIDRÁULICA - JAC MOTORS BRASIL Bruto"
[2025-12-21T04:30:21.296004] Updated id=642 pn=PART-JAC-001-BR-06 -> "CAIXA DE DIREÇÃO HIDRÁULICA - JAC MOTORS BRASIL Bruto"
[2025-12-21T04:30:21.296553] Updated id=643 pn=PART-JAC-001-BR-07 -> "CAIXA DE DIREÇÃO HIDRÁULICA - JAC MOTORS BRASIL Bruto"
[2025-12-21T04:30:21.297552] Updated id=644 pn=PART-JAC-001-BR-08 -> "CAIXA DE DIREÇÃO HIDRÁULICA - JAC MOTORS BRASIL Bruto"
[2025-12-21T04:30:21.298070] Updated id=645 pn=PART-JAC-001-BR-09 -> "CAIXA DE DIREÇÃO HIDRÁULICA - JAC MOTORS BRASIL Bruto"
[2025-12-21T04:30:21.299099] Updated id=646 pn=PART-JAC-001-BR-10 -> "CAIXA DE DIREÇÃO HIDRÁULICA - JAC MOTORS BRASIL Bruto"
[2025-12-21T04:30:21.299698] Updated id=667 pn=PART-SHA-001-BR-01 -> "CAIXA DE DIREÇÃO HIDRÁULICA - SHACMAN BRASIL Bruto"
[2025-12-21T04:30:21.300126] Updated id=668 pn=PART-SHA-001-BR-02 -> "CAIXA DE DIREÇÃO HIDRÁULICA - SHACMAN BRASIL Bruto"
[2025-12-21T04:30:21.300662] Updated id=669 pn=PART-SHA-001-BR-03 -> "CAIXA DE DIREÇÃO HIDRÁULICA - SHACMAN BRASIL Bruto"
[2025-12-21T04:30:21.301152] Updated id=670 pn=PART-SHA-001-BR-04 -> "CAIXA DE DIREÇÃO HIDRÁULICA - SHACMAN BRASIL Bruto"
[2025-12-21T04:30:21.302010] Updated id=671 pn=PART-SHA-001-BR-05 -> "CAIXA DE DIREÇÃO HIDRÁULICA - SHACMAN BRASIL Bruto"
[2025-12-21T04:30:21.303496] Updated id=672 pn=PART-SHA-001-BR-06 -> "CAIXA DE DIREÇÃO HIDRÁULICA - SHACMAN BRASIL Bruto"
[2025-12-21T04:30:21.304216] Updated id=673 pn=PART-SHA-001-BR-07 -> "CAIXA DE DIREÇÃO HIDRÁULICA - SHACMAN BRASIL Bruto"
[2025-12-21T04:30:21.304663] Updated id=674 pn=PART-SHA-001-BR-08 -> "CAIXA DE DIREÇÃO HIDRÁULICA - SHACMAN BRASIL Bruto"
[2025-12-21T04:30:21.305118] Updated id=675 pn=PART-SHA-001-BR-09 -> "CAIXA DE DIREÇÃO HIDRÁULICA - SHACMAN BRASIL Bruto"
[2025-12-21T04:30:21.305448] Updated id=676 pn=PART-SHA-001-BR-10 -> "CAIXA DE DIREÇÃO HIDRÁULICA - SHACMAN BRASIL Bruto"
[2025-12-21T04:30:21.305944] Updated id=697 pn=PART-SIN-001-BR-01 -> "CAIXA DE DIREÇÃO HIDRÁULICA - SINOTRUK BRASIL Bruto"
[2025-12-21T04:30:21.306284] Updated id=698 pn=PART-SIN-001-BR-02 -> "CAIXA DE DIREÇÃO HIDRÁULICA - SINOTRUK BRASIL Bruto"
[2025-12-21T04:30:21.306607] Updated id=699 pn=PART-SIN-001-BR-03 -> "CAIXA DE DIREÇÃO HIDRÁULICA - SINOTRUK BRASIL Bruto"
[2025-12-21T04:30:21.307715] Updated id=700 pn=PART-SIN-001-BR-04 -> "CAIXA DE DIREÇÃO HIDRÁULICA - SINOTRUK BRASIL Bruto"
[2025-12-21T04:30:21.308860] Updated id=701 pn=PART-SIN-001-BR-05 -> "CAIXA DE DIREÇÃO HIDRÁULICA - SINOTRUK BRASIL Bruto"
[2025-12-21T04:30:21.309791] Updated id=702 pn=PART-SIN-001-BR-06 -> "CAIXA DE DIREÇÃO HIDRÁULICA - SINOTRUK BRASIL Bruto"
[2025-12-21T04:30:21.310250] Updated id=703 pn=PART-SIN-001-BR-07 -> "CAIXA DE DIREÇÃO HIDRÁULICA - SINOTRUK BRASIL Bruto"
[2025-12-21T04:30:21.310708] Updated id=704 pn=PART-SIN-001-BR-08 -> "CAIXA DE DIREÇÃO HIDRÁULICA - SINOTRUK BRASIL Bruto"
[2025-12-21T04:30:21.311152] Updated id=705 pn=PART-SIN-001-BR-09 -> "CAIXA DE DIREÇÃO HIDRÁULICA - SINOTRUK BRASIL Bruto"
[2025-12-21T04:30:21.311557] Updated id=706 pn=PART-SIN-001-BR-10 -> "CAIXA DE DIREÇÃO HIDRÁULICA - SINOTRUK BRASIL Bruto"
[2025-12-21T04:30:21.317828] Total updated descriptions: 220
[2025-12-21T04:30:21.321502] (726, 'PART-SIN-001-US-020', 'CAIXA DE DIREÇÃO HIDRÁULICA - SINOTRUK BRASIL Usinado')
[2025-12-21T04:30:21.323394] (725, 'PART-SIN-001-US-019', 'CAIXA DE DIREÇÃO HIDRÁULICA - SINOTRUK BRASIL Usinado')
[2025-12-21T04:30:21.324252] (724, 'PART-SIN-001-US-018', 'CAIXA DE DIREÇÃO HIDRÁULICA - SINOTRUK BRASIL Usinado')
[2025-12-21T04:30:21.324725] (723, 'PART-SIN-001-US-017', 'CAIXA DE DIREÇÃO HIDRÁULICA - SINOTRUK BRASIL Usinado')
[2025-12-21T04:30:21.325164] (722, 'PART-SIN-001-US-016', 'CAIXA DE DIREÇÃO HIDRÁULICA - SINOTRUK BRASIL Usinado')
[2025-12-21T04:30:21.325554] (721, 'PART-SIN-001-US-015', 'CAIXA DE DIREÇÃO HIDRÁULICA - SINOTRUK BRASIL Usinado')
[2025-12-21T04:30:21.326214] (720, 'PART-SIN-001-US-014', 'CAIXA DE DIREÇÃO HIDRÁULICA - SINOTRUK BRASIL Usinado')
[2025-12-21T04:30:21.326572] (719, 'PART-SIN-001-US-013', 'CAIXA DE DIREÇÃO HIDRÁULICA - SINOTRUK BRASIL Usinado')
[2025-12-21T04:30:21.327579] (718, 'PART-SIN-001-US-012', 'CAIXA DE DIREÇÃO HIDRÁULICA - SINOTRUK BRASIL Usinado')
[2025-12-21T04:30:21.327905] (717, 'PART-SIN-001-US-011', 'CAIXA DE DIREÇÃO HIDRÁULICA - SINOTRUK BRASIL Usinado')
